<?xml version="1.0" encoding="UTF-8" standalone="no"?>
<!DOCTYPE log SYSTEM "logger.dtd">
<log>
<record>
  <date>2019-04-03T12:45:37</date>
  <millis>1554275737431</millis>
  <sequence>0</sequence>
  <level>START</level>
  <class>com.kms.katalon.core.logging.XmlKeywordLogger</class>
  <method>startSuite</method>
  <thread>1</thread>
  <message>Start Test Suite : Test Suites/BasicDemoProduct/BasicDemoProduct</message>
  <nestedLevel>0</nestedLevel>
  <property name="name">BasicDemoProduct</property>
  <property name="description"></property>
  <property name="id">Test Suites/BasicDemoProduct/BasicDemoProduct</property>
</record>
<record>
  <date>2019-04-03T12:45:37</date>
  <millis>1554275737447</millis>
  <sequence>1</sequence>
  <level>RUN_DATA</level>
  <class>com.kms.katalon.core.logging.XmlKeywordLogger</class>
  <method>logMessage</method>
  <thread>1</thread>
  <message>hostName = dipak - DIPAKDAS-PC.indusnettechnologies.com</message>
  <nestedLevel>0</nestedLevel>
  <property name="hostName">dipak - DIPAKDAS-PC.indusnettechnologies.com</property>
</record>
<record>
  <date>2019-04-03T12:45:37</date>
  <millis>1554275737447</millis>
  <sequence>2</sequence>
  <level>RUN_DATA</level>
  <class>com.kms.katalon.core.logging.XmlKeywordLogger</class>
  <method>logMessage</method>
  <thread>1</thread>
  <message>os = Windows 7 32bit</message>
  <nestedLevel>0</nestedLevel>
  <property name="os">Windows 7 32bit</property>
</record>
<record>
  <date>2019-04-03T12:45:37</date>
  <millis>1554275737448</millis>
  <sequence>3</sequence>
  <level>RUN_DATA</level>
  <class>com.kms.katalon.core.logging.XmlKeywordLogger</class>
  <method>logMessage</method>
  <thread>1</thread>
  <message>hostAddress = 10.0.12.237</message>
  <nestedLevel>0</nestedLevel>
  <property name="hostAddress">10.0.12.237</property>
</record>
<record>
  <date>2019-04-03T12:45:37</date>
  <millis>1554275737449</millis>
  <sequence>4</sequence>
  <level>RUN_DATA</level>
  <class>com.kms.katalon.core.logging.XmlKeywordLogger</class>
  <method>logMessage</method>
  <thread>1</thread>
  <message>katalonVersion = 6.0.5.4</message>
  <nestedLevel>0</nestedLevel>
  <property name="katalonVersion">6.0.5.4</property>
</record>
<record>
  <date>2019-04-03T12:45:37</date>
  <millis>1554275737691</millis>
  <sequence>5</sequence>
  <level>START</level>
  <class>com.kms.katalon.core.logging.XmlKeywordLogger</class>
  <method>startTest</method>
  <thread>1</thread>
  <message>Start Test Case : Test Cases/BasicDemoProduct/BasicDemoProductData</message>
  <nestedLevel>1</nestedLevel>
  <property name="name">Test Cases/BasicDemoProduct/BasicDemoProductData</property>
  <property name="description"></property>
  <property name="id">Test Cases/BasicDemoProduct/BasicDemoProductData</property>
  <property name="source">E:\\MarkitCore\\Katalon\\MarkitCoreWebService\\Test Cases\\BasicDemoProduct\\BasicDemoProductData.tc</property>
  <property name="isOptional">false</property>
</record>
<record>
  <date>2019-04-03T12:45:37</date>
  <millis>1554275737725</millis>
  <sequence>7</sequence>
  <level>INFO</level>
  <class>com.kms.katalon.core.logging.XmlKeywordLogger</class>
  <method>logMessage</method>
  <thread>1</thread>
  <message>Type = Flat</message>
  <nestedLevel>1</nestedLevel>
</record>
<record>
  <date>2019-04-03T12:45:37</date>
  <millis>1554275737725</millis>
  <sequence>8</sequence>
  <level>INFO</level>
  <class>com.kms.katalon.core.logging.XmlKeywordLogger</class>
  <method>logMessage</method>
  <thread>1</thread>
  <message>BuildingSumInsure = 1000</message>
  <nestedLevel>1</nestedLevel>
</record>
<record>
  <date>2019-04-03T12:45:37</date>
  <millis>1554275737725</millis>
  <sequence>9</sequence>
  <level>INFO</level>
  <class>com.kms.katalon.core.logging.XmlKeywordLogger</class>
  <method>logMessage</method>
  <thread>1</thread>
  <message>NoOfRoom = 10</message>
  <nestedLevel>1</nestedLevel>
</record>
<record>
  <date>2019-04-03T12:45:37</date>
  <millis>1554275737726</millis>
  <sequence>10</sequence>
  <level>INFO</level>
  <class>com.kms.katalon.core.logging.XmlKeywordLogger</class>
  <method>logMessage</method>
  <thread>1</thread>
  <message>ContentSumInsure = 1000</message>
  <nestedLevel>1</nestedLevel>
</record>
<record>
  <date>2019-04-03T12:45:38</date>
  <millis>1554275738069</millis>
  <sequence>11</sequence>
  <level>START</level>
  <class>com.kms.katalon.core.logging.XmlKeywordLogger</class>
  <method>startKeyword</method>
  <thread>1</thread>
  <message>Start action : println(\&amp;quot;Using Type :\&amp;quot; + Type)</message>
  <nestedLevel>1</nestedLevel>
  <property name="startLine">17</property>
  <property name="stepIndex">1</property>
</record>
<record>
  <date>2019-04-03T12:45:38</date>
  <millis>1554275738073</millis>
  <sequence>12</sequence>
  <level>END</level>
  <class>com.kms.katalon.core.logging.XmlKeywordLogger</class>
  <method>endKeyword</method>
  <thread>1</thread>
  <message>End action : println(\&amp;quot;Using Type :\&amp;quot; + Type)</message>
  <nestedLevel>1</nestedLevel>
</record>
<record>
  <date>2019-04-03T12:45:38</date>
  <millis>1554275738073</millis>
  <sequence>13</sequence>
  <level>START</level>
  <class>com.kms.katalon.core.logging.XmlKeywordLogger</class>
  <method>startKeyword</method>
  <thread>1</thread>
  <message>Start action : logger = new com.kms.katalon.core.logging.KeywordLogger()</message>
  <nestedLevel>1</nestedLevel>
  <property name="startLine">19</property>
  <property name="stepIndex">2</property>
</record>
<record>
  <date>2019-04-03T12:45:38</date>
  <millis>1554275738077</millis>
  <sequence>14</sequence>
  <level>END</level>
  <class>com.kms.katalon.core.logging.XmlKeywordLogger</class>
  <method>endKeyword</method>
  <thread>1</thread>
  <message>End action : logger = new com.kms.katalon.core.logging.KeywordLogger()</message>
  <nestedLevel>1</nestedLevel>
</record>
<record>
  <date>2019-04-03T12:45:38</date>
  <millis>1554275738078</millis>
  <sequence>15</sequence>
  <level>START</level>
  <class>com.kms.katalon.core.logging.XmlKeywordLogger</class>
  <method>startKeyword</method>
  <thread>1</thread>
  <message>Start action : logger.logInfo(Type)</message>
  <nestedLevel>1</nestedLevel>
  <property name="startLine">20</property>
  <property name="stepIndex">3</property>
</record>
<record>
  <date>2019-04-03T12:45:38</date>
  <millis>1554275738079</millis>
  <sequence>16</sequence>
  <level>INFO</level>
  <class>com.kms.katalon.core.logging.XmlKeywordLogger</class>
  <method>logMessage</method>
  <thread>1</thread>
  <message>Flat</message>
  <nestedLevel>1</nestedLevel>
</record>
<record>
  <date>2019-04-03T12:45:38</date>
  <millis>1554275738079</millis>
  <sequence>17</sequence>
  <level>END</level>
  <class>com.kms.katalon.core.logging.XmlKeywordLogger</class>
  <method>endKeyword</method>
  <thread>1</thread>
  <message>End action : logger.logInfo(Type)</message>
  <nestedLevel>1</nestedLevel>
</record>
<record>
  <date>2019-04-03T12:45:38</date>
  <millis>1554275738079</millis>
  <sequence>18</sequence>
  <level>START</level>
  <class>com.kms.katalon.core.logging.XmlKeywordLogger</class>
  <method>startKeyword</method>
  <thread>1</thread>
  <message>Start action : sendRequest(findTestObject(\&amp;quot;BasicDemoProduct\&amp;quot;, [\&amp;quot;Type\&amp;quot;:Type, \&amp;quot;BuildingSumInsure\&amp;quot;:BuildingSumInsure, \&amp;quot;NoOfRoom\&amp;quot;:NoOfRoom, \&amp;quot;ContentSumInsure\&amp;quot;:ContentSumInsure]))</message>
  <nestedLevel>1</nestedLevel>
  <property name="startLine">22</property>
  <property name="stepIndex">4</property>
</record>
<record>
  <date>2019-04-03T12:45:47</date>
  <millis>1554275747022</millis>
  <sequence>22</sequence>
  <level>INFO</level>
  <class>com.kms.katalon.core.logging.XmlKeywordLogger</class>
  <method>logMessage</method>
  <thread>1</thread>
  <message>HAR: E:\\MarkitCore\\Katalon\\MarkitCoreWebService\\Reports\\BasicDemoProduct\\BasicDemoProduct\\20190403_124530\\requests\\main\\0.har</message>
  <nestedLevel>1</nestedLevel>
  <property name="harId">0b0c3f91-6c85-4915-972e-11182d67a42f</property>
</record>
<record>
  <date>2019-04-03T12:45:47</date>
  <millis>1554275747171</millis>
  <sequence>23</sequence>
  <level>PASSED</level>
  <class>com.kms.katalon.core.logging.XmlKeywordLogger</class>
  <method>logMessage</method>
  <thread>1</thread>
  <message>Send request successfully</message>
  <nestedLevel>1</nestedLevel>
</record>
<record>
  <date>2019-04-03T12:45:47</date>
  <millis>1554275747171</millis>
  <sequence>24</sequence>
  <level>END</level>
  <class>com.kms.katalon.core.logging.XmlKeywordLogger</class>
  <method>endKeyword</method>
  <thread>1</thread>
  <message>End action : sendRequest(findTestObject(\&amp;quot;BasicDemoProduct\&amp;quot;, [\&amp;quot;Type\&amp;quot;:Type, \&amp;quot;BuildingSumInsure\&amp;quot;:BuildingSumInsure, \&amp;quot;NoOfRoom\&amp;quot;:NoOfRoom, \&amp;quot;ContentSumInsure\&amp;quot;:ContentSumInsure]))</message>
  <nestedLevel>1</nestedLevel>
</record>
<record>
  <date>2019-04-03T12:45:47</date>
  <millis>1554275747172</millis>
  <sequence>25</sequence>
  <level>PASSED</level>
  <class>com.kms.katalon.core.logging.XmlKeywordLogger</class>
  <method>logMessage</method>
  <thread>1</thread>
  <message>Test Cases/BasicDemoProduct/BasicDemoProductData</message>
  <nestedLevel>1</nestedLevel>
</record>
<record>
  <date>2019-04-03T12:45:47</date>
  <millis>1554275747172</millis>
  <sequence>26</sequence>
  <level>END</level>
  <class>com.kms.katalon.core.logging.XmlKeywordLogger</class>
  <method>endTest</method>
  <thread>1</thread>
  <message>End Test Case : Test Cases/BasicDemoProduct/BasicDemoProductData</message>
  <nestedLevel>0</nestedLevel>
</record>
<record>
  <date>2019-04-03T12:45:47</date>
  <millis>1554275747198</millis>
  <sequence>27</sequence>
  <level>START</level>
  <class>com.kms.katalon.core.logging.XmlKeywordLogger</class>
  <method>startTest</method>
  <thread>1</thread>
  <message>Start Test Case : Test Cases/BasicDemoProduct/BasicDemoProductData</message>
  <nestedLevel>1</nestedLevel>
  <property name="name">Test Cases/BasicDemoProduct/BasicDemoProductData</property>
  <property name="description"></property>
  <property name="id">Test Cases/BasicDemoProduct/BasicDemoProductData</property>
  <property name="source">E:\\MarkitCore\\Katalon\\MarkitCoreWebService\\Test Cases\\BasicDemoProduct\\BasicDemoProductData.tc</property>
  <property name="isOptional">false</property>
</record>
<record>
  <date>2019-04-03T12:45:47</date>
  <millis>1554275747214</millis>
  <sequence>29</sequence>
  <level>INFO</level>
  <class>com.kms.katalon.core.logging.XmlKeywordLogger</class>
  <method>logMessage</method>
  <thread>1</thread>
  <message>Type = StandAlone</message>
  <nestedLevel>1</nestedLevel>
</record>
<record>
  <date>2019-04-03T12:45:47</date>
  <millis>1554275747214</millis>
  <sequence>30</sequence>
  <level>INFO</level>
  <class>com.kms.katalon.core.logging.XmlKeywordLogger</class>
  <method>logMessage</method>
  <thread>1</thread>
  <message>BuildingSumInsure = 2000</message>
  <nestedLevel>1</nestedLevel>
</record>
<record>
  <date>2019-04-03T12:45:47</date>
  <millis>1554275747215</millis>
  <sequence>31</sequence>
  <level>INFO</level>
  <class>com.kms.katalon.core.logging.XmlKeywordLogger</class>
  <method>logMessage</method>
  <thread>1</thread>
  <message>NoOfRoom = 5</message>
  <nestedLevel>1</nestedLevel>
</record>
<record>
  <date>2019-04-03T12:45:47</date>
  <millis>1554275747215</millis>
  <sequence>32</sequence>
  <level>INFO</level>
  <class>com.kms.katalon.core.logging.XmlKeywordLogger</class>
  <method>logMessage</method>
  <thread>1</thread>
  <message>ContentSumInsure = 1500</message>
  <nestedLevel>1</nestedLevel>
</record>
<record>
  <date>2019-04-03T12:45:47</date>
  <millis>1554275747216</millis>
  <sequence>33</sequence>
  <level>START</level>
  <class>com.kms.katalon.core.logging.XmlKeywordLogger</class>
  <method>startKeyword</method>
  <thread>1</thread>
  <message>Start action : println(\&amp;quot;Using Type :\&amp;quot; + Type)</message>
  <nestedLevel>1</nestedLevel>
  <property name="startLine">17</property>
  <property name="stepIndex">1</property>
</record>
<record>
  <date>2019-04-03T12:45:47</date>
  <millis>1554275747216</millis>
  <sequence>34</sequence>
  <level>END</level>
  <class>com.kms.katalon.core.logging.XmlKeywordLogger</class>
  <method>endKeyword</method>
  <thread>1</thread>
  <message>End action : println(\&amp;quot;Using Type :\&amp;quot; + Type)</message>
  <nestedLevel>1</nestedLevel>
</record>
<record>
  <date>2019-04-03T12:45:47</date>
  <millis>1554275747216</millis>
  <sequence>35</sequence>
  <level>START</level>
  <class>com.kms.katalon.core.logging.XmlKeywordLogger</class>
  <method>startKeyword</method>
  <thread>1</thread>
  <message>Start action : logger = new com.kms.katalon.core.logging.KeywordLogger()</message>
  <nestedLevel>1</nestedLevel>
  <property name="startLine">19</property>
  <property name="stepIndex">2</property>
</record>
<record>
  <date>2019-04-03T12:45:47</date>
  <millis>1554275747217</millis>
  <sequence>36</sequence>
  <level>END</level>
  <class>com.kms.katalon.core.logging.XmlKeywordLogger</class>
  <method>endKeyword</method>
  <thread>1</thread>
  <message>End action : logger = new com.kms.katalon.core.logging.KeywordLogger()</message>
  <nestedLevel>1</nestedLevel>
</record>
<record>
  <date>2019-04-03T12:45:47</date>
  <millis>1554275747217</millis>
  <sequence>37</sequence>
  <level>START</level>
  <class>com.kms.katalon.core.logging.XmlKeywordLogger</class>
  <method>startKeyword</method>
  <thread>1</thread>
  <message>Start action : logger.logInfo(Type)</message>
  <nestedLevel>1</nestedLevel>
  <property name="startLine">20</property>
  <property name="stepIndex">3</property>
</record>
<record>
  <date>2019-04-03T12:45:47</date>
  <millis>1554275747217</millis>
  <sequence>38</sequence>
  <level>INFO</level>
  <class>com.kms.katalon.core.logging.XmlKeywordLogger</class>
  <method>logMessage</method>
  <thread>1</thread>
  <message>StandAlone</message>
  <nestedLevel>1</nestedLevel>
</record>
<record>
  <date>2019-04-03T12:45:47</date>
  <millis>1554275747218</millis>
  <sequence>39</sequence>
  <level>END</level>
  <class>com.kms.katalon.core.logging.XmlKeywordLogger</class>
  <method>endKeyword</method>
  <thread>1</thread>
  <message>End action : logger.logInfo(Type)</message>
  <nestedLevel>1</nestedLevel>
</record>
<record>
  <date>2019-04-03T12:45:47</date>
  <millis>1554275747218</millis>
  <sequence>40</sequence>
  <level>START</level>
  <class>com.kms.katalon.core.logging.XmlKeywordLogger</class>
  <method>startKeyword</method>
  <thread>1</thread>
  <message>Start action : sendRequest(findTestObject(\&amp;quot;BasicDemoProduct\&amp;quot;, [\&amp;quot;Type\&amp;quot;:Type, \&amp;quot;BuildingSumInsure\&amp;quot;:BuildingSumInsure, \&amp;quot;NoOfRoom\&amp;quot;:NoOfRoom, \&amp;quot;ContentSumInsure\&amp;quot;:ContentSumInsure]))</message>
  <nestedLevel>1</nestedLevel>
  <property name="startLine">22</property>
  <property name="stepIndex">4</property>
</record>
<record>
  <date>2019-04-03T12:45:52</date>
  <millis>1554275752346</millis>
  <sequence>44</sequence>
  <level>INFO</level>
  <class>com.kms.katalon.core.logging.XmlKeywordLogger</class>
  <method>logMessage</method>
  <thread>1</thread>
  <message>HAR: E:\\MarkitCore\\Katalon\\MarkitCoreWebService\\Reports\\BasicDemoProduct\\BasicDemoProduct\\20190403_124530\\requests\\main\\1.har</message>
  <nestedLevel>1</nestedLevel>
  <property name="harId">a5a0387e-ec81-45e7-8679-25c0dbe2351e</property>
</record>
<record>
  <date>2019-04-03T12:45:52</date>
  <millis>1554275752374</millis>
  <sequence>45</sequence>
  <level>PASSED</level>
  <class>com.kms.katalon.core.logging.XmlKeywordLogger</class>
  <method>logMessage</method>
  <thread>1</thread>
  <message>Send request successfully</message>
  <nestedLevel>1</nestedLevel>
</record>
<record>
  <date>2019-04-03T12:45:52</date>
  <millis>1554275752374</millis>
  <sequence>46</sequence>
  <level>END</level>
  <class>com.kms.katalon.core.logging.XmlKeywordLogger</class>
  <method>endKeyword</method>
  <thread>1</thread>
  <message>End action : sendRequest(findTestObject(\&amp;quot;BasicDemoProduct\&amp;quot;, [\&amp;quot;Type\&amp;quot;:Type, \&amp;quot;BuildingSumInsure\&amp;quot;:BuildingSumInsure, \&amp;quot;NoOfRoom\&amp;quot;:NoOfRoom, \&amp;quot;ContentSumInsure\&amp;quot;:ContentSumInsure]))</message>
  <nestedLevel>1</nestedLevel>
</record>
<record>
  <date>2019-04-03T12:45:52</date>
  <millis>1554275752375</millis>
  <sequence>47</sequence>
  <level>PASSED</level>
  <class>com.kms.katalon.core.logging.XmlKeywordLogger</class>
  <method>logMessage</method>
  <thread>1</thread>
  <message>Test Cases/BasicDemoProduct/BasicDemoProductData</message>
  <nestedLevel>1</nestedLevel>
</record>
<record>
  <date>2019-04-03T12:45:52</date>
  <millis>1554275752375</millis>
  <sequence>48</sequence>
  <level>END</level>
  <class>com.kms.katalon.core.logging.XmlKeywordLogger</class>
  <method>endTest</method>
  <thread>1</thread>
  <message>End Test Case : Test Cases/BasicDemoProduct/BasicDemoProductData</message>
  <nestedLevel>0</nestedLevel>
</record>
<record>
  <date>2019-04-03T12:45:52</date>
  <millis>1554275752378</millis>
  <sequence>49</sequence>
  <level>START</level>
  <class>com.kms.katalon.core.logging.XmlKeywordLogger</class>
  <method>startTest</method>
  <thread>1</thread>
  <message>Start Test Case : Test Cases/BasicDemoProduct/BasicDemoProductData</message>
  <nestedLevel>1</nestedLevel>
  <property name="name">Test Cases/BasicDemoProduct/BasicDemoProductData</property>
  <property name="description"></property>
  <property name="id">Test Cases/BasicDemoProduct/BasicDemoProductData</property>
  <property name="source">E:\\MarkitCore\\Katalon\\MarkitCoreWebService\\Test Cases\\BasicDemoProduct\\BasicDemoProductData.tc</property>
  <property name="isOptional">false</property>
</record>
<record>
  <date>2019-04-03T12:45:52</date>
  <millis>1554275752382</millis>
  <sequence>51</sequence>
  <level>INFO</level>
  <class>com.kms.katalon.core.logging.XmlKeywordLogger</class>
  <method>logMessage</method>
  <thread>1</thread>
  <message>Type = Duplex</message>
  <nestedLevel>1</nestedLevel>
</record>
<record>
  <date>2019-04-03T12:45:52</date>
  <millis>1554275752383</millis>
  <sequence>52</sequence>
  <level>INFO</level>
  <class>com.kms.katalon.core.logging.XmlKeywordLogger</class>
  <method>logMessage</method>
  <thread>1</thread>
  <message>BuildingSumInsure = 3000</message>
  <nestedLevel>1</nestedLevel>
</record>
<record>
  <date>2019-04-03T12:45:52</date>
  <millis>1554275752383</millis>
  <sequence>53</sequence>
  <level>INFO</level>
  <class>com.kms.katalon.core.logging.XmlKeywordLogger</class>
  <method>logMessage</method>
  <thread>1</thread>
  <message>NoOfRoom = 4</message>
  <nestedLevel>1</nestedLevel>
</record>
<record>
  <date>2019-04-03T12:45:52</date>
  <millis>1554275752383</millis>
  <sequence>54</sequence>
  <level>INFO</level>
  <class>com.kms.katalon.core.logging.XmlKeywordLogger</class>
  <method>logMessage</method>
  <thread>1</thread>
  <message>ContentSumInsure = 2500</message>
  <nestedLevel>1</nestedLevel>
</record>
<record>
  <date>2019-04-03T12:45:52</date>
  <millis>1554275752384</millis>
  <sequence>55</sequence>
  <level>START</level>
  <class>com.kms.katalon.core.logging.XmlKeywordLogger</class>
  <method>startKeyword</method>
  <thread>1</thread>
  <message>Start action : println(\&amp;quot;Using Type :\&amp;quot; + Type)</message>
  <nestedLevel>1</nestedLevel>
  <property name="startLine">17</property>
  <property name="stepIndex">1</property>
</record>
<record>
  <date>2019-04-03T12:45:52</date>
  <millis>1554275752384</millis>
  <sequence>56</sequence>
  <level>END</level>
  <class>com.kms.katalon.core.logging.XmlKeywordLogger</class>
  <method>endKeyword</method>
  <thread>1</thread>
  <message>End action : println(\&amp;quot;Using Type :\&amp;quot; + Type)</message>
  <nestedLevel>1</nestedLevel>
</record>
<record>
  <date>2019-04-03T12:45:52</date>
  <millis>1554275752384</millis>
  <sequence>57</sequence>
  <level>START</level>
  <class>com.kms.katalon.core.logging.XmlKeywordLogger</class>
  <method>startKeyword</method>
  <thread>1</thread>
  <message>Start action : logger = new com.kms.katalon.core.logging.KeywordLogger()</message>
  <nestedLevel>1</nestedLevel>
  <property name="startLine">19</property>
  <property name="stepIndex">2</property>
</record>
<record>
  <date>2019-04-03T12:45:52</date>
  <millis>1554275752385</millis>
  <sequence>58</sequence>
  <level>END</level>
  <class>com.kms.katalon.core.logging.XmlKeywordLogger</class>
  <method>endKeyword</method>
  <thread>1</thread>
  <message>End action : logger = new com.kms.katalon.core.logging.KeywordLogger()</message>
  <nestedLevel>1</nestedLevel>
</record>
<record>
  <date>2019-04-03T12:45:52</date>
  <millis>1554275752385</millis>
  <sequence>59</sequence>
  <level>START</level>
  <class>com.kms.katalon.core.logging.XmlKeywordLogger</class>
  <method>startKeyword</method>
  <thread>1</thread>
  <message>Start action : logger.logInfo(Type)</message>
  <nestedLevel>1</nestedLevel>
  <property name="startLine">20</property>
  <property name="stepIndex">3</property>
</record>
<record>
  <date>2019-04-03T12:45:52</date>
  <millis>1554275752385</millis>
  <sequence>60</sequence>
  <level>INFO</level>
  <class>com.kms.katalon.core.logging.XmlKeywordLogger</class>
  <method>logMessage</method>
  <thread>1</thread>
  <message>Duplex</message>
  <nestedLevel>1</nestedLevel>
</record>
<record>
  <date>2019-04-03T12:45:52</date>
  <millis>1554275752386</millis>
  <sequence>61</sequence>
  <level>END</level>
  <class>com.kms.katalon.core.logging.XmlKeywordLogger</class>
  <method>endKeyword</method>
  <thread>1</thread>
  <message>End action : logger.logInfo(Type)</message>
  <nestedLevel>1</nestedLevel>
</record>
<record>
  <date>2019-04-03T12:45:52</date>
  <millis>1554275752386</millis>
  <sequence>62</sequence>
  <level>START</level>
  <class>com.kms.katalon.core.logging.XmlKeywordLogger</class>
  <method>startKeyword</method>
  <thread>1</thread>
  <message>Start action : sendRequest(findTestObject(\&amp;quot;BasicDemoProduct\&amp;quot;, [\&amp;quot;Type\&amp;quot;:Type, \&amp;quot;BuildingSumInsure\&amp;quot;:BuildingSumInsure, \&amp;quot;NoOfRoom\&amp;quot;:NoOfRoom, \&amp;quot;ContentSumInsure\&amp;quot;:ContentSumInsure]))</message>
  <nestedLevel>1</nestedLevel>
  <property name="startLine">22</property>
  <property name="stepIndex">4</property>
</record>
<record>
  <date>2019-04-03T12:45:55</date>
  <millis>1554275755855</millis>
  <sequence>66</sequence>
  <level>INFO</level>
  <class>com.kms.katalon.core.logging.XmlKeywordLogger</class>
  <method>logMessage</method>
  <thread>1</thread>
  <message>HAR: E:\\MarkitCore\\Katalon\\MarkitCoreWebService\\Reports\\BasicDemoProduct\\BasicDemoProduct\\20190403_124530\\requests\\main\\2.har</message>
  <nestedLevel>1</nestedLevel>
  <property name="harId">f25f44e6-e98d-452d-a890-d61779e3a90e</property>
</record>
<record>
  <date>2019-04-03T12:45:55</date>
  <millis>1554275755866</millis>
  <sequence>67</sequence>
  <level>PASSED</level>
  <class>com.kms.katalon.core.logging.XmlKeywordLogger</class>
  <method>logMessage</method>
  <thread>1</thread>
  <message>Send request successfully</message>
  <nestedLevel>1</nestedLevel>
</record>
<record>
  <date>2019-04-03T12:45:55</date>
  <millis>1554275755866</millis>
  <sequence>68</sequence>
  <level>END</level>
  <class>com.kms.katalon.core.logging.XmlKeywordLogger</class>
  <method>endKeyword</method>
  <thread>1</thread>
  <message>End action : sendRequest(findTestObject(\&amp;quot;BasicDemoProduct\&amp;quot;, [\&amp;quot;Type\&amp;quot;:Type, \&amp;quot;BuildingSumInsure\&amp;quot;:BuildingSumInsure, \&amp;quot;NoOfRoom\&amp;quot;:NoOfRoom, \&amp;quot;ContentSumInsure\&amp;quot;:ContentSumInsure]))</message>
  <nestedLevel>1</nestedLevel>
</record>
<record>
  <date>2019-04-03T12:45:55</date>
  <millis>1554275755867</millis>
  <sequence>69</sequence>
  <level>PASSED</level>
  <class>com.kms.katalon.core.logging.XmlKeywordLogger</class>
  <method>logMessage</method>
  <thread>1</thread>
  <message>Test Cases/BasicDemoProduct/BasicDemoProductData</message>
  <nestedLevel>1</nestedLevel>
</record>
<record>
  <date>2019-04-03T12:45:55</date>
  <millis>1554275755867</millis>
  <sequence>70</sequence>
  <level>END</level>
  <class>com.kms.katalon.core.logging.XmlKeywordLogger</class>
  <method>endTest</method>
  <thread>1</thread>
  <message>End Test Case : Test Cases/BasicDemoProduct/BasicDemoProductData</message>
  <nestedLevel>0</nestedLevel>
</record>
<record>
  <date>2019-04-03T12:45:55</date>
  <millis>1554275755872</millis>
  <sequence>71</sequence>
  <level>START</level>
  <class>com.kms.katalon.core.logging.XmlKeywordLogger</class>
  <method>startTest</method>
  <thread>1</thread>
  <message>Start Test Case : Test Cases/BasicDemoProduct/BasicDemoProductData</message>
  <nestedLevel>1</nestedLevel>
  <property name="name">Test Cases/BasicDemoProduct/BasicDemoProductData</property>
  <property name="description"></property>
  <property name="id">Test Cases/BasicDemoProduct/BasicDemoProductData</property>
  <property name="source">E:\\MarkitCore\\Katalon\\MarkitCoreWebService\\Test Cases\\BasicDemoProduct\\BasicDemoProductData.tc</property>
  <property name="isOptional">false</property>
</record>
<record>
  <date>2019-04-03T12:45:55</date>
  <millis>1554275755879</millis>
  <sequence>73</sequence>
  <level>INFO</level>
  <class>com.kms.katalon.core.logging.XmlKeywordLogger</class>
  <method>logMessage</method>
  <thread>1</thread>
  <message>Type = FirmHouse</message>
  <nestedLevel>1</nestedLevel>
</record>
<record>
  <date>2019-04-03T12:45:55</date>
  <millis>1554275755880</millis>
  <sequence>74</sequence>
  <level>INFO</level>
  <class>com.kms.katalon.core.logging.XmlKeywordLogger</class>
  <method>logMessage</method>
  <thread>1</thread>
  <message>BuildingSumInsure = 2000</message>
  <nestedLevel>1</nestedLevel>
</record>
<record>
  <date>2019-04-03T12:45:55</date>
  <millis>1554275755880</millis>
  <sequence>75</sequence>
  <level>INFO</level>
  <class>com.kms.katalon.core.logging.XmlKeywordLogger</class>
  <method>logMessage</method>
  <thread>1</thread>
  <message>NoOfRoom = 2</message>
  <nestedLevel>1</nestedLevel>
</record>
<record>
  <date>2019-04-03T12:45:55</date>
  <millis>1554275755881</millis>
  <sequence>76</sequence>
  <level>INFO</level>
  <class>com.kms.katalon.core.logging.XmlKeywordLogger</class>
  <method>logMessage</method>
  <thread>1</thread>
  <message>ContentSumInsure = 3000</message>
  <nestedLevel>1</nestedLevel>
</record>
<record>
  <date>2019-04-03T12:45:55</date>
  <millis>1554275755882</millis>
  <sequence>77</sequence>
  <level>START</level>
  <class>com.kms.katalon.core.logging.XmlKeywordLogger</class>
  <method>startKeyword</method>
  <thread>1</thread>
  <message>Start action : println(\&amp;quot;Using Type :\&amp;quot; + Type)</message>
  <nestedLevel>1</nestedLevel>
  <property name="startLine">17</property>
  <property name="stepIndex">1</property>
</record>
<record>
  <date>2019-04-03T12:45:55</date>
  <millis>1554275755883</millis>
  <sequence>78</sequence>
  <level>END</level>
  <class>com.kms.katalon.core.logging.XmlKeywordLogger</class>
  <method>endKeyword</method>
  <thread>1</thread>
  <message>End action : println(\&amp;quot;Using Type :\&amp;quot; + Type)</message>
  <nestedLevel>1</nestedLevel>
</record>
<record>
  <date>2019-04-03T12:45:55</date>
  <millis>1554275755884</millis>
  <sequence>79</sequence>
  <level>START</level>
  <class>com.kms.katalon.core.logging.XmlKeywordLogger</class>
  <method>startKeyword</method>
  <thread>1</thread>
  <message>Start action : logger = new com.kms.katalon.core.logging.KeywordLogger()</message>
  <nestedLevel>1</nestedLevel>
  <property name="startLine">19</property>
  <property name="stepIndex">2</property>
</record>
<record>
  <date>2019-04-03T12:45:55</date>
  <millis>1554275755884</millis>
  <sequence>80</sequence>
  <level>END</level>
  <class>com.kms.katalon.core.logging.XmlKeywordLogger</class>
  <method>endKeyword</method>
  <thread>1</thread>
  <message>End action : logger = new com.kms.katalon.core.logging.KeywordLogger()</message>
  <nestedLevel>1</nestedLevel>
</record>
<record>
  <date>2019-04-03T12:45:55</date>
  <millis>1554275755884</millis>
  <sequence>81</sequence>
  <level>START</level>
  <class>com.kms.katalon.core.logging.XmlKeywordLogger</class>
  <method>startKeyword</method>
  <thread>1</thread>
  <message>Start action : logger.logInfo(Type)</message>
  <nestedLevel>1</nestedLevel>
  <property name="startLine">20</property>
  <property name="stepIndex">3</property>
</record>
<record>
  <date>2019-04-03T12:45:55</date>
  <millis>1554275755885</millis>
  <sequence>82</sequence>
  <level>INFO</level>
  <class>com.kms.katalon.core.logging.XmlKeywordLogger</class>
  <method>logMessage</method>
  <thread>1</thread>
  <message>FirmHouse</message>
  <nestedLevel>1</nestedLevel>
</record>
<record>
  <date>2019-04-03T12:45:55</date>
  <millis>1554275755885</millis>
  <sequence>83</sequence>
  <level>END</level>
  <class>com.kms.katalon.core.logging.XmlKeywordLogger</class>
  <method>endKeyword</method>
  <thread>1</thread>
  <message>End action : logger.logInfo(Type)</message>
  <nestedLevel>1</nestedLevel>
</record>
<record>
  <date>2019-04-03T12:45:55</date>
  <millis>1554275755885</millis>
  <sequence>84</sequence>
  <level>START</level>
  <class>com.kms.katalon.core.logging.XmlKeywordLogger</class>
  <method>startKeyword</method>
  <thread>1</thread>
  <message>Start action : sendRequest(findTestObject(\&amp;quot;BasicDemoProduct\&amp;quot;, [\&amp;quot;Type\&amp;quot;:Type, \&amp;quot;BuildingSumInsure\&amp;quot;:BuildingSumInsure, \&amp;quot;NoOfRoom\&amp;quot;:NoOfRoom, \&amp;quot;ContentSumInsure\&amp;quot;:ContentSumInsure]))</message>
  <nestedLevel>1</nestedLevel>
  <property name="startLine">22</property>
  <property name="stepIndex">4</property>
</record>
<record>
  <date>2019-04-03T12:45:58</date>
  <millis>1554275758184</millis>
  <sequence>88</sequence>
  <level>INFO</level>
  <class>com.kms.katalon.core.logging.XmlKeywordLogger</class>
  <method>logMessage</method>
  <thread>1</thread>
  <message>HAR: E:\\MarkitCore\\Katalon\\MarkitCoreWebService\\Reports\\BasicDemoProduct\\BasicDemoProduct\\20190403_124530\\requests\\main\\3.har</message>
  <nestedLevel>1</nestedLevel>
  <property name="harId">f2000fbb-51a4-4224-8d8d-1ce48a085a69</property>
</record>
<record>
  <date>2019-04-03T12:45:58</date>
  <millis>1554275758190</millis>
  <sequence>89</sequence>
  <level>PASSED</level>
  <class>com.kms.katalon.core.logging.XmlKeywordLogger</class>
  <method>logMessage</method>
  <thread>1</thread>
  <message>Send request successfully</message>
  <nestedLevel>1</nestedLevel>
</record>
<record>
  <date>2019-04-03T12:45:58</date>
  <millis>1554275758190</millis>
  <sequence>90</sequence>
  <level>END</level>
  <class>com.kms.katalon.core.logging.XmlKeywordLogger</class>
  <method>endKeyword</method>
  <thread>1</thread>
  <message>End action : sendRequest(findTestObject(\&amp;quot;BasicDemoProduct\&amp;quot;, [\&amp;quot;Type\&amp;quot;:Type, \&amp;quot;BuildingSumInsure\&amp;quot;:BuildingSumInsure, \&amp;quot;NoOfRoom\&amp;quot;:NoOfRoom, \&amp;quot;ContentSumInsure\&amp;quot;:ContentSumInsure]))</message>
  <nestedLevel>1</nestedLevel>
</record>
<record>
  <date>2019-04-03T12:45:58</date>
  <millis>1554275758190</millis>
  <sequence>91</sequence>
  <level>PASSED</level>
  <class>com.kms.katalon.core.logging.XmlKeywordLogger</class>
  <method>logMessage</method>
  <thread>1</thread>
  <message>Test Cases/BasicDemoProduct/BasicDemoProductData</message>
  <nestedLevel>1</nestedLevel>
</record>
<record>
  <date>2019-04-03T12:45:58</date>
  <millis>1554275758191</millis>
  <sequence>92</sequence>
  <level>END</level>
  <class>com.kms.katalon.core.logging.XmlKeywordLogger</class>
  <method>endTest</method>
  <thread>1</thread>
  <message>End Test Case : Test Cases/BasicDemoProduct/BasicDemoProductData</message>
  <nestedLevel>0</nestedLevel>
</record>
<record>
  <date>2019-04-03T12:45:58</date>
  <millis>1554275758361</millis>
  <sequence>93</sequence>
  <level>END</level>
  <class>com.kms.katalon.core.logging.XmlKeywordLogger</class>
  <method>endSuite</method>
  <thread>1</thread>
  <message>End Test Suite : Test Suites/BasicDemoProduct/BasicDemoProduct</message>
  <nestedLevel>0</nestedLevel>
</record>
</log>