<?xml version="1.0" encoding="UTF-8" standalone="no"?>
<!DOCTYPE log SYSTEM "logger.dtd">
<log>
<record>
  <date>2019-04-01T16:00:33</date>
  <millis>1554114633963</millis>
  <sequence>0</sequence>
  <level>START</level>
  <class>com.kms.katalon.core.logging.XmlKeywordLogger</class>
  <method>startSuite</method>
  <thread>1</thread>
  <message>Start Test Suite : Test Suites/BasicDemoProduct/BasicDemoProduct</message>
  <nestedLevel>0</nestedLevel>
  <property name="name">BasicDemoProduct</property>
  <property name="description"></property>
  <property name="id">Test Suites/BasicDemoProduct/BasicDemoProduct</property>
</record>
<record>
  <date>2019-04-01T16:00:33</date>
  <millis>1554114633976</millis>
  <sequence>1</sequence>
  <level>RUN_DATA</level>
  <class>com.kms.katalon.core.logging.XmlKeywordLogger</class>
  <method>logMessage</method>
  <thread>1</thread>
  <message>hostName = dipak - DIPAKDAS-PC.indusnettechnologies.com</message>
  <nestedLevel>0</nestedLevel>
  <property name="hostName">dipak - DIPAKDAS-PC.indusnettechnologies.com</property>
</record>
<record>
  <date>2019-04-01T16:00:33</date>
  <millis>1554114633977</millis>
  <sequence>2</sequence>
  <level>RUN_DATA</level>
  <class>com.kms.katalon.core.logging.XmlKeywordLogger</class>
  <method>logMessage</method>
  <thread>1</thread>
  <message>os = Windows 7 32bit</message>
  <nestedLevel>0</nestedLevel>
  <property name="os">Windows 7 32bit</property>
</record>
<record>
  <date>2019-04-01T16:00:33</date>
  <millis>1554114633978</millis>
  <sequence>3</sequence>
  <level>RUN_DATA</level>
  <class>com.kms.katalon.core.logging.XmlKeywordLogger</class>
  <method>logMessage</method>
  <thread>1</thread>
  <message>hostAddress = 10.0.12.237</message>
  <nestedLevel>0</nestedLevel>
  <property name="hostAddress">10.0.12.237</property>
</record>
<record>
  <date>2019-04-01T16:00:33</date>
  <millis>1554114633979</millis>
  <sequence>4</sequence>
  <level>RUN_DATA</level>
  <class>com.kms.katalon.core.logging.XmlKeywordLogger</class>
  <method>logMessage</method>
  <thread>1</thread>
  <message>katalonVersion = 6.0.5.4</message>
  <nestedLevel>0</nestedLevel>
  <property name="katalonVersion">6.0.5.4</property>
</record>
<record>
  <date>2019-04-01T16:00:34</date>
  <millis>1554114634150</millis>
  <sequence>5</sequence>
  <level>START</level>
  <class>com.kms.katalon.core.logging.XmlKeywordLogger</class>
  <method>startTest</method>
  <thread>1</thread>
  <message>Start Test Case : Test Cases/BasicDemoProduct/BasicDemoProductData</message>
  <nestedLevel>1</nestedLevel>
  <property name="name">Test Cases/BasicDemoProduct/BasicDemoProductData</property>
  <property name="description"></property>
  <property name="id">Test Cases/BasicDemoProduct/BasicDemoProductData</property>
  <property name="source">E:\\MarkitCore\\Katalon\\MarkitCoreWebService\\Test Cases\\BasicDemoProduct\\BasicDemoProductData.tc</property>
  <property name="isOptional">false</property>
</record>
<record>
  <date>2019-04-01T16:00:34</date>
  <millis>1554114634164</millis>
  <sequence>7</sequence>
  <level>INFO</level>
  <class>com.kms.katalon.core.logging.XmlKeywordLogger</class>
  <method>logMessage</method>
  <thread>1</thread>
  <message>Type = Flat</message>
  <nestedLevel>1</nestedLevel>
</record>
<record>
  <date>2019-04-01T16:00:34</date>
  <millis>1554114634164</millis>
  <sequence>8</sequence>
  <level>INFO</level>
  <class>com.kms.katalon.core.logging.XmlKeywordLogger</class>
  <method>logMessage</method>
  <thread>1</thread>
  <message>BuildingSumInsure = 1000</message>
  <nestedLevel>1</nestedLevel>
</record>
<record>
  <date>2019-04-01T16:00:34</date>
  <millis>1554114634164</millis>
  <sequence>9</sequence>
  <level>INFO</level>
  <class>com.kms.katalon.core.logging.XmlKeywordLogger</class>
  <method>logMessage</method>
  <thread>1</thread>
  <message>NoOfRoom = 10</message>
  <nestedLevel>1</nestedLevel>
</record>
<record>
  <date>2019-04-01T16:00:34</date>
  <millis>1554114634165</millis>
  <sequence>10</sequence>
  <level>INFO</level>
  <class>com.kms.katalon.core.logging.XmlKeywordLogger</class>
  <method>logMessage</method>
  <thread>1</thread>
  <message>ContentSumInsure = 1000</message>
  <nestedLevel>1</nestedLevel>
</record>
<record>
  <date>2019-04-01T16:00:34</date>
  <millis>1554114634489</millis>
  <sequence>11</sequence>
  <level>START</level>
  <class>com.kms.katalon.core.logging.XmlKeywordLogger</class>
  <method>startKeyword</method>
  <thread>1</thread>
  <message>Start action : println(\&amp;quot;Using Type :\&amp;quot; + Type)</message>
  <nestedLevel>1</nestedLevel>
  <property name="startLine">16</property>
  <property name="stepIndex">1</property>
</record>
<record>
  <date>2019-04-01T16:00:34</date>
  <millis>1554114634493</millis>
  <sequence>12</sequence>
  <level>END</level>
  <class>com.kms.katalon.core.logging.XmlKeywordLogger</class>
  <method>endKeyword</method>
  <thread>1</thread>
  <message>End action : println(\&amp;quot;Using Type :\&amp;quot; + Type)</message>
  <nestedLevel>1</nestedLevel>
</record>
<record>
  <date>2019-04-01T16:00:34</date>
  <millis>1554114634493</millis>
  <sequence>13</sequence>
  <level>START</level>
  <class>com.kms.katalon.core.logging.XmlKeywordLogger</class>
  <method>startKeyword</method>
  <thread>1</thread>
  <message>Start action : sendRequest(findTestObject(\&amp;quot;BasicDemoProduct\&amp;quot;, [\&amp;quot;Type\&amp;quot;:Type, \&amp;quot;BuildingSumInsure\&amp;quot;:BuildingSumInsure, \&amp;quot;NoOfRoom\&amp;quot;:NoOfRoom, \&amp;quot;ContentSumInsure\&amp;quot;:ContentSumInsure]))</message>
  <nestedLevel>1</nestedLevel>
  <property name="startLine">17</property>
  <property name="stepIndex">2</property>
</record>
<record>
  <date>2019-04-01T16:00:39</date>
  <millis>1554114639404</millis>
  <sequence>17</sequence>
  <level>INFO</level>
  <class>com.kms.katalon.core.logging.XmlKeywordLogger</class>
  <method>logMessage</method>
  <thread>1</thread>
  <message>HAR: E:\\MarkitCore\\Katalon\\MarkitCoreWebService\\Reports\\BasicDemoProduct\\BasicDemoProduct\\20190401_160027\\requests\\main\\0.har</message>
  <nestedLevel>1</nestedLevel>
  <property name="harId">8fb149cc-d175-454c-8c3b-43a6ec18fcb4</property>
</record>
<record>
  <date>2019-04-01T16:00:39</date>
  <millis>1554114639485</millis>
  <sequence>18</sequence>
  <level>PASSED</level>
  <class>com.kms.katalon.core.logging.XmlKeywordLogger</class>
  <method>logMessage</method>
  <thread>1</thread>
  <message>Send request successfully</message>
  <nestedLevel>1</nestedLevel>
</record>
<record>
  <date>2019-04-01T16:00:39</date>
  <millis>1554114639485</millis>
  <sequence>19</sequence>
  <level>END</level>
  <class>com.kms.katalon.core.logging.XmlKeywordLogger</class>
  <method>endKeyword</method>
  <thread>1</thread>
  <message>End action : sendRequest(findTestObject(\&amp;quot;BasicDemoProduct\&amp;quot;, [\&amp;quot;Type\&amp;quot;:Type, \&amp;quot;BuildingSumInsure\&amp;quot;:BuildingSumInsure, \&amp;quot;NoOfRoom\&amp;quot;:NoOfRoom, \&amp;quot;ContentSumInsure\&amp;quot;:ContentSumInsure]))</message>
  <nestedLevel>1</nestedLevel>
</record>
<record>
  <date>2019-04-01T16:00:39</date>
  <millis>1554114639486</millis>
  <sequence>20</sequence>
  <level>PASSED</level>
  <class>com.kms.katalon.core.logging.XmlKeywordLogger</class>
  <method>logMessage</method>
  <thread>1</thread>
  <message>Test Cases/BasicDemoProduct/BasicDemoProductData</message>
  <nestedLevel>1</nestedLevel>
</record>
<record>
  <date>2019-04-01T16:00:39</date>
  <millis>1554114639486</millis>
  <sequence>21</sequence>
  <level>END</level>
  <class>com.kms.katalon.core.logging.XmlKeywordLogger</class>
  <method>endTest</method>
  <thread>1</thread>
  <message>End Test Case : Test Cases/BasicDemoProduct/BasicDemoProductData</message>
  <nestedLevel>0</nestedLevel>
</record>
<record>
  <date>2019-04-01T16:00:39</date>
  <millis>1554114639489</millis>
  <sequence>22</sequence>
  <level>START</level>
  <class>com.kms.katalon.core.logging.XmlKeywordLogger</class>
  <method>startTest</method>
  <thread>1</thread>
  <message>Start Test Case : Test Cases/BasicDemoProduct/BasicDemoProductData</message>
  <nestedLevel>1</nestedLevel>
  <property name="name">Test Cases/BasicDemoProduct/BasicDemoProductData</property>
  <property name="description"></property>
  <property name="id">Test Cases/BasicDemoProduct/BasicDemoProductData</property>
  <property name="source">E:\\MarkitCore\\Katalon\\MarkitCoreWebService\\Test Cases\\BasicDemoProduct\\BasicDemoProductData.tc</property>
  <property name="isOptional">false</property>
</record>
<record>
  <date>2019-04-01T16:00:39</date>
  <millis>1554114639494</millis>
  <sequence>24</sequence>
  <level>INFO</level>
  <class>com.kms.katalon.core.logging.XmlKeywordLogger</class>
  <method>logMessage</method>
  <thread>1</thread>
  <message>Type = StandAlone</message>
  <nestedLevel>1</nestedLevel>
</record>
<record>
  <date>2019-04-01T16:00:39</date>
  <millis>1554114639495</millis>
  <sequence>25</sequence>
  <level>INFO</level>
  <class>com.kms.katalon.core.logging.XmlKeywordLogger</class>
  <method>logMessage</method>
  <thread>1</thread>
  <message>BuildingSumInsure = 2000</message>
  <nestedLevel>1</nestedLevel>
</record>
<record>
  <date>2019-04-01T16:00:39</date>
  <millis>1554114639495</millis>
  <sequence>26</sequence>
  <level>INFO</level>
  <class>com.kms.katalon.core.logging.XmlKeywordLogger</class>
  <method>logMessage</method>
  <thread>1</thread>
  <message>NoOfRoom = 5</message>
  <nestedLevel>1</nestedLevel>
</record>
<record>
  <date>2019-04-01T16:00:39</date>
  <millis>1554114639495</millis>
  <sequence>27</sequence>
  <level>INFO</level>
  <class>com.kms.katalon.core.logging.XmlKeywordLogger</class>
  <method>logMessage</method>
  <thread>1</thread>
  <message>ContentSumInsure = 1500</message>
  <nestedLevel>1</nestedLevel>
</record>
<record>
  <date>2019-04-01T16:00:39</date>
  <millis>1554114639496</millis>
  <sequence>28</sequence>
  <level>START</level>
  <class>com.kms.katalon.core.logging.XmlKeywordLogger</class>
  <method>startKeyword</method>
  <thread>1</thread>
  <message>Start action : println(\&amp;quot;Using Type :\&amp;quot; + Type)</message>
  <nestedLevel>1</nestedLevel>
  <property name="startLine">16</property>
  <property name="stepIndex">1</property>
</record>
<record>
  <date>2019-04-01T16:00:39</date>
  <millis>1554114639497</millis>
  <sequence>29</sequence>
  <level>END</level>
  <class>com.kms.katalon.core.logging.XmlKeywordLogger</class>
  <method>endKeyword</method>
  <thread>1</thread>
  <message>End action : println(\&amp;quot;Using Type :\&amp;quot; + Type)</message>
  <nestedLevel>1</nestedLevel>
</record>
<record>
  <date>2019-04-01T16:00:39</date>
  <millis>1554114639497</millis>
  <sequence>30</sequence>
  <level>START</level>
  <class>com.kms.katalon.core.logging.XmlKeywordLogger</class>
  <method>startKeyword</method>
  <thread>1</thread>
  <message>Start action : sendRequest(findTestObject(\&amp;quot;BasicDemoProduct\&amp;quot;, [\&amp;quot;Type\&amp;quot;:Type, \&amp;quot;BuildingSumInsure\&amp;quot;:BuildingSumInsure, \&amp;quot;NoOfRoom\&amp;quot;:NoOfRoom, \&amp;quot;ContentSumInsure\&amp;quot;:ContentSumInsure]))</message>
  <nestedLevel>1</nestedLevel>
  <property name="startLine">17</property>
  <property name="stepIndex">2</property>
</record>
<record>
  <date>2019-04-01T16:00:47</date>
  <millis>1554114647808</millis>
  <sequence>34</sequence>
  <level>INFO</level>
  <class>com.kms.katalon.core.logging.XmlKeywordLogger</class>
  <method>logMessage</method>
  <thread>1</thread>
  <message>HAR: E:\\MarkitCore\\Katalon\\MarkitCoreWebService\\Reports\\BasicDemoProduct\\BasicDemoProduct\\20190401_160027\\requests\\main\\1.har</message>
  <nestedLevel>1</nestedLevel>
  <property name="harId">dccbfee0-762d-4eb0-9b01-9ba90c1b0b6e</property>
</record>
<record>
  <date>2019-04-01T16:00:47</date>
  <millis>1554114647831</millis>
  <sequence>35</sequence>
  <level>PASSED</level>
  <class>com.kms.katalon.core.logging.XmlKeywordLogger</class>
  <method>logMessage</method>
  <thread>1</thread>
  <message>Send request successfully</message>
  <nestedLevel>1</nestedLevel>
</record>
<record>
  <date>2019-04-01T16:00:47</date>
  <millis>1554114647831</millis>
  <sequence>36</sequence>
  <level>END</level>
  <class>com.kms.katalon.core.logging.XmlKeywordLogger</class>
  <method>endKeyword</method>
  <thread>1</thread>
  <message>End action : sendRequest(findTestObject(\&amp;quot;BasicDemoProduct\&amp;quot;, [\&amp;quot;Type\&amp;quot;:Type, \&amp;quot;BuildingSumInsure\&amp;quot;:BuildingSumInsure, \&amp;quot;NoOfRoom\&amp;quot;:NoOfRoom, \&amp;quot;ContentSumInsure\&amp;quot;:ContentSumInsure]))</message>
  <nestedLevel>1</nestedLevel>
</record>
<record>
  <date>2019-04-01T16:00:47</date>
  <millis>1554114647831</millis>
  <sequence>37</sequence>
  <level>PASSED</level>
  <class>com.kms.katalon.core.logging.XmlKeywordLogger</class>
  <method>logMessage</method>
  <thread>1</thread>
  <message>Test Cases/BasicDemoProduct/BasicDemoProductData</message>
  <nestedLevel>1</nestedLevel>
</record>
<record>
  <date>2019-04-01T16:00:47</date>
  <millis>1554114647832</millis>
  <sequence>38</sequence>
  <level>END</level>
  <class>com.kms.katalon.core.logging.XmlKeywordLogger</class>
  <method>endTest</method>
  <thread>1</thread>
  <message>End Test Case : Test Cases/BasicDemoProduct/BasicDemoProductData</message>
  <nestedLevel>0</nestedLevel>
</record>
<record>
  <date>2019-04-01T16:00:47</date>
  <millis>1554114647836</millis>
  <sequence>39</sequence>
  <level>START</level>
  <class>com.kms.katalon.core.logging.XmlKeywordLogger</class>
  <method>startTest</method>
  <thread>1</thread>
  <message>Start Test Case : Test Cases/BasicDemoProduct/BasicDemoProductData</message>
  <nestedLevel>1</nestedLevel>
  <property name="name">Test Cases/BasicDemoProduct/BasicDemoProductData</property>
  <property name="description"></property>
  <property name="id">Test Cases/BasicDemoProduct/BasicDemoProductData</property>
  <property name="source">E:\\MarkitCore\\Katalon\\MarkitCoreWebService\\Test Cases\\BasicDemoProduct\\BasicDemoProductData.tc</property>
  <property name="isOptional">false</property>
</record>
<record>
  <date>2019-04-01T16:00:47</date>
  <millis>1554114647841</millis>
  <sequence>41</sequence>
  <level>INFO</level>
  <class>com.kms.katalon.core.logging.XmlKeywordLogger</class>
  <method>logMessage</method>
  <thread>1</thread>
  <message>Type = Duplex</message>
  <nestedLevel>1</nestedLevel>
</record>
<record>
  <date>2019-04-01T16:00:47</date>
  <millis>1554114647841</millis>
  <sequence>42</sequence>
  <level>INFO</level>
  <class>com.kms.katalon.core.logging.XmlKeywordLogger</class>
  <method>logMessage</method>
  <thread>1</thread>
  <message>BuildingSumInsure = 3000</message>
  <nestedLevel>1</nestedLevel>
</record>
<record>
  <date>2019-04-01T16:00:47</date>
  <millis>1554114647842</millis>
  <sequence>43</sequence>
  <level>INFO</level>
  <class>com.kms.katalon.core.logging.XmlKeywordLogger</class>
  <method>logMessage</method>
  <thread>1</thread>
  <message>NoOfRoom = 4</message>
  <nestedLevel>1</nestedLevel>
</record>
<record>
  <date>2019-04-01T16:00:47</date>
  <millis>1554114647842</millis>
  <sequence>44</sequence>
  <level>INFO</level>
  <class>com.kms.katalon.core.logging.XmlKeywordLogger</class>
  <method>logMessage</method>
  <thread>1</thread>
  <message>ContentSumInsure = 2500</message>
  <nestedLevel>1</nestedLevel>
</record>
<record>
  <date>2019-04-01T16:00:47</date>
  <millis>1554114647843</millis>
  <sequence>45</sequence>
  <level>START</level>
  <class>com.kms.katalon.core.logging.XmlKeywordLogger</class>
  <method>startKeyword</method>
  <thread>1</thread>
  <message>Start action : println(\&amp;quot;Using Type :\&amp;quot; + Type)</message>
  <nestedLevel>1</nestedLevel>
  <property name="startLine">16</property>
  <property name="stepIndex">1</property>
</record>
<record>
  <date>2019-04-01T16:00:47</date>
  <millis>1554114647844</millis>
  <sequence>46</sequence>
  <level>END</level>
  <class>com.kms.katalon.core.logging.XmlKeywordLogger</class>
  <method>endKeyword</method>
  <thread>1</thread>
  <message>End action : println(\&amp;quot;Using Type :\&amp;quot; + Type)</message>
  <nestedLevel>1</nestedLevel>
</record>
<record>
  <date>2019-04-01T16:00:47</date>
  <millis>1554114647844</millis>
  <sequence>47</sequence>
  <level>START</level>
  <class>com.kms.katalon.core.logging.XmlKeywordLogger</class>
  <method>startKeyword</method>
  <thread>1</thread>
  <message>Start action : sendRequest(findTestObject(\&amp;quot;BasicDemoProduct\&amp;quot;, [\&amp;quot;Type\&amp;quot;:Type, \&amp;quot;BuildingSumInsure\&amp;quot;:BuildingSumInsure, \&amp;quot;NoOfRoom\&amp;quot;:NoOfRoom, \&amp;quot;ContentSumInsure\&amp;quot;:ContentSumInsure]))</message>
  <nestedLevel>1</nestedLevel>
  <property name="startLine">17</property>
  <property name="stepIndex">2</property>
</record>
<record>
  <date>2019-04-01T16:00:51</date>
  <millis>1554114651310</millis>
  <sequence>51</sequence>
  <level>INFO</level>
  <class>com.kms.katalon.core.logging.XmlKeywordLogger</class>
  <method>logMessage</method>
  <thread>1</thread>
  <message>HAR: E:\\MarkitCore\\Katalon\\MarkitCoreWebService\\Reports\\BasicDemoProduct\\BasicDemoProduct\\20190401_160027\\requests\\main\\2.har</message>
  <nestedLevel>1</nestedLevel>
  <property name="harId">7d1d1c33-3038-4ebe-ba66-b252f3137287</property>
</record>
<record>
  <date>2019-04-01T16:00:51</date>
  <millis>1554114651319</millis>
  <sequence>52</sequence>
  <level>PASSED</level>
  <class>com.kms.katalon.core.logging.XmlKeywordLogger</class>
  <method>logMessage</method>
  <thread>1</thread>
  <message>Send request successfully</message>
  <nestedLevel>1</nestedLevel>
</record>
<record>
  <date>2019-04-01T16:00:51</date>
  <millis>1554114651320</millis>
  <sequence>53</sequence>
  <level>END</level>
  <class>com.kms.katalon.core.logging.XmlKeywordLogger</class>
  <method>endKeyword</method>
  <thread>1</thread>
  <message>End action : sendRequest(findTestObject(\&amp;quot;BasicDemoProduct\&amp;quot;, [\&amp;quot;Type\&amp;quot;:Type, \&amp;quot;BuildingSumInsure\&amp;quot;:BuildingSumInsure, \&amp;quot;NoOfRoom\&amp;quot;:NoOfRoom, \&amp;quot;ContentSumInsure\&amp;quot;:ContentSumInsure]))</message>
  <nestedLevel>1</nestedLevel>
</record>
<record>
  <date>2019-04-01T16:00:51</date>
  <millis>1554114651320</millis>
  <sequence>54</sequence>
  <level>PASSED</level>
  <class>com.kms.katalon.core.logging.XmlKeywordLogger</class>
  <method>logMessage</method>
  <thread>1</thread>
  <message>Test Cases/BasicDemoProduct/BasicDemoProductData</message>
  <nestedLevel>1</nestedLevel>
</record>
<record>
  <date>2019-04-01T16:00:51</date>
  <millis>1554114651320</millis>
  <sequence>55</sequence>
  <level>END</level>
  <class>com.kms.katalon.core.logging.XmlKeywordLogger</class>
  <method>endTest</method>
  <thread>1</thread>
  <message>End Test Case : Test Cases/BasicDemoProduct/BasicDemoProductData</message>
  <nestedLevel>0</nestedLevel>
</record>
<record>
  <date>2019-04-01T16:00:51</date>
  <millis>1554114651324</millis>
  <sequence>56</sequence>
  <level>START</level>
  <class>com.kms.katalon.core.logging.XmlKeywordLogger</class>
  <method>startTest</method>
  <thread>1</thread>
  <message>Start Test Case : Test Cases/BasicDemoProduct/BasicDemoProductData</message>
  <nestedLevel>1</nestedLevel>
  <property name="name">Test Cases/BasicDemoProduct/BasicDemoProductData</property>
  <property name="description"></property>
  <property name="id">Test Cases/BasicDemoProduct/BasicDemoProductData</property>
  <property name="source">E:\\MarkitCore\\Katalon\\MarkitCoreWebService\\Test Cases\\BasicDemoProduct\\BasicDemoProductData.tc</property>
  <property name="isOptional">false</property>
</record>
<record>
  <date>2019-04-01T16:00:51</date>
  <millis>1554114651330</millis>
  <sequence>58</sequence>
  <level>INFO</level>
  <class>com.kms.katalon.core.logging.XmlKeywordLogger</class>
  <method>logMessage</method>
  <thread>1</thread>
  <message>Type = FirmHouse</message>
  <nestedLevel>1</nestedLevel>
</record>
<record>
  <date>2019-04-01T16:00:51</date>
  <millis>1554114651330</millis>
  <sequence>59</sequence>
  <level>INFO</level>
  <class>com.kms.katalon.core.logging.XmlKeywordLogger</class>
  <method>logMessage</method>
  <thread>1</thread>
  <message>BuildingSumInsure = 2000</message>
  <nestedLevel>1</nestedLevel>
</record>
<record>
  <date>2019-04-01T16:00:51</date>
  <millis>1554114651330</millis>
  <sequence>60</sequence>
  <level>INFO</level>
  <class>com.kms.katalon.core.logging.XmlKeywordLogger</class>
  <method>logMessage</method>
  <thread>1</thread>
  <message>NoOfRoom = 2</message>
  <nestedLevel>1</nestedLevel>
</record>
<record>
  <date>2019-04-01T16:00:51</date>
  <millis>1554114651331</millis>
  <sequence>61</sequence>
  <level>INFO</level>
  <class>com.kms.katalon.core.logging.XmlKeywordLogger</class>
  <method>logMessage</method>
  <thread>1</thread>
  <message>ContentSumInsure = 3000</message>
  <nestedLevel>1</nestedLevel>
</record>
<record>
  <date>2019-04-01T16:00:51</date>
  <millis>1554114651332</millis>
  <sequence>62</sequence>
  <level>START</level>
  <class>com.kms.katalon.core.logging.XmlKeywordLogger</class>
  <method>startKeyword</method>
  <thread>1</thread>
  <message>Start action : println(\&amp;quot;Using Type :\&amp;quot; + Type)</message>
  <nestedLevel>1</nestedLevel>
  <property name="startLine">16</property>
  <property name="stepIndex">1</property>
</record>
<record>
  <date>2019-04-01T16:00:51</date>
  <millis>1554114651332</millis>
  <sequence>63</sequence>
  <level>END</level>
  <class>com.kms.katalon.core.logging.XmlKeywordLogger</class>
  <method>endKeyword</method>
  <thread>1</thread>
  <message>End action : println(\&amp;quot;Using Type :\&amp;quot; + Type)</message>
  <nestedLevel>1</nestedLevel>
</record>
<record>
  <date>2019-04-01T16:00:51</date>
  <millis>1554114651333</millis>
  <sequence>64</sequence>
  <level>START</level>
  <class>com.kms.katalon.core.logging.XmlKeywordLogger</class>
  <method>startKeyword</method>
  <thread>1</thread>
  <message>Start action : sendRequest(findTestObject(\&amp;quot;BasicDemoProduct\&amp;quot;, [\&amp;quot;Type\&amp;quot;:Type, \&amp;quot;BuildingSumInsure\&amp;quot;:BuildingSumInsure, \&amp;quot;NoOfRoom\&amp;quot;:NoOfRoom, \&amp;quot;ContentSumInsure\&amp;quot;:ContentSumInsure]))</message>
  <nestedLevel>1</nestedLevel>
  <property name="startLine">17</property>
  <property name="stepIndex">2</property>
</record>
<record>
  <date>2019-04-01T16:00:53</date>
  <millis>1554114653104</millis>
  <sequence>68</sequence>
  <level>INFO</level>
  <class>com.kms.katalon.core.logging.XmlKeywordLogger</class>
  <method>logMessage</method>
  <thread>1</thread>
  <message>HAR: E:\\MarkitCore\\Katalon\\MarkitCoreWebService\\Reports\\BasicDemoProduct\\BasicDemoProduct\\20190401_160027\\requests\\main\\3.har</message>
  <nestedLevel>1</nestedLevel>
  <property name="harId">5577de35-6dd7-41ff-80c9-2991a1cd9045</property>
</record>
<record>
  <date>2019-04-01T16:00:53</date>
  <millis>1554114653114</millis>
  <sequence>69</sequence>
  <level>PASSED</level>
  <class>com.kms.katalon.core.logging.XmlKeywordLogger</class>
  <method>logMessage</method>
  <thread>1</thread>
  <message>Send request successfully</message>
  <nestedLevel>1</nestedLevel>
</record>
<record>
  <date>2019-04-01T16:00:53</date>
  <millis>1554114653115</millis>
  <sequence>70</sequence>
  <level>END</level>
  <class>com.kms.katalon.core.logging.XmlKeywordLogger</class>
  <method>endKeyword</method>
  <thread>1</thread>
  <message>End action : sendRequest(findTestObject(\&amp;quot;BasicDemoProduct\&amp;quot;, [\&amp;quot;Type\&amp;quot;:Type, \&amp;quot;BuildingSumInsure\&amp;quot;:BuildingSumInsure, \&amp;quot;NoOfRoom\&amp;quot;:NoOfRoom, \&amp;quot;ContentSumInsure\&amp;quot;:ContentSumInsure]))</message>
  <nestedLevel>1</nestedLevel>
</record>
<record>
  <date>2019-04-01T16:00:53</date>
  <millis>1554114653115</millis>
  <sequence>71</sequence>
  <level>PASSED</level>
  <class>com.kms.katalon.core.logging.XmlKeywordLogger</class>
  <method>logMessage</method>
  <thread>1</thread>
  <message>Test Cases/BasicDemoProduct/BasicDemoProductData</message>
  <nestedLevel>1</nestedLevel>
</record>
<record>
  <date>2019-04-01T16:00:53</date>
  <millis>1554114653115</millis>
  <sequence>72</sequence>
  <level>END</level>
  <class>com.kms.katalon.core.logging.XmlKeywordLogger</class>
  <method>endTest</method>
  <thread>1</thread>
  <message>End Test Case : Test Cases/BasicDemoProduct/BasicDemoProductData</message>
  <nestedLevel>0</nestedLevel>
</record>
<record>
  <date>2019-04-01T16:00:53</date>
  <millis>1554114653163</millis>
  <sequence>73</sequence>
  <level>END</level>
  <class>com.kms.katalon.core.logging.XmlKeywordLogger</class>
  <method>endSuite</method>
  <thread>1</thread>
  <message>End Test Suite : Test Suites/BasicDemoProduct/BasicDemoProduct</message>
  <nestedLevel>0</nestedLevel>
</record>
</log>