<?xml version="1.0" encoding="UTF-8" standalone="no"?>
<!DOCTYPE log SYSTEM "logger.dtd">
<log>
<record>
  <date>2019-04-01T15:45:07</date>
  <millis>1554113707901</millis>
  <sequence>0</sequence>
  <level>START</level>
  <class>com.kms.katalon.core.logging.XmlKeywordLogger</class>
  <method>startSuite</method>
  <thread>1</thread>
  <message>Start Test Suite : Test Suites/BasicDemoProduct/BasicDemoProduct</message>
  <nestedLevel>0</nestedLevel>
  <property name="name">BasicDemoProduct</property>
  <property name="description"></property>
  <property name="id">Test Suites/BasicDemoProduct/BasicDemoProduct</property>
</record>
<record>
  <date>2019-04-01T15:45:07</date>
  <millis>1554113707914</millis>
  <sequence>1</sequence>
  <level>RUN_DATA</level>
  <class>com.kms.katalon.core.logging.XmlKeywordLogger</class>
  <method>logMessage</method>
  <thread>1</thread>
  <message>hostName = dipak - DIPAKDAS-PC.indusnettechnologies.com</message>
  <nestedLevel>0</nestedLevel>
  <property name="hostName">dipak - DIPAKDAS-PC.indusnettechnologies.com</property>
</record>
<record>
  <date>2019-04-01T15:45:07</date>
  <millis>1554113707915</millis>
  <sequence>2</sequence>
  <level>RUN_DATA</level>
  <class>com.kms.katalon.core.logging.XmlKeywordLogger</class>
  <method>logMessage</method>
  <thread>1</thread>
  <message>os = Windows 7 32bit</message>
  <nestedLevel>0</nestedLevel>
  <property name="os">Windows 7 32bit</property>
</record>
<record>
  <date>2019-04-01T15:45:07</date>
  <millis>1554113707915</millis>
  <sequence>3</sequence>
  <level>RUN_DATA</level>
  <class>com.kms.katalon.core.logging.XmlKeywordLogger</class>
  <method>logMessage</method>
  <thread>1</thread>
  <message>hostAddress = 10.0.12.237</message>
  <nestedLevel>0</nestedLevel>
  <property name="hostAddress">10.0.12.237</property>
</record>
<record>
  <date>2019-04-01T15:45:07</date>
  <millis>1554113707916</millis>
  <sequence>4</sequence>
  <level>RUN_DATA</level>
  <class>com.kms.katalon.core.logging.XmlKeywordLogger</class>
  <method>logMessage</method>
  <thread>1</thread>
  <message>katalonVersion = 6.0.5.4</message>
  <nestedLevel>0</nestedLevel>
  <property name="katalonVersion">6.0.5.4</property>
</record>
<record>
  <date>2019-04-01T15:45:08</date>
  <millis>1554113708086</millis>
  <sequence>5</sequence>
  <level>START</level>
  <class>com.kms.katalon.core.logging.XmlKeywordLogger</class>
  <method>startTest</method>
  <thread>1</thread>
  <message>Start Test Case : Test Cases/BasicDemoProduct/BasicDemoProductData</message>
  <nestedLevel>1</nestedLevel>
  <property name="name">Test Cases/BasicDemoProduct/BasicDemoProductData</property>
  <property name="description"></property>
  <property name="id">Test Cases/BasicDemoProduct/BasicDemoProductData</property>
  <property name="source">E:\\MarkitCore\\Katalon\\MarkitCoreWebService\\Test Cases\\BasicDemoProduct\\BasicDemoProductData.tc</property>
  <property name="isOptional">false</property>
</record>
<record>
  <date>2019-04-01T15:45:08</date>
  <millis>1554113708099</millis>
  <sequence>7</sequence>
  <level>INFO</level>
  <class>com.kms.katalon.core.logging.XmlKeywordLogger</class>
  <method>logMessage</method>
  <thread>1</thread>
  <message>Type = Flat</message>
  <nestedLevel>1</nestedLevel>
</record>
<record>
  <date>2019-04-01T15:45:08</date>
  <millis>1554113708100</millis>
  <sequence>8</sequence>
  <level>INFO</level>
  <class>com.kms.katalon.core.logging.XmlKeywordLogger</class>
  <method>logMessage</method>
  <thread>1</thread>
  <message>BuildingSumInsure = 1000</message>
  <nestedLevel>1</nestedLevel>
</record>
<record>
  <date>2019-04-01T15:45:08</date>
  <millis>1554113708100</millis>
  <sequence>9</sequence>
  <level>INFO</level>
  <class>com.kms.katalon.core.logging.XmlKeywordLogger</class>
  <method>logMessage</method>
  <thread>1</thread>
  <message>NoOfRoom = 10</message>
  <nestedLevel>1</nestedLevel>
</record>
<record>
  <date>2019-04-01T15:45:08</date>
  <millis>1554113708100</millis>
  <sequence>10</sequence>
  <level>INFO</level>
  <class>com.kms.katalon.core.logging.XmlKeywordLogger</class>
  <method>logMessage</method>
  <thread>1</thread>
  <message>ContentSumInsure = 1000</message>
  <nestedLevel>1</nestedLevel>
</record>
<record>
  <date>2019-04-01T15:45:08</date>
  <millis>1554113708418</millis>
  <sequence>11</sequence>
  <level>START</level>
  <class>com.kms.katalon.core.logging.XmlKeywordLogger</class>
  <method>startKeyword</method>
  <thread>1</thread>
  <message>Start action : println(\&amp;quot;Using Type :\&amp;quot; + Type)</message>
  <nestedLevel>1</nestedLevel>
  <property name="startLine">16</property>
  <property name="stepIndex">1</property>
</record>
<record>
  <date>2019-04-01T15:45:08</date>
  <millis>1554113708422</millis>
  <sequence>12</sequence>
  <level>END</level>
  <class>com.kms.katalon.core.logging.XmlKeywordLogger</class>
  <method>endKeyword</method>
  <thread>1</thread>
  <message>End action : println(\&amp;quot;Using Type :\&amp;quot; + Type)</message>
  <nestedLevel>1</nestedLevel>
</record>
<record>
  <date>2019-04-01T15:45:08</date>
  <millis>1554113708422</millis>
  <sequence>13</sequence>
  <level>START</level>
  <class>com.kms.katalon.core.logging.XmlKeywordLogger</class>
  <method>startKeyword</method>
  <thread>1</thread>
  <message>Start action : sendRequest(findTestObject(\&amp;quot;BasicDemoProduct\&amp;quot;, [\&amp;quot;Type\&amp;quot;:Type, \&amp;quot;BuildingSumInsure\&amp;quot;:BuildingSumInsure, \&amp;quot;NoOfRoom\&amp;quot;:NoOfRoom, \&amp;quot;ContentSumInsure\&amp;quot;:ContentSumInsure]))</message>
  <nestedLevel>1</nestedLevel>
  <property name="startLine">17</property>
  <property name="stepIndex">2</property>
</record>
<record>
  <date>2019-04-01T15:45:13</date>
  <millis>1554113713139</millis>
  <sequence>17</sequence>
  <level>INFO</level>
  <class>com.kms.katalon.core.logging.XmlKeywordLogger</class>
  <method>logMessage</method>
  <thread>1</thread>
  <message>HAR: E:\\MarkitCore\\Katalon\\MarkitCoreWebService\\Reports\\BasicDemoProduct\\BasicDemoProduct\\20190401_154506\\requests\\main\\0.har</message>
  <nestedLevel>1</nestedLevel>
  <property name="harId">89c24d05-122f-45c4-9e10-e7b61316b2de</property>
</record>
<record>
  <date>2019-04-01T15:45:13</date>
  <millis>1554113713225</millis>
  <sequence>18</sequence>
  <level>PASSED</level>
  <class>com.kms.katalon.core.logging.XmlKeywordLogger</class>
  <method>logMessage</method>
  <thread>1</thread>
  <message>Send request successfully</message>
  <nestedLevel>1</nestedLevel>
</record>
<record>
  <date>2019-04-01T15:45:13</date>
  <millis>1554113713225</millis>
  <sequence>19</sequence>
  <level>END</level>
  <class>com.kms.katalon.core.logging.XmlKeywordLogger</class>
  <method>endKeyword</method>
  <thread>1</thread>
  <message>End action : sendRequest(findTestObject(\&amp;quot;BasicDemoProduct\&amp;quot;, [\&amp;quot;Type\&amp;quot;:Type, \&amp;quot;BuildingSumInsure\&amp;quot;:BuildingSumInsure, \&amp;quot;NoOfRoom\&amp;quot;:NoOfRoom, \&amp;quot;ContentSumInsure\&amp;quot;:ContentSumInsure]))</message>
  <nestedLevel>1</nestedLevel>
</record>
<record>
  <date>2019-04-01T15:45:13</date>
  <millis>1554113713226</millis>
  <sequence>20</sequence>
  <level>PASSED</level>
  <class>com.kms.katalon.core.logging.XmlKeywordLogger</class>
  <method>logMessage</method>
  <thread>1</thread>
  <message>Test Cases/BasicDemoProduct/BasicDemoProductData</message>
  <nestedLevel>1</nestedLevel>
</record>
<record>
  <date>2019-04-01T15:45:13</date>
  <millis>1554113713226</millis>
  <sequence>21</sequence>
  <level>END</level>
  <class>com.kms.katalon.core.logging.XmlKeywordLogger</class>
  <method>endTest</method>
  <thread>1</thread>
  <message>End Test Case : Test Cases/BasicDemoProduct/BasicDemoProductData</message>
  <nestedLevel>0</nestedLevel>
</record>
<record>
  <date>2019-04-01T15:45:13</date>
  <millis>1554113713259</millis>
  <sequence>22</sequence>
  <level>END</level>
  <class>com.kms.katalon.core.logging.XmlKeywordLogger</class>
  <method>endSuite</method>
  <thread>1</thread>
  <message>End Test Suite : Test Suites/BasicDemoProduct/BasicDemoProduct</message>
  <nestedLevel>0</nestedLevel>
</record>
</log>