<?xml version="1.0" encoding="UTF-8" standalone="no"?>
<!DOCTYPE log SYSTEM "logger.dtd">
<log>
<record>
  <date>2019-03-25T13:12:22</date>
  <millis>1553499742533</millis>
  <sequence>0</sequence>
  <level>START</level>
  <class>com.kms.katalon.core.logging.XmlKeywordLogger</class>
  <method>startSuite</method>
  <thread>1</thread>
  <message>Start Test Suite : Test Suites/DataDrivenDemo</message>
  <nestedLevel>0</nestedLevel>
  <property name="name">DataDrivenDemo</property>
  <property name="description"></property>
  <property name="id">Test Suites/DataDrivenDemo</property>
</record>
<record>
  <date>2019-03-25T13:12:22</date>
  <millis>1553499742548</millis>
  <sequence>1</sequence>
  <level>RUN_DATA</level>
  <class>com.kms.katalon.core.logging.XmlKeywordLogger</class>
  <method>logMessage</method>
  <thread>1</thread>
  <message>hostName = dipak - DIPAKDAS-PC.indusnettechnologies.com</message>
  <nestedLevel>0</nestedLevel>
  <property name="hostName">dipak - DIPAKDAS-PC.indusnettechnologies.com</property>
</record>
<record>
  <date>2019-03-25T13:12:22</date>
  <millis>1553499742549</millis>
  <sequence>2</sequence>
  <level>RUN_DATA</level>
  <class>com.kms.katalon.core.logging.XmlKeywordLogger</class>
  <method>logMessage</method>
  <thread>1</thread>
  <message>os = Windows 7 32bit</message>
  <nestedLevel>0</nestedLevel>
  <property name="os">Windows 7 32bit</property>
</record>
<record>
  <date>2019-03-25T13:12:22</date>
  <millis>1553499742550</millis>
  <sequence>3</sequence>
  <level>RUN_DATA</level>
  <class>com.kms.katalon.core.logging.XmlKeywordLogger</class>
  <method>logMessage</method>
  <thread>1</thread>
  <message>hostAddress = 10.0.12.237</message>
  <nestedLevel>0</nestedLevel>
  <property name="hostAddress">10.0.12.237</property>
</record>
<record>
  <date>2019-03-25T13:12:22</date>
  <millis>1553499742551</millis>
  <sequence>4</sequence>
  <level>RUN_DATA</level>
  <class>com.kms.katalon.core.logging.XmlKeywordLogger</class>
  <method>logMessage</method>
  <thread>1</thread>
  <message>katalonVersion = 6.0.5.4</message>
  <nestedLevel>0</nestedLevel>
  <property name="katalonVersion">6.0.5.4</property>
</record>
<record>
  <date>2019-03-25T13:12:22</date>
  <millis>1553499742725</millis>
  <sequence>5</sequence>
  <level>START</level>
  <class>com.kms.katalon.core.logging.XmlKeywordLogger</class>
  <method>startTest</method>
  <thread>1</thread>
  <message>Start Test Case : Test Cases/DataDrivenDemoTest</message>
  <nestedLevel>1</nestedLevel>
  <property name="name">Test Cases/DataDrivenDemoTest</property>
  <property name="description"></property>
  <property name="id">Test Cases/DataDrivenDemoTest</property>
  <property name="source">E:\\MarkitCore\\Katalon\\MarkitCoreWebService\\Test Cases\\DataDrivenDemoTest.tc</property>
  <property name="isOptional">false</property>
</record>
<record>
  <date>2019-03-25T13:12:22</date>
  <millis>1553499742740</millis>
  <sequence>7</sequence>
  <level>INFO</level>
  <class>com.kms.katalon.core.logging.XmlKeywordLogger</class>
  <method>logMessage</method>
  <thread>1</thread>
  <message>ProductCode = WSI</message>
  <nestedLevel>1</nestedLevel>
</record>
<record>
  <date>2019-03-25T13:12:22</date>
  <millis>1553499742740</millis>
  <sequence>8</sequence>
  <level>INFO</level>
  <class>com.kms.katalon.core.logging.XmlKeywordLogger</class>
  <method>logMessage</method>
  <thread>1</thread>
  <message>Sum_1 = 1200</message>
  <nestedLevel>1</nestedLevel>
</record>
<record>
  <date>2019-03-25T13:12:22</date>
  <millis>1553499742740</millis>
  <sequence>9</sequence>
  <level>INFO</level>
  <class>com.kms.katalon.core.logging.XmlKeywordLogger</class>
  <method>logMessage</method>
  <thread>1</thread>
  <message>Sum_2 = 1001</message>
  <nestedLevel>1</nestedLevel>
</record>
<record>
  <date>2019-03-25T13:12:22</date>
  <millis>1553499742741</millis>
  <sequence>10</sequence>
  <level>INFO</level>
  <class>com.kms.katalon.core.logging.XmlKeywordLogger</class>
  <method>logMessage</method>
  <thread>1</thread>
  <message>Sum_3 = 2300</message>
  <nestedLevel>1</nestedLevel>
</record>
<record>
  <date>2019-03-25T13:12:22</date>
  <millis>1553499742741</millis>
  <sequence>11</sequence>
  <level>INFO</level>
  <class>com.kms.katalon.core.logging.XmlKeywordLogger</class>
  <method>logMessage</method>
  <thread>1</thread>
  <message>Sum_4 = 3333</message>
  <nestedLevel>1</nestedLevel>
</record>
<record>
  <date>2019-03-25T13:12:23</date>
  <millis>1553499743077</millis>
  <sequence>12</sequence>
  <level>START</level>
  <class>com.kms.katalon.core.logging.XmlKeywordLogger</class>
  <method>startKeyword</method>
  <thread>1</thread>
  <message>Start action : println(\&amp;quot;..Using Product Code :\&amp;quot; + ProductCode)</message>
  <nestedLevel>1</nestedLevel>
  <property name="startLine">16</property>
  <property name="stepIndex">1</property>
</record>
<record>
  <date>2019-03-25T13:12:23</date>
  <millis>1553499743080</millis>
  <sequence>13</sequence>
  <level>END</level>
  <class>com.kms.katalon.core.logging.XmlKeywordLogger</class>
  <method>endKeyword</method>
  <thread>1</thread>
  <message>End action : println(\&amp;quot;..Using Product Code :\&amp;quot; + ProductCode)</message>
  <nestedLevel>1</nestedLevel>
</record>
<record>
  <date>2019-03-25T13:12:23</date>
  <millis>1553499743081</millis>
  <sequence>14</sequence>
  <level>START</level>
  <class>com.kms.katalon.core.logging.XmlKeywordLogger</class>
  <method>startKeyword</method>
  <thread>1</thread>
  <message>Start action : sendRequest(findTestObject(\&amp;quot;POST\&amp;quot;, [\&amp;quot;Prod_Name\&amp;quot;:ProductCode]))</message>
  <nestedLevel>1</nestedLevel>
  <property name="startLine">18</property>
  <property name="stepIndex">2</property>
</record>
<record>
  <date>2019-03-25T13:12:25</date>
  <millis>1553499745523</millis>
  <sequence>18</sequence>
  <level>INFO</level>
  <class>com.kms.katalon.core.logging.XmlKeywordLogger</class>
  <method>logMessage</method>
  <thread>1</thread>
  <message>HAR: E:\\MarkitCore\\Katalon\\MarkitCoreWebService\\Reports\\DataDrivenDemo\\20190325_131220\\requests\\main\\0.har</message>
  <nestedLevel>1</nestedLevel>
  <property name="harId">7278ef4c-f155-4ac1-bead-ca531c1af6f9</property>
</record>
<record>
  <date>2019-03-25T13:12:25</date>
  <millis>1553499745626</millis>
  <sequence>19</sequence>
  <level>PASSED</level>
  <class>com.kms.katalon.core.logging.XmlKeywordLogger</class>
  <method>logMessage</method>
  <thread>1</thread>
  <message>Send request successfully</message>
  <nestedLevel>1</nestedLevel>
</record>
<record>
  <date>2019-03-25T13:12:25</date>
  <millis>1553499745626</millis>
  <sequence>20</sequence>
  <level>END</level>
  <class>com.kms.katalon.core.logging.XmlKeywordLogger</class>
  <method>endKeyword</method>
  <thread>1</thread>
  <message>End action : sendRequest(findTestObject(\&amp;quot;POST\&amp;quot;, [\&amp;quot;Prod_Name\&amp;quot;:ProductCode]))</message>
  <nestedLevel>1</nestedLevel>
</record>
<record>
  <date>2019-03-25T13:12:25</date>
  <millis>1553499745626</millis>
  <sequence>21</sequence>
  <level>START</level>
  <class>com.kms.katalon.core.logging.XmlKeywordLogger</class>
  <method>startKeyword</method>
  <thread>1</thread>
  <message>Start action : println(\&amp;quot;..Using Sum1 :\&amp;quot; + Sum_1)</message>
  <nestedLevel>1</nestedLevel>
  <property name="startLine">20</property>
  <property name="stepIndex">3</property>
</record>
<record>
  <date>2019-03-25T13:12:25</date>
  <millis>1553499745627</millis>
  <sequence>22</sequence>
  <level>END</level>
  <class>com.kms.katalon.core.logging.XmlKeywordLogger</class>
  <method>endKeyword</method>
  <thread>1</thread>
  <message>End action : println(\&amp;quot;..Using Sum1 :\&amp;quot; + Sum_1)</message>
  <nestedLevel>1</nestedLevel>
</record>
<record>
  <date>2019-03-25T13:12:25</date>
  <millis>1553499745627</millis>
  <sequence>23</sequence>
  <level>START</level>
  <class>com.kms.katalon.core.logging.XmlKeywordLogger</class>
  <method>startKeyword</method>
  <thread>1</thread>
  <message>Start action : sendRequest(findTestObject(\&amp;quot;POST\&amp;quot;, [\&amp;quot;Sum1\&amp;quot;:Sum_1]))</message>
  <nestedLevel>1</nestedLevel>
  <property name="startLine">22</property>
  <property name="stepIndex">4</property>
</record>
<record>
  <date>2019-03-25T13:12:25</date>
  <millis>1553499745864</millis>
  <sequence>26</sequence>
  <level>INFO</level>
  <class>com.kms.katalon.core.logging.XmlKeywordLogger</class>
  <method>logMessage</method>
  <thread>1</thread>
  <message>HAR: E:\\MarkitCore\\Katalon\\MarkitCoreWebService\\Reports\\DataDrivenDemo\\20190325_131220\\requests\\main\\1.har</message>
  <nestedLevel>1</nestedLevel>
  <property name="harId">c38a9635-cfe1-49c9-be9e-95cb50ddf522</property>
</record>
<record>
  <date>2019-03-25T13:12:25</date>
  <millis>1553499745872</millis>
  <sequence>27</sequence>
  <level>PASSED</level>
  <class>com.kms.katalon.core.logging.XmlKeywordLogger</class>
  <method>logMessage</method>
  <thread>1</thread>
  <message>Send request successfully</message>
  <nestedLevel>1</nestedLevel>
</record>
<record>
  <date>2019-03-25T13:12:25</date>
  <millis>1553499745873</millis>
  <sequence>28</sequence>
  <level>END</level>
  <class>com.kms.katalon.core.logging.XmlKeywordLogger</class>
  <method>endKeyword</method>
  <thread>1</thread>
  <message>End action : sendRequest(findTestObject(\&amp;quot;POST\&amp;quot;, [\&amp;quot;Sum1\&amp;quot;:Sum_1]))</message>
  <nestedLevel>1</nestedLevel>
</record>
<record>
  <date>2019-03-25T13:12:25</date>
  <millis>1553499745873</millis>
  <sequence>29</sequence>
  <level>START</level>
  <class>com.kms.katalon.core.logging.XmlKeywordLogger</class>
  <method>startKeyword</method>
  <thread>1</thread>
  <message>Start action : println(\&amp;quot;..Using Sum2 :\&amp;quot; + Sum_2)</message>
  <nestedLevel>1</nestedLevel>
  <property name="startLine">24</property>
  <property name="stepIndex">5</property>
</record>
<record>
  <date>2019-03-25T13:12:25</date>
  <millis>1553499745873</millis>
  <sequence>30</sequence>
  <level>END</level>
  <class>com.kms.katalon.core.logging.XmlKeywordLogger</class>
  <method>endKeyword</method>
  <thread>1</thread>
  <message>End action : println(\&amp;quot;..Using Sum2 :\&amp;quot; + Sum_2)</message>
  <nestedLevel>1</nestedLevel>
</record>
<record>
  <date>2019-03-25T13:12:25</date>
  <millis>1553499745874</millis>
  <sequence>31</sequence>
  <level>START</level>
  <class>com.kms.katalon.core.logging.XmlKeywordLogger</class>
  <method>startKeyword</method>
  <thread>1</thread>
  <message>Start action : sendRequest(findTestObject(\&amp;quot;POST\&amp;quot;, [\&amp;quot;Sum2\&amp;quot;:Sum_2]))</message>
  <nestedLevel>1</nestedLevel>
  <property name="startLine">26</property>
  <property name="stepIndex">6</property>
</record>
<record>
  <date>2019-03-25T13:12:26</date>
  <millis>1553499746119</millis>
  <sequence>34</sequence>
  <level>INFO</level>
  <class>com.kms.katalon.core.logging.XmlKeywordLogger</class>
  <method>logMessage</method>
  <thread>1</thread>
  <message>HAR: E:\\MarkitCore\\Katalon\\MarkitCoreWebService\\Reports\\DataDrivenDemo\\20190325_131220\\requests\\main\\2.har</message>
  <nestedLevel>1</nestedLevel>
  <property name="harId">011b7576-a838-4b5a-8a79-019ad61528a5</property>
</record>
<record>
  <date>2019-03-25T13:12:26</date>
  <millis>1553499746124</millis>
  <sequence>35</sequence>
  <level>PASSED</level>
  <class>com.kms.katalon.core.logging.XmlKeywordLogger</class>
  <method>logMessage</method>
  <thread>1</thread>
  <message>Send request successfully</message>
  <nestedLevel>1</nestedLevel>
</record>
<record>
  <date>2019-03-25T13:12:26</date>
  <millis>1553499746125</millis>
  <sequence>36</sequence>
  <level>END</level>
  <class>com.kms.katalon.core.logging.XmlKeywordLogger</class>
  <method>endKeyword</method>
  <thread>1</thread>
  <message>End action : sendRequest(findTestObject(\&amp;quot;POST\&amp;quot;, [\&amp;quot;Sum2\&amp;quot;:Sum_2]))</message>
  <nestedLevel>1</nestedLevel>
</record>
<record>
  <date>2019-03-25T13:12:26</date>
  <millis>1553499746125</millis>
  <sequence>37</sequence>
  <level>START</level>
  <class>com.kms.katalon.core.logging.XmlKeywordLogger</class>
  <method>startKeyword</method>
  <thread>1</thread>
  <message>Start action : println(\&amp;quot;..Using Sum3 :\&amp;quot; + Sum_3)</message>
  <nestedLevel>1</nestedLevel>
  <property name="startLine">28</property>
  <property name="stepIndex">7</property>
</record>
<record>
  <date>2019-03-25T13:12:26</date>
  <millis>1553499746126</millis>
  <sequence>38</sequence>
  <level>END</level>
  <class>com.kms.katalon.core.logging.XmlKeywordLogger</class>
  <method>endKeyword</method>
  <thread>1</thread>
  <message>End action : println(\&amp;quot;..Using Sum3 :\&amp;quot; + Sum_3)</message>
  <nestedLevel>1</nestedLevel>
</record>
<record>
  <date>2019-03-25T13:12:26</date>
  <millis>1553499746126</millis>
  <sequence>39</sequence>
  <level>START</level>
  <class>com.kms.katalon.core.logging.XmlKeywordLogger</class>
  <method>startKeyword</method>
  <thread>1</thread>
  <message>Start action : sendRequest(findTestObject(\&amp;quot;POST\&amp;quot;, [\&amp;quot;Sum3\&amp;quot;:Sum_3]))</message>
  <nestedLevel>1</nestedLevel>
  <property name="startLine">30</property>
  <property name="stepIndex">8</property>
</record>
<record>
  <date>2019-03-25T13:12:26</date>
  <millis>1553499746327</millis>
  <sequence>42</sequence>
  <level>INFO</level>
  <class>com.kms.katalon.core.logging.XmlKeywordLogger</class>
  <method>logMessage</method>
  <thread>1</thread>
  <message>HAR: E:\\MarkitCore\\Katalon\\MarkitCoreWebService\\Reports\\DataDrivenDemo\\20190325_131220\\requests\\main\\3.har</message>
  <nestedLevel>1</nestedLevel>
  <property name="harId">f1833e77-8cba-494d-9a7c-6b5ec307d81c</property>
</record>
<record>
  <date>2019-03-25T13:12:26</date>
  <millis>1553499746332</millis>
  <sequence>43</sequence>
  <level>PASSED</level>
  <class>com.kms.katalon.core.logging.XmlKeywordLogger</class>
  <method>logMessage</method>
  <thread>1</thread>
  <message>Send request successfully</message>
  <nestedLevel>1</nestedLevel>
</record>
<record>
  <date>2019-03-25T13:12:26</date>
  <millis>1553499746333</millis>
  <sequence>44</sequence>
  <level>END</level>
  <class>com.kms.katalon.core.logging.XmlKeywordLogger</class>
  <method>endKeyword</method>
  <thread>1</thread>
  <message>End action : sendRequest(findTestObject(\&amp;quot;POST\&amp;quot;, [\&amp;quot;Sum3\&amp;quot;:Sum_3]))</message>
  <nestedLevel>1</nestedLevel>
</record>
<record>
  <date>2019-03-25T13:12:26</date>
  <millis>1553499746333</millis>
  <sequence>45</sequence>
  <level>START</level>
  <class>com.kms.katalon.core.logging.XmlKeywordLogger</class>
  <method>startKeyword</method>
  <thread>1</thread>
  <message>Start action : println(\&amp;quot;..Using Sum4 :\&amp;quot; + Sum_4)</message>
  <nestedLevel>1</nestedLevel>
  <property name="startLine">32</property>
  <property name="stepIndex">9</property>
</record>
<record>
  <date>2019-03-25T13:12:26</date>
  <millis>1553499746334</millis>
  <sequence>46</sequence>
  <level>END</level>
  <class>com.kms.katalon.core.logging.XmlKeywordLogger</class>
  <method>endKeyword</method>
  <thread>1</thread>
  <message>End action : println(\&amp;quot;..Using Sum4 :\&amp;quot; + Sum_4)</message>
  <nestedLevel>1</nestedLevel>
</record>
<record>
  <date>2019-03-25T13:12:26</date>
  <millis>1553499746334</millis>
  <sequence>47</sequence>
  <level>START</level>
  <class>com.kms.katalon.core.logging.XmlKeywordLogger</class>
  <method>startKeyword</method>
  <thread>1</thread>
  <message>Start action : sendRequest(findTestObject(\&amp;quot;POST\&amp;quot;, [\&amp;quot;Sum4\&amp;quot;:Sum_4]))</message>
  <nestedLevel>1</nestedLevel>
  <property name="startLine">34</property>
  <property name="stepIndex">10</property>
</record>
<record>
  <date>2019-03-25T13:12:26</date>
  <millis>1553499746645</millis>
  <sequence>50</sequence>
  <level>INFO</level>
  <class>com.kms.katalon.core.logging.XmlKeywordLogger</class>
  <method>logMessage</method>
  <thread>1</thread>
  <message>HAR: E:\\MarkitCore\\Katalon\\MarkitCoreWebService\\Reports\\DataDrivenDemo\\20190325_131220\\requests\\main\\4.har</message>
  <nestedLevel>1</nestedLevel>
  <property name="harId">a745f2a3-2f72-4c4b-939d-251d3c8391d3</property>
</record>
<record>
  <date>2019-03-25T13:12:26</date>
  <millis>1553499746651</millis>
  <sequence>51</sequence>
  <level>PASSED</level>
  <class>com.kms.katalon.core.logging.XmlKeywordLogger</class>
  <method>logMessage</method>
  <thread>1</thread>
  <message>Send request successfully</message>
  <nestedLevel>1</nestedLevel>
</record>
<record>
  <date>2019-03-25T13:12:26</date>
  <millis>1553499746651</millis>
  <sequence>52</sequence>
  <level>END</level>
  <class>com.kms.katalon.core.logging.XmlKeywordLogger</class>
  <method>endKeyword</method>
  <thread>1</thread>
  <message>End action : sendRequest(findTestObject(\&amp;quot;POST\&amp;quot;, [\&amp;quot;Sum4\&amp;quot;:Sum_4]))</message>
  <nestedLevel>1</nestedLevel>
</record>
<record>
  <date>2019-03-25T13:12:26</date>
  <millis>1553499746652</millis>
  <sequence>53</sequence>
  <level>PASSED</level>
  <class>com.kms.katalon.core.logging.XmlKeywordLogger</class>
  <method>logMessage</method>
  <thread>1</thread>
  <message>Test Cases/DataDrivenDemoTest</message>
  <nestedLevel>1</nestedLevel>
</record>
<record>
  <date>2019-03-25T13:12:26</date>
  <millis>1553499746652</millis>
  <sequence>54</sequence>
  <level>END</level>
  <class>com.kms.katalon.core.logging.XmlKeywordLogger</class>
  <method>endTest</method>
  <thread>1</thread>
  <message>End Test Case : Test Cases/DataDrivenDemoTest</message>
  <nestedLevel>0</nestedLevel>
</record>
<record>
  <date>2019-03-25T13:12:26</date>
  <millis>1553499746654</millis>
  <sequence>55</sequence>
  <level>START</level>
  <class>com.kms.katalon.core.logging.XmlKeywordLogger</class>
  <method>startTest</method>
  <thread>1</thread>
  <message>Start Test Case : Test Cases/DataDrivenDemoTest</message>
  <nestedLevel>1</nestedLevel>
  <property name="name">Test Cases/DataDrivenDemoTest</property>
  <property name="description"></property>
  <property name="id">Test Cases/DataDrivenDemoTest</property>
  <property name="source">E:\\MarkitCore\\Katalon\\MarkitCoreWebService\\Test Cases\\DataDrivenDemoTest.tc</property>
  <property name="isOptional">false</property>
</record>
<record>
  <date>2019-03-25T13:12:26</date>
  <millis>1553499746661</millis>
  <sequence>57</sequence>
  <level>INFO</level>
  <class>com.kms.katalon.core.logging.XmlKeywordLogger</class>
  <method>logMessage</method>
  <thread>1</thread>
  <message>ProductCode = WSI</message>
  <nestedLevel>1</nestedLevel>
</record>
<record>
  <date>2019-03-25T13:12:26</date>
  <millis>1553499746661</millis>
  <sequence>58</sequence>
  <level>INFO</level>
  <class>com.kms.katalon.core.logging.XmlKeywordLogger</class>
  <method>logMessage</method>
  <thread>1</thread>
  <message>Sum_1 = 1500</message>
  <nestedLevel>1</nestedLevel>
</record>
<record>
  <date>2019-03-25T13:12:26</date>
  <millis>1553499746661</millis>
  <sequence>59</sequence>
  <level>INFO</level>
  <class>com.kms.katalon.core.logging.XmlKeywordLogger</class>
  <method>logMessage</method>
  <thread>1</thread>
  <message>Sum_2 = 2000</message>
  <nestedLevel>1</nestedLevel>
</record>
<record>
  <date>2019-03-25T13:12:26</date>
  <millis>1553499746661</millis>
  <sequence>60</sequence>
  <level>INFO</level>
  <class>com.kms.katalon.core.logging.XmlKeywordLogger</class>
  <method>logMessage</method>
  <thread>1</thread>
  <message>Sum_3 = 3000</message>
  <nestedLevel>1</nestedLevel>
</record>
<record>
  <date>2019-03-25T13:12:26</date>
  <millis>1553499746662</millis>
  <sequence>61</sequence>
  <level>INFO</level>
  <class>com.kms.katalon.core.logging.XmlKeywordLogger</class>
  <method>logMessage</method>
  <thread>1</thread>
  <message>Sum_4 = 4000</message>
  <nestedLevel>1</nestedLevel>
</record>
<record>
  <date>2019-03-25T13:12:26</date>
  <millis>1553499746663</millis>
  <sequence>62</sequence>
  <level>START</level>
  <class>com.kms.katalon.core.logging.XmlKeywordLogger</class>
  <method>startKeyword</method>
  <thread>1</thread>
  <message>Start action : println(\&amp;quot;..Using Product Code :\&amp;quot; + ProductCode)</message>
  <nestedLevel>1</nestedLevel>
  <property name="startLine">16</property>
  <property name="stepIndex">1</property>
</record>
<record>
  <date>2019-03-25T13:12:26</date>
  <millis>1553499746663</millis>
  <sequence>63</sequence>
  <level>END</level>
  <class>com.kms.katalon.core.logging.XmlKeywordLogger</class>
  <method>endKeyword</method>
  <thread>1</thread>
  <message>End action : println(\&amp;quot;..Using Product Code :\&amp;quot; + ProductCode)</message>
  <nestedLevel>1</nestedLevel>
</record>
<record>
  <date>2019-03-25T13:12:26</date>
  <millis>1553499746663</millis>
  <sequence>64</sequence>
  <level>START</level>
  <class>com.kms.katalon.core.logging.XmlKeywordLogger</class>
  <method>startKeyword</method>
  <thread>1</thread>
  <message>Start action : sendRequest(findTestObject(\&amp;quot;POST\&amp;quot;, [\&amp;quot;Prod_Name\&amp;quot;:ProductCode]))</message>
  <nestedLevel>1</nestedLevel>
  <property name="startLine">18</property>
  <property name="stepIndex">2</property>
</record>
<record>
  <date>2019-03-25T13:12:27</date>
  <millis>1553499747002</millis>
  <sequence>68</sequence>
  <level>INFO</level>
  <class>com.kms.katalon.core.logging.XmlKeywordLogger</class>
  <method>logMessage</method>
  <thread>1</thread>
  <message>HAR: E:\\MarkitCore\\Katalon\\MarkitCoreWebService\\Reports\\DataDrivenDemo\\20190325_131220\\requests\\main\\5.har</message>
  <nestedLevel>1</nestedLevel>
  <property name="harId">0300c196-72d3-4ffa-afe8-6b9b08e41688</property>
</record>
<record>
  <date>2019-03-25T13:12:27</date>
  <millis>1553499747009</millis>
  <sequence>69</sequence>
  <level>PASSED</level>
  <class>com.kms.katalon.core.logging.XmlKeywordLogger</class>
  <method>logMessage</method>
  <thread>1</thread>
  <message>Send request successfully</message>
  <nestedLevel>1</nestedLevel>
</record>
<record>
  <date>2019-03-25T13:12:27</date>
  <millis>1553499747010</millis>
  <sequence>70</sequence>
  <level>END</level>
  <class>com.kms.katalon.core.logging.XmlKeywordLogger</class>
  <method>endKeyword</method>
  <thread>1</thread>
  <message>End action : sendRequest(findTestObject(\&amp;quot;POST\&amp;quot;, [\&amp;quot;Prod_Name\&amp;quot;:ProductCode]))</message>
  <nestedLevel>1</nestedLevel>
</record>
<record>
  <date>2019-03-25T13:12:27</date>
  <millis>1553499747010</millis>
  <sequence>71</sequence>
  <level>START</level>
  <class>com.kms.katalon.core.logging.XmlKeywordLogger</class>
  <method>startKeyword</method>
  <thread>1</thread>
  <message>Start action : println(\&amp;quot;..Using Sum1 :\&amp;quot; + Sum_1)</message>
  <nestedLevel>1</nestedLevel>
  <property name="startLine">20</property>
  <property name="stepIndex">3</property>
</record>
<record>
  <date>2019-03-25T13:12:27</date>
  <millis>1553499747011</millis>
  <sequence>72</sequence>
  <level>END</level>
  <class>com.kms.katalon.core.logging.XmlKeywordLogger</class>
  <method>endKeyword</method>
  <thread>1</thread>
  <message>End action : println(\&amp;quot;..Using Sum1 :\&amp;quot; + Sum_1)</message>
  <nestedLevel>1</nestedLevel>
</record>
<record>
  <date>2019-03-25T13:12:27</date>
  <millis>1553499747011</millis>
  <sequence>73</sequence>
  <level>START</level>
  <class>com.kms.katalon.core.logging.XmlKeywordLogger</class>
  <method>startKeyword</method>
  <thread>1</thread>
  <message>Start action : sendRequest(findTestObject(\&amp;quot;POST\&amp;quot;, [\&amp;quot;Sum1\&amp;quot;:Sum_1]))</message>
  <nestedLevel>1</nestedLevel>
  <property name="startLine">22</property>
  <property name="stepIndex">4</property>
</record>
<record>
  <date>2019-03-25T13:12:27</date>
  <millis>1553499747235</millis>
  <sequence>76</sequence>
  <level>INFO</level>
  <class>com.kms.katalon.core.logging.XmlKeywordLogger</class>
  <method>logMessage</method>
  <thread>1</thread>
  <message>HAR: E:\\MarkitCore\\Katalon\\MarkitCoreWebService\\Reports\\DataDrivenDemo\\20190325_131220\\requests\\main\\6.har</message>
  <nestedLevel>1</nestedLevel>
  <property name="harId">58b55c3c-693e-4d07-820c-77c6395f688f</property>
</record>
<record>
  <date>2019-03-25T13:12:27</date>
  <millis>1553499747240</millis>
  <sequence>77</sequence>
  <level>PASSED</level>
  <class>com.kms.katalon.core.logging.XmlKeywordLogger</class>
  <method>logMessage</method>
  <thread>1</thread>
  <message>Send request successfully</message>
  <nestedLevel>1</nestedLevel>
</record>
<record>
  <date>2019-03-25T13:12:27</date>
  <millis>1553499747241</millis>
  <sequence>78</sequence>
  <level>END</level>
  <class>com.kms.katalon.core.logging.XmlKeywordLogger</class>
  <method>endKeyword</method>
  <thread>1</thread>
  <message>End action : sendRequest(findTestObject(\&amp;quot;POST\&amp;quot;, [\&amp;quot;Sum1\&amp;quot;:Sum_1]))</message>
  <nestedLevel>1</nestedLevel>
</record>
<record>
  <date>2019-03-25T13:12:27</date>
  <millis>1553499747241</millis>
  <sequence>79</sequence>
  <level>START</level>
  <class>com.kms.katalon.core.logging.XmlKeywordLogger</class>
  <method>startKeyword</method>
  <thread>1</thread>
  <message>Start action : println(\&amp;quot;..Using Sum2 :\&amp;quot; + Sum_2)</message>
  <nestedLevel>1</nestedLevel>
  <property name="startLine">24</property>
  <property name="stepIndex">5</property>
</record>
<record>
  <date>2019-03-25T13:12:27</date>
  <millis>1553499747242</millis>
  <sequence>80</sequence>
  <level>END</level>
  <class>com.kms.katalon.core.logging.XmlKeywordLogger</class>
  <method>endKeyword</method>
  <thread>1</thread>
  <message>End action : println(\&amp;quot;..Using Sum2 :\&amp;quot; + Sum_2)</message>
  <nestedLevel>1</nestedLevel>
</record>
<record>
  <date>2019-03-25T13:12:27</date>
  <millis>1553499747242</millis>
  <sequence>81</sequence>
  <level>START</level>
  <class>com.kms.katalon.core.logging.XmlKeywordLogger</class>
  <method>startKeyword</method>
  <thread>1</thread>
  <message>Start action : sendRequest(findTestObject(\&amp;quot;POST\&amp;quot;, [\&amp;quot;Sum2\&amp;quot;:Sum_2]))</message>
  <nestedLevel>1</nestedLevel>
  <property name="startLine">26</property>
  <property name="stepIndex">6</property>
</record>
<record>
  <date>2019-03-25T13:12:27</date>
  <millis>1553499747478</millis>
  <sequence>84</sequence>
  <level>INFO</level>
  <class>com.kms.katalon.core.logging.XmlKeywordLogger</class>
  <method>logMessage</method>
  <thread>1</thread>
  <message>HAR: E:\\MarkitCore\\Katalon\\MarkitCoreWebService\\Reports\\DataDrivenDemo\\20190325_131220\\requests\\main\\7.har</message>
  <nestedLevel>1</nestedLevel>
  <property name="harId">342c1860-7dfb-42b2-bf1e-e325cf25bfaf</property>
</record>
<record>
  <date>2019-03-25T13:12:27</date>
  <millis>1553499747489</millis>
  <sequence>85</sequence>
  <level>PASSED</level>
  <class>com.kms.katalon.core.logging.XmlKeywordLogger</class>
  <method>logMessage</method>
  <thread>1</thread>
  <message>Send request successfully</message>
  <nestedLevel>1</nestedLevel>
</record>
<record>
  <date>2019-03-25T13:12:27</date>
  <millis>1553499747489</millis>
  <sequence>86</sequence>
  <level>END</level>
  <class>com.kms.katalon.core.logging.XmlKeywordLogger</class>
  <method>endKeyword</method>
  <thread>1</thread>
  <message>End action : sendRequest(findTestObject(\&amp;quot;POST\&amp;quot;, [\&amp;quot;Sum2\&amp;quot;:Sum_2]))</message>
  <nestedLevel>1</nestedLevel>
</record>
<record>
  <date>2019-03-25T13:12:27</date>
  <millis>1553499747489</millis>
  <sequence>87</sequence>
  <level>START</level>
  <class>com.kms.katalon.core.logging.XmlKeywordLogger</class>
  <method>startKeyword</method>
  <thread>1</thread>
  <message>Start action : println(\&amp;quot;..Using Sum3 :\&amp;quot; + Sum_3)</message>
  <nestedLevel>1</nestedLevel>
  <property name="startLine">28</property>
  <property name="stepIndex">7</property>
</record>
<record>
  <date>2019-03-25T13:12:27</date>
  <millis>1553499747490</millis>
  <sequence>88</sequence>
  <level>END</level>
  <class>com.kms.katalon.core.logging.XmlKeywordLogger</class>
  <method>endKeyword</method>
  <thread>1</thread>
  <message>End action : println(\&amp;quot;..Using Sum3 :\&amp;quot; + Sum_3)</message>
  <nestedLevel>1</nestedLevel>
</record>
<record>
  <date>2019-03-25T13:12:27</date>
  <millis>1553499747490</millis>
  <sequence>89</sequence>
  <level>START</level>
  <class>com.kms.katalon.core.logging.XmlKeywordLogger</class>
  <method>startKeyword</method>
  <thread>1</thread>
  <message>Start action : sendRequest(findTestObject(\&amp;quot;POST\&amp;quot;, [\&amp;quot;Sum3\&amp;quot;:Sum_3]))</message>
  <nestedLevel>1</nestedLevel>
  <property name="startLine">30</property>
  <property name="stepIndex">8</property>
</record>
<record>
  <date>2019-03-25T13:12:28</date>
  <millis>1553499748020</millis>
  <sequence>92</sequence>
  <level>INFO</level>
  <class>com.kms.katalon.core.logging.XmlKeywordLogger</class>
  <method>logMessage</method>
  <thread>1</thread>
  <message>HAR: E:\\MarkitCore\\Katalon\\MarkitCoreWebService\\Reports\\DataDrivenDemo\\20190325_131220\\requests\\main\\8.har</message>
  <nestedLevel>1</nestedLevel>
  <property name="harId">b4d57fd0-745e-4a41-9c6e-8874e220ffd1</property>
</record>
<record>
  <date>2019-03-25T13:12:28</date>
  <millis>1553499748030</millis>
  <sequence>93</sequence>
  <level>PASSED</level>
  <class>com.kms.katalon.core.logging.XmlKeywordLogger</class>
  <method>logMessage</method>
  <thread>1</thread>
  <message>Send request successfully</message>
  <nestedLevel>1</nestedLevel>
</record>
<record>
  <date>2019-03-25T13:12:28</date>
  <millis>1553499748031</millis>
  <sequence>94</sequence>
  <level>END</level>
  <class>com.kms.katalon.core.logging.XmlKeywordLogger</class>
  <method>endKeyword</method>
  <thread>1</thread>
  <message>End action : sendRequest(findTestObject(\&amp;quot;POST\&amp;quot;, [\&amp;quot;Sum3\&amp;quot;:Sum_3]))</message>
  <nestedLevel>1</nestedLevel>
</record>
<record>
  <date>2019-03-25T13:12:28</date>
  <millis>1553499748031</millis>
  <sequence>95</sequence>
  <level>START</level>
  <class>com.kms.katalon.core.logging.XmlKeywordLogger</class>
  <method>startKeyword</method>
  <thread>1</thread>
  <message>Start action : println(\&amp;quot;..Using Sum4 :\&amp;quot; + Sum_4)</message>
  <nestedLevel>1</nestedLevel>
  <property name="startLine">32</property>
  <property name="stepIndex">9</property>
</record>
<record>
  <date>2019-03-25T13:12:28</date>
  <millis>1553499748032</millis>
  <sequence>96</sequence>
  <level>END</level>
  <class>com.kms.katalon.core.logging.XmlKeywordLogger</class>
  <method>endKeyword</method>
  <thread>1</thread>
  <message>End action : println(\&amp;quot;..Using Sum4 :\&amp;quot; + Sum_4)</message>
  <nestedLevel>1</nestedLevel>
</record>
<record>
  <date>2019-03-25T13:12:28</date>
  <millis>1553499748032</millis>
  <sequence>97</sequence>
  <level>START</level>
  <class>com.kms.katalon.core.logging.XmlKeywordLogger</class>
  <method>startKeyword</method>
  <thread>1</thread>
  <message>Start action : sendRequest(findTestObject(\&amp;quot;POST\&amp;quot;, [\&amp;quot;Sum4\&amp;quot;:Sum_4]))</message>
  <nestedLevel>1</nestedLevel>
  <property name="startLine">34</property>
  <property name="stepIndex">10</property>
</record>
<record>
  <date>2019-03-25T13:12:28</date>
  <millis>1553499748689</millis>
  <sequence>100</sequence>
  <level>INFO</level>
  <class>com.kms.katalon.core.logging.XmlKeywordLogger</class>
  <method>logMessage</method>
  <thread>1</thread>
  <message>HAR: E:\\MarkitCore\\Katalon\\MarkitCoreWebService\\Reports\\DataDrivenDemo\\20190325_131220\\requests\\main\\9.har</message>
  <nestedLevel>1</nestedLevel>
  <property name="harId">56025055-a5ae-487e-851d-05e9a982fd7b</property>
</record>
<record>
  <date>2019-03-25T13:12:28</date>
  <millis>1553499748699</millis>
  <sequence>101</sequence>
  <level>PASSED</level>
  <class>com.kms.katalon.core.logging.XmlKeywordLogger</class>
  <method>logMessage</method>
  <thread>1</thread>
  <message>Send request successfully</message>
  <nestedLevel>1</nestedLevel>
</record>
<record>
  <date>2019-03-25T13:12:28</date>
  <millis>1553499748700</millis>
  <sequence>102</sequence>
  <level>END</level>
  <class>com.kms.katalon.core.logging.XmlKeywordLogger</class>
  <method>endKeyword</method>
  <thread>1</thread>
  <message>End action : sendRequest(findTestObject(\&amp;quot;POST\&amp;quot;, [\&amp;quot;Sum4\&amp;quot;:Sum_4]))</message>
  <nestedLevel>1</nestedLevel>
</record>
<record>
  <date>2019-03-25T13:12:28</date>
  <millis>1553499748700</millis>
  <sequence>103</sequence>
  <level>PASSED</level>
  <class>com.kms.katalon.core.logging.XmlKeywordLogger</class>
  <method>logMessage</method>
  <thread>1</thread>
  <message>Test Cases/DataDrivenDemoTest</message>
  <nestedLevel>1</nestedLevel>
</record>
<record>
  <date>2019-03-25T13:12:28</date>
  <millis>1553499748701</millis>
  <sequence>104</sequence>
  <level>END</level>
  <class>com.kms.katalon.core.logging.XmlKeywordLogger</class>
  <method>endTest</method>
  <thread>1</thread>
  <message>End Test Case : Test Cases/DataDrivenDemoTest</message>
  <nestedLevel>0</nestedLevel>
</record>
<record>
  <date>2019-03-25T13:12:28</date>
  <millis>1553499748994</millis>
  <sequence>105</sequence>
  <level>END</level>
  <class>com.kms.katalon.core.logging.XmlKeywordLogger</class>
  <method>endSuite</method>
  <thread>1</thread>
  <message>End Test Suite : Test Suites/DataDrivenDemo</message>
  <nestedLevel>0</nestedLevel>
</record>
</log>