<?xml version="1.0" encoding="UTF-8" standalone="no"?>
<!DOCTYPE log SYSTEM "logger.dtd">
<log>
<record>
  <date>2019-03-25T18:07:07</date>
  <millis>1553517427905</millis>
  <sequence>0</sequence>
  <level>START</level>
  <class>com.kms.katalon.core.logging.XmlKeywordLogger</class>
  <method>startSuite</method>
  <thread>1</thread>
  <message>Start Test Suite : Test Suites/DataDrivenDemo</message>
  <nestedLevel>0</nestedLevel>
  <property name="name">DataDrivenDemo</property>
  <property name="description"></property>
  <property name="id">Test Suites/DataDrivenDemo</property>
</record>
<record>
  <date>2019-03-25T18:07:07</date>
  <millis>1553517427949</millis>
  <sequence>1</sequence>
  <level>RUN_DATA</level>
  <class>com.kms.katalon.core.logging.XmlKeywordLogger</class>
  <method>logMessage</method>
  <thread>1</thread>
  <message>hostName = Pravakar - Pravakar-VAIO</message>
  <nestedLevel>0</nestedLevel>
  <property name="hostName">Pravakar - Pravakar-VAIO</property>
</record>
<record>
  <date>2019-03-25T18:07:07</date>
  <millis>1553517427951</millis>
  <sequence>2</sequence>
  <level>RUN_DATA</level>
  <class>com.kms.katalon.core.logging.XmlKeywordLogger</class>
  <method>logMessage</method>
  <thread>1</thread>
  <message>os = Windows 7 64bit</message>
  <nestedLevel>0</nestedLevel>
  <property name="os">Windows 7 64bit</property>
</record>
<record>
  <date>2019-03-25T18:07:07</date>
  <millis>1553517427952</millis>
  <sequence>3</sequence>
  <level>RUN_DATA</level>
  <class>com.kms.katalon.core.logging.XmlKeywordLogger</class>
  <method>logMessage</method>
  <thread>1</thread>
  <message>hostAddress = 10.0.12.9</message>
  <nestedLevel>0</nestedLevel>
  <property name="hostAddress">10.0.12.9</property>
</record>
<record>
  <date>2019-03-25T18:07:07</date>
  <millis>1553517427954</millis>
  <sequence>4</sequence>
  <level>RUN_DATA</level>
  <class>com.kms.katalon.core.logging.XmlKeywordLogger</class>
  <method>logMessage</method>
  <thread>1</thread>
  <message>katalonVersion = 6.0.4.7</message>
  <nestedLevel>0</nestedLevel>
  <property name="katalonVersion">6.0.4.7</property>
</record>
<record>
  <date>2019-03-25T18:07:08</date>
  <millis>1553517428532</millis>
  <sequence>5</sequence>
  <level>START</level>
  <class>com.kms.katalon.core.logging.XmlKeywordLogger</class>
  <method>startTest</method>
  <thread>1</thread>
  <message>Start Test Case : Test Cases/DataDrivenDemoTest</message>
  <nestedLevel>1</nestedLevel>
  <property name="name">Test Cases/DataDrivenDemoTest</property>
  <property name="description"></property>
  <property name="id">Test Cases/DataDrivenDemoTest</property>
  <property name="source">C:\\katalonwork\\Katalon\\MarkitCoreWebService\\Test Cases\\DataDrivenDemoTest.tc</property>
  <property name="isOptional">false</property>
</record>
<record>
  <date>2019-03-25T18:07:08</date>
  <millis>1553517428585</millis>
  <sequence>7</sequence>
  <level>INFO</level>
  <class>com.kms.katalon.core.logging.XmlKeywordLogger</class>
  <method>logMessage</method>
  <thread>1</thread>
  <message>ProductCode = WSI</message>
  <nestedLevel>1</nestedLevel>
</record>
<record>
  <date>2019-03-25T18:07:08</date>
  <millis>1553517428586</millis>
  <sequence>8</sequence>
  <level>INFO</level>
  <class>com.kms.katalon.core.logging.XmlKeywordLogger</class>
  <method>logMessage</method>
  <thread>1</thread>
  <message>Sum_1 = 1200</message>
  <nestedLevel>1</nestedLevel>
</record>
<record>
  <date>2019-03-25T18:07:08</date>
  <millis>1553517428587</millis>
  <sequence>9</sequence>
  <level>INFO</level>
  <class>com.kms.katalon.core.logging.XmlKeywordLogger</class>
  <method>logMessage</method>
  <thread>1</thread>
  <message>Sum_2 = 1001</message>
  <nestedLevel>1</nestedLevel>
</record>
<record>
  <date>2019-03-25T18:07:08</date>
  <millis>1553517428588</millis>
  <sequence>10</sequence>
  <level>INFO</level>
  <class>com.kms.katalon.core.logging.XmlKeywordLogger</class>
  <method>logMessage</method>
  <thread>1</thread>
  <message>Sum_3 = 2300</message>
  <nestedLevel>1</nestedLevel>
</record>
<record>
  <date>2019-03-25T18:07:08</date>
  <millis>1553517428589</millis>
  <sequence>11</sequence>
  <level>INFO</level>
  <class>com.kms.katalon.core.logging.XmlKeywordLogger</class>
  <method>logMessage</method>
  <thread>1</thread>
  <message>Sum_4 = 3333</message>
  <nestedLevel>1</nestedLevel>
</record>
<record>
  <date>2019-03-25T18:07:09</date>
  <millis>1553517429614</millis>
  <sequence>12</sequence>
  <level>START</level>
  <class>com.kms.katalon.core.logging.XmlKeywordLogger</class>
  <method>startKeyword</method>
  <thread>1</thread>
  <message>Start action : println(\&amp;quot;..Using Product Code :\&amp;quot; + ProductCode)</message>
  <nestedLevel>1</nestedLevel>
  <property name="startLine">16</property>
  <property name="stepIndex">1</property>
</record>
<record>
  <date>2019-03-25T18:07:09</date>
  <millis>1553517429627</millis>
  <sequence>13</sequence>
  <level>END</level>
  <class>com.kms.katalon.core.logging.XmlKeywordLogger</class>
  <method>endKeyword</method>
  <thread>1</thread>
  <message>End action : println(\&amp;quot;..Using Product Code :\&amp;quot; + ProductCode)</message>
  <nestedLevel>1</nestedLevel>
</record>
<record>
  <date>2019-03-25T18:07:09</date>
  <millis>1553517429627</millis>
  <sequence>14</sequence>
  <level>START</level>
  <class>com.kms.katalon.core.logging.XmlKeywordLogger</class>
  <method>startKeyword</method>
  <thread>1</thread>
  <message>Start action : sendRequest(findTestObject(\&amp;quot;POST\&amp;quot;, [\&amp;quot;Prod_Name\&amp;quot;:ProductCode]))</message>
  <nestedLevel>1</nestedLevel>
  <property name="startLine">18</property>
  <property name="stepIndex">2</property>
</record>
<record>
  <date>2019-03-25T18:07:13</date>
  <millis>1553517433990</millis>
  <sequence>18</sequence>
  <level>INFO</level>
  <class>com.kms.katalon.core.logging.XmlKeywordLogger</class>
  <method>logMessage</method>
  <thread>1</thread>
  <message>HAR: C:\\katalonwork\\Katalon\\MarkitCoreWebService\\Reports\\DataDrivenDemo\\20190325_180702\\requests\\main\\0.har</message>
  <nestedLevel>1</nestedLevel>
  <property name="harId">74d6f403-f188-48a9-b0c1-96e23571a9d7</property>
</record>
<record>
  <date>2019-03-25T18:07:14</date>
  <millis>1553517434594</millis>
  <sequence>19</sequence>
  <level>PASSED</level>
  <class>com.kms.katalon.core.logging.XmlKeywordLogger</class>
  <method>logMessage</method>
  <thread>1</thread>
  <message>Send request successfully</message>
  <nestedLevel>1</nestedLevel>
</record>
<record>
  <date>2019-03-25T18:07:14</date>
  <millis>1553517434596</millis>
  <sequence>20</sequence>
  <level>END</level>
  <class>com.kms.katalon.core.logging.XmlKeywordLogger</class>
  <method>endKeyword</method>
  <thread>1</thread>
  <message>End action : sendRequest(findTestObject(\&amp;quot;POST\&amp;quot;, [\&amp;quot;Prod_Name\&amp;quot;:ProductCode]))</message>
  <nestedLevel>1</nestedLevel>
</record>
<record>
  <date>2019-03-25T18:07:14</date>
  <millis>1553517434597</millis>
  <sequence>21</sequence>
  <level>START</level>
  <class>com.kms.katalon.core.logging.XmlKeywordLogger</class>
  <method>startKeyword</method>
  <thread>1</thread>
  <message>Start action : println(\&amp;quot;..Using Sum1 :\&amp;quot; + Sum_1)</message>
  <nestedLevel>1</nestedLevel>
  <property name="startLine">20</property>
  <property name="stepIndex">3</property>
</record>
<record>
  <date>2019-03-25T18:07:14</date>
  <millis>1553517434600</millis>
  <sequence>22</sequence>
  <level>END</level>
  <class>com.kms.katalon.core.logging.XmlKeywordLogger</class>
  <method>endKeyword</method>
  <thread>1</thread>
  <message>End action : println(\&amp;quot;..Using Sum1 :\&amp;quot; + Sum_1)</message>
  <nestedLevel>1</nestedLevel>
</record>
<record>
  <date>2019-03-25T18:07:14</date>
  <millis>1553517434601</millis>
  <sequence>23</sequence>
  <level>START</level>
  <class>com.kms.katalon.core.logging.XmlKeywordLogger</class>
  <method>startKeyword</method>
  <thread>1</thread>
  <message>Start action : sendRequest(findTestObject(\&amp;quot;POST\&amp;quot;, [\&amp;quot;Sum1\&amp;quot;:Sum_1]))</message>
  <nestedLevel>1</nestedLevel>
  <property name="startLine">22</property>
  <property name="stepIndex">4</property>
</record>
<record>
  <date>2019-03-25T18:07:14</date>
  <millis>1553517434951</millis>
  <sequence>26</sequence>
  <level>INFO</level>
  <class>com.kms.katalon.core.logging.XmlKeywordLogger</class>
  <method>logMessage</method>
  <thread>1</thread>
  <message>HAR: C:\\katalonwork\\Katalon\\MarkitCoreWebService\\Reports\\DataDrivenDemo\\20190325_180702\\requests\\main\\1.har</message>
  <nestedLevel>1</nestedLevel>
  <property name="harId">13574dfd-5af3-41fa-a2d2-b86efca5bad2</property>
</record>
<record>
  <date>2019-03-25T18:07:14</date>
  <millis>1553517434958</millis>
  <sequence>27</sequence>
  <level>PASSED</level>
  <class>com.kms.katalon.core.logging.XmlKeywordLogger</class>
  <method>logMessage</method>
  <thread>1</thread>
  <message>Send request successfully</message>
  <nestedLevel>1</nestedLevel>
</record>
<record>
  <date>2019-03-25T18:07:14</date>
  <millis>1553517434960</millis>
  <sequence>28</sequence>
  <level>END</level>
  <class>com.kms.katalon.core.logging.XmlKeywordLogger</class>
  <method>endKeyword</method>
  <thread>1</thread>
  <message>End action : sendRequest(findTestObject(\&amp;quot;POST\&amp;quot;, [\&amp;quot;Sum1\&amp;quot;:Sum_1]))</message>
  <nestedLevel>1</nestedLevel>
</record>
<record>
  <date>2019-03-25T18:07:14</date>
  <millis>1553517434960</millis>
  <sequence>29</sequence>
  <level>START</level>
  <class>com.kms.katalon.core.logging.XmlKeywordLogger</class>
  <method>startKeyword</method>
  <thread>1</thread>
  <message>Start action : println(\&amp;quot;..Using Sum2 :\&amp;quot; + Sum_2)</message>
  <nestedLevel>1</nestedLevel>
  <property name="startLine">24</property>
  <property name="stepIndex">5</property>
</record>
<record>
  <date>2019-03-25T18:07:14</date>
  <millis>1553517434963</millis>
  <sequence>30</sequence>
  <level>END</level>
  <class>com.kms.katalon.core.logging.XmlKeywordLogger</class>
  <method>endKeyword</method>
  <thread>1</thread>
  <message>End action : println(\&amp;quot;..Using Sum2 :\&amp;quot; + Sum_2)</message>
  <nestedLevel>1</nestedLevel>
</record>
<record>
  <date>2019-03-25T18:07:14</date>
  <millis>1553517434965</millis>
  <sequence>31</sequence>
  <level>START</level>
  <class>com.kms.katalon.core.logging.XmlKeywordLogger</class>
  <method>startKeyword</method>
  <thread>1</thread>
  <message>Start action : sendRequest(findTestObject(\&amp;quot;POST\&amp;quot;, [\&amp;quot;Sum2\&amp;quot;:Sum_2]))</message>
  <nestedLevel>1</nestedLevel>
  <property name="startLine">26</property>
  <property name="stepIndex">6</property>
</record>
<record>
  <date>2019-03-25T18:07:15</date>
  <millis>1553517435256</millis>
  <sequence>34</sequence>
  <level>INFO</level>
  <class>com.kms.katalon.core.logging.XmlKeywordLogger</class>
  <method>logMessage</method>
  <thread>1</thread>
  <message>HAR: C:\\katalonwork\\Katalon\\MarkitCoreWebService\\Reports\\DataDrivenDemo\\20190325_180702\\requests\\main\\2.har</message>
  <nestedLevel>1</nestedLevel>
  <property name="harId">927fa58a-a52d-40a7-ba3e-5e4653635841</property>
</record>
<record>
  <date>2019-03-25T18:07:15</date>
  <millis>1553517435262</millis>
  <sequence>35</sequence>
  <level>PASSED</level>
  <class>com.kms.katalon.core.logging.XmlKeywordLogger</class>
  <method>logMessage</method>
  <thread>1</thread>
  <message>Send request successfully</message>
  <nestedLevel>1</nestedLevel>
</record>
<record>
  <date>2019-03-25T18:07:15</date>
  <millis>1553517435264</millis>
  <sequence>36</sequence>
  <level>END</level>
  <class>com.kms.katalon.core.logging.XmlKeywordLogger</class>
  <method>endKeyword</method>
  <thread>1</thread>
  <message>End action : sendRequest(findTestObject(\&amp;quot;POST\&amp;quot;, [\&amp;quot;Sum2\&amp;quot;:Sum_2]))</message>
  <nestedLevel>1</nestedLevel>
</record>
<record>
  <date>2019-03-25T18:07:15</date>
  <millis>1553517435265</millis>
  <sequence>37</sequence>
  <level>START</level>
  <class>com.kms.katalon.core.logging.XmlKeywordLogger</class>
  <method>startKeyword</method>
  <thread>1</thread>
  <message>Start action : println(\&amp;quot;..Using Sum3 :\&amp;quot; + Sum_3)</message>
  <nestedLevel>1</nestedLevel>
  <property name="startLine">28</property>
  <property name="stepIndex">7</property>
</record>
<record>
  <date>2019-03-25T18:07:15</date>
  <millis>1553517435268</millis>
  <sequence>38</sequence>
  <level>END</level>
  <class>com.kms.katalon.core.logging.XmlKeywordLogger</class>
  <method>endKeyword</method>
  <thread>1</thread>
  <message>End action : println(\&amp;quot;..Using Sum3 :\&amp;quot; + Sum_3)</message>
  <nestedLevel>1</nestedLevel>
</record>
<record>
  <date>2019-03-25T18:07:15</date>
  <millis>1553517435269</millis>
  <sequence>39</sequence>
  <level>START</level>
  <class>com.kms.katalon.core.logging.XmlKeywordLogger</class>
  <method>startKeyword</method>
  <thread>1</thread>
  <message>Start action : sendRequest(findTestObject(\&amp;quot;POST\&amp;quot;, [\&amp;quot;Sum3\&amp;quot;:Sum_3]))</message>
  <nestedLevel>1</nestedLevel>
  <property name="startLine">30</property>
  <property name="stepIndex">8</property>
</record>
<record>
  <date>2019-03-25T18:07:15</date>
  <millis>1553517435558</millis>
  <sequence>42</sequence>
  <level>INFO</level>
  <class>com.kms.katalon.core.logging.XmlKeywordLogger</class>
  <method>logMessage</method>
  <thread>1</thread>
  <message>HAR: C:\\katalonwork\\Katalon\\MarkitCoreWebService\\Reports\\DataDrivenDemo\\20190325_180702\\requests\\main\\3.har</message>
  <nestedLevel>1</nestedLevel>
  <property name="harId">c219f4ed-a4b8-4184-a1a8-23577aa90e0f</property>
</record>
<record>
  <date>2019-03-25T18:07:15</date>
  <millis>1553517435566</millis>
  <sequence>43</sequence>
  <level>PASSED</level>
  <class>com.kms.katalon.core.logging.XmlKeywordLogger</class>
  <method>logMessage</method>
  <thread>1</thread>
  <message>Send request successfully</message>
  <nestedLevel>1</nestedLevel>
</record>
<record>
  <date>2019-03-25T18:07:15</date>
  <millis>1553517435567</millis>
  <sequence>44</sequence>
  <level>END</level>
  <class>com.kms.katalon.core.logging.XmlKeywordLogger</class>
  <method>endKeyword</method>
  <thread>1</thread>
  <message>End action : sendRequest(findTestObject(\&amp;quot;POST\&amp;quot;, [\&amp;quot;Sum3\&amp;quot;:Sum_3]))</message>
  <nestedLevel>1</nestedLevel>
</record>
<record>
  <date>2019-03-25T18:07:15</date>
  <millis>1553517435568</millis>
  <sequence>45</sequence>
  <level>START</level>
  <class>com.kms.katalon.core.logging.XmlKeywordLogger</class>
  <method>startKeyword</method>
  <thread>1</thread>
  <message>Start action : println(\&amp;quot;..Using Sum4 :\&amp;quot; + Sum_4)</message>
  <nestedLevel>1</nestedLevel>
  <property name="startLine">32</property>
  <property name="stepIndex">9</property>
</record>
<record>
  <date>2019-03-25T18:07:15</date>
  <millis>1553517435581</millis>
  <sequence>46</sequence>
  <level>END</level>
  <class>com.kms.katalon.core.logging.XmlKeywordLogger</class>
  <method>endKeyword</method>
  <thread>1</thread>
  <message>End action : println(\&amp;quot;..Using Sum4 :\&amp;quot; + Sum_4)</message>
  <nestedLevel>1</nestedLevel>
</record>
<record>
  <date>2019-03-25T18:07:15</date>
  <millis>1553517435582</millis>
  <sequence>47</sequence>
  <level>START</level>
  <class>com.kms.katalon.core.logging.XmlKeywordLogger</class>
  <method>startKeyword</method>
  <thread>1</thread>
  <message>Start action : sendRequest(findTestObject(\&amp;quot;POST\&amp;quot;, [\&amp;quot;Sum4\&amp;quot;:Sum_4]))</message>
  <nestedLevel>1</nestedLevel>
  <property name="startLine">34</property>
  <property name="stepIndex">10</property>
</record>
<record>
  <date>2019-03-25T18:07:15</date>
  <millis>1553517435950</millis>
  <sequence>50</sequence>
  <level>INFO</level>
  <class>com.kms.katalon.core.logging.XmlKeywordLogger</class>
  <method>logMessage</method>
  <thread>1</thread>
  <message>HAR: C:\\katalonwork\\Katalon\\MarkitCoreWebService\\Reports\\DataDrivenDemo\\20190325_180702\\requests\\main\\4.har</message>
  <nestedLevel>1</nestedLevel>
  <property name="harId">bbf2c304-e0f6-4ae5-a40f-1876a478b9ad</property>
</record>
<record>
  <date>2019-03-25T18:07:15</date>
  <millis>1553517435956</millis>
  <sequence>51</sequence>
  <level>PASSED</level>
  <class>com.kms.katalon.core.logging.XmlKeywordLogger</class>
  <method>logMessage</method>
  <thread>1</thread>
  <message>Send request successfully</message>
  <nestedLevel>1</nestedLevel>
</record>
<record>
  <date>2019-03-25T18:07:15</date>
  <millis>1553517435957</millis>
  <sequence>52</sequence>
  <level>END</level>
  <class>com.kms.katalon.core.logging.XmlKeywordLogger</class>
  <method>endKeyword</method>
  <thread>1</thread>
  <message>End action : sendRequest(findTestObject(\&amp;quot;POST\&amp;quot;, [\&amp;quot;Sum4\&amp;quot;:Sum_4]))</message>
  <nestedLevel>1</nestedLevel>
</record>
<record>
  <date>2019-03-25T18:07:15</date>
  <millis>1553517435957</millis>
  <sequence>53</sequence>
  <level>PASSED</level>
  <class>com.kms.katalon.core.logging.XmlKeywordLogger</class>
  <method>logMessage</method>
  <thread>1</thread>
  <message>Test Cases/DataDrivenDemoTest</message>
  <nestedLevel>1</nestedLevel>
</record>
<record>
  <date>2019-03-25T18:07:15</date>
  <millis>1553517435959</millis>
  <sequence>54</sequence>
  <level>END</level>
  <class>com.kms.katalon.core.logging.XmlKeywordLogger</class>
  <method>endTest</method>
  <thread>1</thread>
  <message>End Test Case : Test Cases/DataDrivenDemoTest</message>
  <nestedLevel>0</nestedLevel>
</record>
<record>
  <date>2019-03-25T18:07:16</date>
  <millis>1553517436128</millis>
  <sequence>55</sequence>
  <level>END</level>
  <class>com.kms.katalon.core.logging.XmlKeywordLogger</class>
  <method>endSuite</method>
  <thread>1</thread>
  <message>End Test Suite : Test Suites/DataDrivenDemo</message>
  <nestedLevel>0</nestedLevel>
</record>
</log>