<?xml version="1.0" encoding="UTF-8" standalone="no"?>
<!DOCTYPE log SYSTEM "logger.dtd">
<log>
<record>
  <date>2019-04-01T15:54:00</date>
  <millis>1554114240428</millis>
  <sequence>0</sequence>
  <level>START</level>
  <class>com.kms.katalon.core.logging.XmlKeywordLogger</class>
  <method>startSuite</method>
  <thread>1</thread>
  <message>Start Test Suite : Test Suites/BasicDemoProduct/BasicDemoProduct</message>
  <nestedLevel>0</nestedLevel>
  <property name="name">BasicDemoProduct</property>
  <property name="description"></property>
  <property name="id">Test Suites/BasicDemoProduct/BasicDemoProduct</property>
</record>
<record>
  <date>2019-04-01T15:54:00</date>
  <millis>1554114240454</millis>
  <sequence>1</sequence>
  <level>RUN_DATA</level>
  <class>com.kms.katalon.core.logging.XmlKeywordLogger</class>
  <method>logMessage</method>
  <thread>1</thread>
  <message>hostName = dipak - DIPAKDAS-PC.indusnettechnologies.com</message>
  <nestedLevel>0</nestedLevel>
  <property name="hostName">dipak - DIPAKDAS-PC.indusnettechnologies.com</property>
</record>
<record>
  <date>2019-04-01T15:54:00</date>
  <millis>1554114240455</millis>
  <sequence>2</sequence>
  <level>RUN_DATA</level>
  <class>com.kms.katalon.core.logging.XmlKeywordLogger</class>
  <method>logMessage</method>
  <thread>1</thread>
  <message>os = Windows 7 32bit</message>
  <nestedLevel>0</nestedLevel>
  <property name="os">Windows 7 32bit</property>
</record>
<record>
  <date>2019-04-01T15:54:00</date>
  <millis>1554114240455</millis>
  <sequence>3</sequence>
  <level>RUN_DATA</level>
  <class>com.kms.katalon.core.logging.XmlKeywordLogger</class>
  <method>logMessage</method>
  <thread>1</thread>
  <message>hostAddress = 10.0.12.237</message>
  <nestedLevel>0</nestedLevel>
  <property name="hostAddress">10.0.12.237</property>
</record>
<record>
  <date>2019-04-01T15:54:00</date>
  <millis>1554114240457</millis>
  <sequence>4</sequence>
  <level>RUN_DATA</level>
  <class>com.kms.katalon.core.logging.XmlKeywordLogger</class>
  <method>logMessage</method>
  <thread>1</thread>
  <message>katalonVersion = 6.0.5.4</message>
  <nestedLevel>0</nestedLevel>
  <property name="katalonVersion">6.0.5.4</property>
</record>
<record>
  <date>2019-04-01T15:54:00</date>
  <millis>1554114240769</millis>
  <sequence>5</sequence>
  <level>START</level>
  <class>com.kms.katalon.core.logging.XmlKeywordLogger</class>
  <method>startTest</method>
  <thread>1</thread>
  <message>Start Test Case : Test Cases/BasicDemoProduct/BasicDemoProductData</message>
  <nestedLevel>1</nestedLevel>
  <property name="name">Test Cases/BasicDemoProduct/BasicDemoProductData</property>
  <property name="description"></property>
  <property name="id">Test Cases/BasicDemoProduct/BasicDemoProductData</property>
  <property name="source">E:\\MarkitCore\\Katalon\\MarkitCoreWebService\\Test Cases\\BasicDemoProduct\\BasicDemoProductData.tc</property>
  <property name="isOptional">false</property>
</record>
<record>
  <date>2019-04-01T15:54:00</date>
  <millis>1554114240824</millis>
  <sequence>7</sequence>
  <level>INFO</level>
  <class>com.kms.katalon.core.logging.XmlKeywordLogger</class>
  <method>logMessage</method>
  <thread>1</thread>
  <message>Type = Flat</message>
  <nestedLevel>1</nestedLevel>
</record>
<record>
  <date>2019-04-01T15:54:00</date>
  <millis>1554114240824</millis>
  <sequence>8</sequence>
  <level>INFO</level>
  <class>com.kms.katalon.core.logging.XmlKeywordLogger</class>
  <method>logMessage</method>
  <thread>1</thread>
  <message>BuildingSumInsure = 1000</message>
  <nestedLevel>1</nestedLevel>
</record>
<record>
  <date>2019-04-01T15:54:00</date>
  <millis>1554114240824</millis>
  <sequence>9</sequence>
  <level>INFO</level>
  <class>com.kms.katalon.core.logging.XmlKeywordLogger</class>
  <method>logMessage</method>
  <thread>1</thread>
  <message>NoOfRoom = 10</message>
  <nestedLevel>1</nestedLevel>
</record>
<record>
  <date>2019-04-01T15:54:00</date>
  <millis>1554114240825</millis>
  <sequence>10</sequence>
  <level>INFO</level>
  <class>com.kms.katalon.core.logging.XmlKeywordLogger</class>
  <method>logMessage</method>
  <thread>1</thread>
  <message>ContentSumInsure = 1000</message>
  <nestedLevel>1</nestedLevel>
</record>
<record>
  <date>2019-04-01T15:54:01</date>
  <millis>1554114241185</millis>
  <sequence>11</sequence>
  <level>START</level>
  <class>com.kms.katalon.core.logging.XmlKeywordLogger</class>
  <method>startKeyword</method>
  <thread>1</thread>
  <message>Start action : println(\&amp;quot;Using Type :\&amp;quot; + Type)</message>
  <nestedLevel>1</nestedLevel>
  <property name="startLine">16</property>
  <property name="stepIndex">1</property>
</record>
<record>
  <date>2019-04-01T15:54:01</date>
  <millis>1554114241189</millis>
  <sequence>12</sequence>
  <level>END</level>
  <class>com.kms.katalon.core.logging.XmlKeywordLogger</class>
  <method>endKeyword</method>
  <thread>1</thread>
  <message>End action : println(\&amp;quot;Using Type :\&amp;quot; + Type)</message>
  <nestedLevel>1</nestedLevel>
</record>
<record>
  <date>2019-04-01T15:54:01</date>
  <millis>1554114241189</millis>
  <sequence>13</sequence>
  <level>START</level>
  <class>com.kms.katalon.core.logging.XmlKeywordLogger</class>
  <method>startKeyword</method>
  <thread>1</thread>
  <message>Start action : sendRequest(findTestObject(\&amp;quot;BasicDemoProduct\&amp;quot;, [\&amp;quot;Type\&amp;quot;:Type, \&amp;quot;BuildingSumInsure\&amp;quot;:BuildingSumInsure, \&amp;quot;NoOfRoom\&amp;quot;:NoOfRoom, \&amp;quot;ContentSumInsure\&amp;quot;:ContentSumInsure]))</message>
  <nestedLevel>1</nestedLevel>
  <property name="startLine">17</property>
  <property name="stepIndex">2</property>
</record>
<record>
  <date>2019-04-01T15:54:09</date>
  <millis>1554114249272</millis>
  <sequence>17</sequence>
  <level>INFO</level>
  <class>com.kms.katalon.core.logging.XmlKeywordLogger</class>
  <method>logMessage</method>
  <thread>1</thread>
  <message>HAR: E:\\MarkitCore\\Katalon\\MarkitCoreWebService\\Reports\\BasicDemoProduct\\BasicDemoProduct\\20190401_155350\\requests\\main\\0.har</message>
  <nestedLevel>1</nestedLevel>
  <property name="harId">c1ffa2ee-cb86-4358-b546-afcb10a2b5b4</property>
</record>
<record>
  <date>2019-04-01T15:54:09</date>
  <millis>1554114249371</millis>
  <sequence>18</sequence>
  <level>PASSED</level>
  <class>com.kms.katalon.core.logging.XmlKeywordLogger</class>
  <method>logMessage</method>
  <thread>1</thread>
  <message>Send request successfully</message>
  <nestedLevel>1</nestedLevel>
</record>
<record>
  <date>2019-04-01T15:54:09</date>
  <millis>1554114249371</millis>
  <sequence>19</sequence>
  <level>END</level>
  <class>com.kms.katalon.core.logging.XmlKeywordLogger</class>
  <method>endKeyword</method>
  <thread>1</thread>
  <message>End action : sendRequest(findTestObject(\&amp;quot;BasicDemoProduct\&amp;quot;, [\&amp;quot;Type\&amp;quot;:Type, \&amp;quot;BuildingSumInsure\&amp;quot;:BuildingSumInsure, \&amp;quot;NoOfRoom\&amp;quot;:NoOfRoom, \&amp;quot;ContentSumInsure\&amp;quot;:ContentSumInsure]))</message>
  <nestedLevel>1</nestedLevel>
</record>
<record>
  <date>2019-04-01T15:54:09</date>
  <millis>1554114249372</millis>
  <sequence>20</sequence>
  <level>PASSED</level>
  <class>com.kms.katalon.core.logging.XmlKeywordLogger</class>
  <method>logMessage</method>
  <thread>1</thread>
  <message>Test Cases/BasicDemoProduct/BasicDemoProductData</message>
  <nestedLevel>1</nestedLevel>
</record>
<record>
  <date>2019-04-01T15:54:09</date>
  <millis>1554114249372</millis>
  <sequence>21</sequence>
  <level>END</level>
  <class>com.kms.katalon.core.logging.XmlKeywordLogger</class>
  <method>endTest</method>
  <thread>1</thread>
  <message>End Test Case : Test Cases/BasicDemoProduct/BasicDemoProductData</message>
  <nestedLevel>0</nestedLevel>
</record>
<record>
  <date>2019-04-01T15:54:09</date>
  <millis>1554114249446</millis>
  <sequence>22</sequence>
  <level>END</level>
  <class>com.kms.katalon.core.logging.XmlKeywordLogger</class>
  <method>endSuite</method>
  <thread>1</thread>
  <message>End Test Suite : Test Suites/BasicDemoProduct/BasicDemoProduct</message>
  <nestedLevel>0</nestedLevel>
</record>
</log>