<?xml version="1.0" encoding="UTF-8" standalone="no"?>
<!DOCTYPE log SYSTEM "logger.dtd">
<log>
<record>
  <date>2019-03-22T17:11:18</date>
  <millis>1553254878561</millis>
  <sequence>0</sequence>
  <level>START</level>
  <class>com.kms.katalon.core.logging.XmlKeywordLogger</class>
  <method>startSuite</method>
  <thread>1</thread>
  <message>Start Test Suite : Test Suites/DataDrivenDemo</message>
  <nestedLevel>0</nestedLevel>
  <property name="name">DataDrivenDemo</property>
  <property name="description"></property>
  <property name="id">Test Suites/DataDrivenDemo</property>
</record>
<record>
  <date>2019-03-22T17:11:18</date>
  <millis>1553254878575</millis>
  <sequence>1</sequence>
  <level>RUN_DATA</level>
  <class>com.kms.katalon.core.logging.XmlKeywordLogger</class>
  <method>logMessage</method>
  <thread>1</thread>
  <message>hostName = dipak - DIPAKDAS-PC.indusnettechnologies.com</message>
  <nestedLevel>0</nestedLevel>
  <property name="hostName">dipak - DIPAKDAS-PC.indusnettechnologies.com</property>
</record>
<record>
  <date>2019-03-22T17:11:18</date>
  <millis>1553254878576</millis>
  <sequence>2</sequence>
  <level>RUN_DATA</level>
  <class>com.kms.katalon.core.logging.XmlKeywordLogger</class>
  <method>logMessage</method>
  <thread>1</thread>
  <message>os = Windows 7 32bit</message>
  <nestedLevel>0</nestedLevel>
  <property name="os">Windows 7 32bit</property>
</record>
<record>
  <date>2019-03-22T17:11:18</date>
  <millis>1553254878576</millis>
  <sequence>3</sequence>
  <level>RUN_DATA</level>
  <class>com.kms.katalon.core.logging.XmlKeywordLogger</class>
  <method>logMessage</method>
  <thread>1</thread>
  <message>hostAddress = 10.0.12.237</message>
  <nestedLevel>0</nestedLevel>
  <property name="hostAddress">10.0.12.237</property>
</record>
<record>
  <date>2019-03-22T17:11:18</date>
  <millis>1553254878577</millis>
  <sequence>4</sequence>
  <level>RUN_DATA</level>
  <class>com.kms.katalon.core.logging.XmlKeywordLogger</class>
  <method>logMessage</method>
  <thread>1</thread>
  <message>katalonVersion = 6.0.5.4</message>
  <nestedLevel>0</nestedLevel>
  <property name="katalonVersion">6.0.5.4</property>
</record>
<record>
  <date>2019-03-22T17:11:18</date>
  <millis>1553254878744</millis>
  <sequence>5</sequence>
  <level>START</level>
  <class>com.kms.katalon.core.logging.XmlKeywordLogger</class>
  <method>startTest</method>
  <thread>1</thread>
  <message>Start Test Case : Test Cases/DataDrivenDemoTest</message>
  <nestedLevel>1</nestedLevel>
  <property name="name">Test Cases/DataDrivenDemoTest</property>
  <property name="description"></property>
  <property name="id">Test Cases/DataDrivenDemoTest</property>
  <property name="source">E:\\MarkitCore\\Katalon\\MarkitCoreWebService\\Test Cases\\DataDrivenDemoTest.tc</property>
  <property name="isOptional">false</property>
</record>
<record>
  <date>2019-03-22T17:11:18</date>
  <millis>1553254878758</millis>
  <sequence>7</sequence>
  <level>INFO</level>
  <class>com.kms.katalon.core.logging.XmlKeywordLogger</class>
  <method>logMessage</method>
  <thread>1</thread>
  <message>ProductCode = WSI</message>
  <nestedLevel>1</nestedLevel>
</record>
<record>
  <date>2019-03-22T17:11:18</date>
  <millis>1553254878758</millis>
  <sequence>8</sequence>
  <level>INFO</level>
  <class>com.kms.katalon.core.logging.XmlKeywordLogger</class>
  <method>logMessage</method>
  <thread>1</thread>
  <message>Sum_1 = 1000</message>
  <nestedLevel>1</nestedLevel>
</record>
<record>
  <date>2019-03-22T17:11:18</date>
  <millis>1553254878759</millis>
  <sequence>9</sequence>
  <level>INFO</level>
  <class>com.kms.katalon.core.logging.XmlKeywordLogger</class>
  <method>logMessage</method>
  <thread>1</thread>
  <message>Sum_2 = 2000</message>
  <nestedLevel>1</nestedLevel>
</record>
<record>
  <date>2019-03-22T17:11:18</date>
  <millis>1553254878759</millis>
  <sequence>10</sequence>
  <level>INFO</level>
  <class>com.kms.katalon.core.logging.XmlKeywordLogger</class>
  <method>logMessage</method>
  <thread>1</thread>
  <message>Sum_3 = 3000</message>
  <nestedLevel>1</nestedLevel>
</record>
<record>
  <date>2019-03-22T17:11:19</date>
  <millis>1553254879087</millis>
  <sequence>11</sequence>
  <level>START</level>
  <class>com.kms.katalon.core.logging.XmlKeywordLogger</class>
  <method>startKeyword</method>
  <thread>1</thread>
  <message>Start action : println(\&amp;quot;..Using Product Code :\&amp;quot; + ProductCode)</message>
  <nestedLevel>1</nestedLevel>
  <property name="startLine">16</property>
  <property name="stepIndex">1</property>
</record>
<record>
  <date>2019-03-22T17:11:19</date>
  <millis>1553254879091</millis>
  <sequence>12</sequence>
  <level>END</level>
  <class>com.kms.katalon.core.logging.XmlKeywordLogger</class>
  <method>endKeyword</method>
  <thread>1</thread>
  <message>End action : println(\&amp;quot;..Using Product Code :\&amp;quot; + ProductCode)</message>
  <nestedLevel>1</nestedLevel>
</record>
<record>
  <date>2019-03-22T17:11:19</date>
  <millis>1553254879091</millis>
  <sequence>13</sequence>
  <level>START</level>
  <class>com.kms.katalon.core.logging.XmlKeywordLogger</class>
  <method>startKeyword</method>
  <thread>1</thread>
  <message>Start action : sendRequest(findTestObject(\&amp;quot;POST\&amp;quot;, [\&amp;quot;Prod_Name\&amp;quot;:ProductCode]))</message>
  <nestedLevel>1</nestedLevel>
  <property name="startLine">18</property>
  <property name="stepIndex">2</property>
</record>
<record>
  <date>2019-03-22T17:11:21</date>
  <millis>1553254881085</millis>
  <sequence>17</sequence>
  <level>INFO</level>
  <class>com.kms.katalon.core.logging.XmlKeywordLogger</class>
  <method>logMessage</method>
  <thread>1</thread>
  <message>HAR: E:\\MarkitCore\\Katalon\\MarkitCoreWebService\\Reports\\DataDrivenDemo\\20190322_171116\\requests\\main\\0.har</message>
  <nestedLevel>1</nestedLevel>
  <property name="harId">be53911d-9172-41f5-824a-ce22341f9c94</property>
</record>
<record>
  <date>2019-03-22T17:11:21</date>
  <millis>1553254881169</millis>
  <sequence>18</sequence>
  <level>PASSED</level>
  <class>com.kms.katalon.core.logging.XmlKeywordLogger</class>
  <method>logMessage</method>
  <thread>1</thread>
  <message>Send request successfully</message>
  <nestedLevel>1</nestedLevel>
</record>
<record>
  <date>2019-03-22T17:11:21</date>
  <millis>1553254881170</millis>
  <sequence>19</sequence>
  <level>END</level>
  <class>com.kms.katalon.core.logging.XmlKeywordLogger</class>
  <method>endKeyword</method>
  <thread>1</thread>
  <message>End action : sendRequest(findTestObject(\&amp;quot;POST\&amp;quot;, [\&amp;quot;Prod_Name\&amp;quot;:ProductCode]))</message>
  <nestedLevel>1</nestedLevel>
</record>
<record>
  <date>2019-03-22T17:11:21</date>
  <millis>1553254881170</millis>
  <sequence>20</sequence>
  <level>START</level>
  <class>com.kms.katalon.core.logging.XmlKeywordLogger</class>
  <method>startKeyword</method>
  <thread>1</thread>
  <message>Start action : println(\&amp;quot;..Using Sum1 :\&amp;quot; + Sum_1)</message>
  <nestedLevel>1</nestedLevel>
  <property name="startLine">20</property>
  <property name="stepIndex">3</property>
</record>
<record>
  <date>2019-03-22T17:11:21</date>
  <millis>1553254881171</millis>
  <sequence>21</sequence>
  <level>END</level>
  <class>com.kms.katalon.core.logging.XmlKeywordLogger</class>
  <method>endKeyword</method>
  <thread>1</thread>
  <message>End action : println(\&amp;quot;..Using Sum1 :\&amp;quot; + Sum_1)</message>
  <nestedLevel>1</nestedLevel>
</record>
<record>
  <date>2019-03-22T17:11:21</date>
  <millis>1553254881171</millis>
  <sequence>22</sequence>
  <level>START</level>
  <class>com.kms.katalon.core.logging.XmlKeywordLogger</class>
  <method>startKeyword</method>
  <thread>1</thread>
  <message>Start action : sendRequest(findTestObject(\&amp;quot;POST\&amp;quot;, [\&amp;quot;Sum1\&amp;quot;:Sum_1]))</message>
  <nestedLevel>1</nestedLevel>
  <property name="startLine">22</property>
  <property name="stepIndex">4</property>
</record>
<record>
  <date>2019-03-22T17:11:21</date>
  <millis>1553254881383</millis>
  <sequence>25</sequence>
  <level>INFO</level>
  <class>com.kms.katalon.core.logging.XmlKeywordLogger</class>
  <method>logMessage</method>
  <thread>1</thread>
  <message>HAR: E:\\MarkitCore\\Katalon\\MarkitCoreWebService\\Reports\\DataDrivenDemo\\20190322_171116\\requests\\main\\1.har</message>
  <nestedLevel>1</nestedLevel>
  <property name="harId">fbbf6822-ad71-4381-9533-71db260bfedf</property>
</record>
<record>
  <date>2019-03-22T17:11:21</date>
  <millis>1553254881394</millis>
  <sequence>26</sequence>
  <level>PASSED</level>
  <class>com.kms.katalon.core.logging.XmlKeywordLogger</class>
  <method>logMessage</method>
  <thread>1</thread>
  <message>Send request successfully</message>
  <nestedLevel>1</nestedLevel>
</record>
<record>
  <date>2019-03-22T17:11:21</date>
  <millis>1553254881396</millis>
  <sequence>27</sequence>
  <level>END</level>
  <class>com.kms.katalon.core.logging.XmlKeywordLogger</class>
  <method>endKeyword</method>
  <thread>1</thread>
  <message>End action : sendRequest(findTestObject(\&amp;quot;POST\&amp;quot;, [\&amp;quot;Sum1\&amp;quot;:Sum_1]))</message>
  <nestedLevel>1</nestedLevel>
</record>
<record>
  <date>2019-03-22T17:11:21</date>
  <millis>1553254881396</millis>
  <sequence>28</sequence>
  <level>START</level>
  <class>com.kms.katalon.core.logging.XmlKeywordLogger</class>
  <method>startKeyword</method>
  <thread>1</thread>
  <message>Start action : println(\&amp;quot;..Using Sum2 :\&amp;quot; + Sum_2)</message>
  <nestedLevel>1</nestedLevel>
  <property name="startLine">24</property>
  <property name="stepIndex">5</property>
</record>
<record>
  <date>2019-03-22T17:11:21</date>
  <millis>1553254881397</millis>
  <sequence>29</sequence>
  <level>END</level>
  <class>com.kms.katalon.core.logging.XmlKeywordLogger</class>
  <method>endKeyword</method>
  <thread>1</thread>
  <message>End action : println(\&amp;quot;..Using Sum2 :\&amp;quot; + Sum_2)</message>
  <nestedLevel>1</nestedLevel>
</record>
<record>
  <date>2019-03-22T17:11:21</date>
  <millis>1553254881398</millis>
  <sequence>30</sequence>
  <level>START</level>
  <class>com.kms.katalon.core.logging.XmlKeywordLogger</class>
  <method>startKeyword</method>
  <thread>1</thread>
  <message>Start action : sendRequest(findTestObject(\&amp;quot;POST\&amp;quot;, [\&amp;quot;Sum2\&amp;quot;:Sum_2]))</message>
  <nestedLevel>1</nestedLevel>
  <property name="startLine">26</property>
  <property name="stepIndex">6</property>
</record>
<record>
  <date>2019-03-22T17:11:21</date>
  <millis>1553254881638</millis>
  <sequence>33</sequence>
  <level>INFO</level>
  <class>com.kms.katalon.core.logging.XmlKeywordLogger</class>
  <method>logMessage</method>
  <thread>1</thread>
  <message>HAR: E:\\MarkitCore\\Katalon\\MarkitCoreWebService\\Reports\\DataDrivenDemo\\20190322_171116\\requests\\main\\2.har</message>
  <nestedLevel>1</nestedLevel>
  <property name="harId">8c8978b8-2fbb-42d5-8de1-56856a4a860b</property>
</record>
<record>
  <date>2019-03-22T17:11:21</date>
  <millis>1553254881646</millis>
  <sequence>34</sequence>
  <level>PASSED</level>
  <class>com.kms.katalon.core.logging.XmlKeywordLogger</class>
  <method>logMessage</method>
  <thread>1</thread>
  <message>Send request successfully</message>
  <nestedLevel>1</nestedLevel>
</record>
<record>
  <date>2019-03-22T17:11:21</date>
  <millis>1553254881646</millis>
  <sequence>35</sequence>
  <level>END</level>
  <class>com.kms.katalon.core.logging.XmlKeywordLogger</class>
  <method>endKeyword</method>
  <thread>1</thread>
  <message>End action : sendRequest(findTestObject(\&amp;quot;POST\&amp;quot;, [\&amp;quot;Sum2\&amp;quot;:Sum_2]))</message>
  <nestedLevel>1</nestedLevel>
</record>
<record>
  <date>2019-03-22T17:11:21</date>
  <millis>1553254881646</millis>
  <sequence>36</sequence>
  <level>START</level>
  <class>com.kms.katalon.core.logging.XmlKeywordLogger</class>
  <method>startKeyword</method>
  <thread>1</thread>
  <message>Start action : println(\&amp;quot;..Using Sum3 :\&amp;quot; + Sum_3)</message>
  <nestedLevel>1</nestedLevel>
  <property name="startLine">28</property>
  <property name="stepIndex">7</property>
</record>
<record>
  <date>2019-03-22T17:11:21</date>
  <millis>1553254881647</millis>
  <sequence>37</sequence>
  <level>END</level>
  <class>com.kms.katalon.core.logging.XmlKeywordLogger</class>
  <method>endKeyword</method>
  <thread>1</thread>
  <message>End action : println(\&amp;quot;..Using Sum3 :\&amp;quot; + Sum_3)</message>
  <nestedLevel>1</nestedLevel>
</record>
<record>
  <date>2019-03-22T17:11:21</date>
  <millis>1553254881647</millis>
  <sequence>38</sequence>
  <level>START</level>
  <class>com.kms.katalon.core.logging.XmlKeywordLogger</class>
  <method>startKeyword</method>
  <thread>1</thread>
  <message>Start action : sendRequest(findTestObject(\&amp;quot;POST\&amp;quot;, [\&amp;quot;Sum3\&amp;quot;:Sum_3]))</message>
  <nestedLevel>1</nestedLevel>
  <property name="startLine">30</property>
  <property name="stepIndex">8</property>
</record>
<record>
  <date>2019-03-22T17:11:21</date>
  <millis>1553254881855</millis>
  <sequence>41</sequence>
  <level>INFO</level>
  <class>com.kms.katalon.core.logging.XmlKeywordLogger</class>
  <method>logMessage</method>
  <thread>1</thread>
  <message>HAR: E:\\MarkitCore\\Katalon\\MarkitCoreWebService\\Reports\\DataDrivenDemo\\20190322_171116\\requests\\main\\3.har</message>
  <nestedLevel>1</nestedLevel>
  <property name="harId">f80a415b-1a29-4b18-89cb-65e138b498a6</property>
</record>
<record>
  <date>2019-03-22T17:11:21</date>
  <millis>1553254881865</millis>
  <sequence>42</sequence>
  <level>PASSED</level>
  <class>com.kms.katalon.core.logging.XmlKeywordLogger</class>
  <method>logMessage</method>
  <thread>1</thread>
  <message>Send request successfully</message>
  <nestedLevel>1</nestedLevel>
</record>
<record>
  <date>2019-03-22T17:11:21</date>
  <millis>1553254881866</millis>
  <sequence>43</sequence>
  <level>END</level>
  <class>com.kms.katalon.core.logging.XmlKeywordLogger</class>
  <method>endKeyword</method>
  <thread>1</thread>
  <message>End action : sendRequest(findTestObject(\&amp;quot;POST\&amp;quot;, [\&amp;quot;Sum3\&amp;quot;:Sum_3]))</message>
  <nestedLevel>1</nestedLevel>
</record>
<record>
  <date>2019-03-22T17:11:21</date>
  <millis>1553254881866</millis>
  <sequence>44</sequence>
  <level>PASSED</level>
  <class>com.kms.katalon.core.logging.XmlKeywordLogger</class>
  <method>logMessage</method>
  <thread>1</thread>
  <message>Test Cases/DataDrivenDemoTest</message>
  <nestedLevel>1</nestedLevel>
</record>
<record>
  <date>2019-03-22T17:11:21</date>
  <millis>1553254881867</millis>
  <sequence>45</sequence>
  <level>END</level>
  <class>com.kms.katalon.core.logging.XmlKeywordLogger</class>
  <method>endTest</method>
  <thread>1</thread>
  <message>End Test Case : Test Cases/DataDrivenDemoTest</message>
  <nestedLevel>0</nestedLevel>
</record>
<record>
  <date>2019-03-22T17:11:21</date>
  <millis>1553254881937</millis>
  <sequence>46</sequence>
  <level>END</level>
  <class>com.kms.katalon.core.logging.XmlKeywordLogger</class>
  <method>endSuite</method>
  <thread>1</thread>
  <message>End Test Suite : Test Suites/DataDrivenDemo</message>
  <nestedLevel>0</nestedLevel>
</record>
</log>