<?xml version="1.0" encoding="UTF-8" standalone="no"?>
<!DOCTYPE log SYSTEM "logger.dtd">
<log>
<record>
  <date>2019-03-25T14:57:15</date>
  <millis>1553506035836</millis>
  <sequence>0</sequence>
  <level>START</level>
  <class>com.kms.katalon.core.logging.XmlKeywordLogger</class>
  <method>startSuite</method>
  <thread>1</thread>
  <message>Start Test Suite : Test Suites/DataDrivenDemo</message>
  <nestedLevel>0</nestedLevel>
  <property name="name">DataDrivenDemo</property>
  <property name="description"></property>
  <property name="id">Test Suites/DataDrivenDemo</property>
</record>
<record>
  <date>2019-03-25T14:57:15</date>
  <millis>1553506035874</millis>
  <sequence>1</sequence>
  <level>RUN_DATA</level>
  <class>com.kms.katalon.core.logging.XmlKeywordLogger</class>
  <method>logMessage</method>
  <thread>1</thread>
  <message>hostName = Pravakar - Pravakar-VAIO</message>
  <nestedLevel>0</nestedLevel>
  <property name="hostName">Pravakar - Pravakar-VAIO</property>
</record>
<record>
  <date>2019-03-25T14:57:15</date>
  <millis>1553506035876</millis>
  <sequence>2</sequence>
  <level>RUN_DATA</level>
  <class>com.kms.katalon.core.logging.XmlKeywordLogger</class>
  <method>logMessage</method>
  <thread>1</thread>
  <message>os = Windows 7 64bit</message>
  <nestedLevel>0</nestedLevel>
  <property name="os">Windows 7 64bit</property>
</record>
<record>
  <date>2019-03-25T14:57:15</date>
  <millis>1553506035877</millis>
  <sequence>3</sequence>
  <level>RUN_DATA</level>
  <class>com.kms.katalon.core.logging.XmlKeywordLogger</class>
  <method>logMessage</method>
  <thread>1</thread>
  <message>hostAddress = 10.0.12.9</message>
  <nestedLevel>0</nestedLevel>
  <property name="hostAddress">10.0.12.9</property>
</record>
<record>
  <date>2019-03-25T14:57:15</date>
  <millis>1553506035879</millis>
  <sequence>4</sequence>
  <level>RUN_DATA</level>
  <class>com.kms.katalon.core.logging.XmlKeywordLogger</class>
  <method>logMessage</method>
  <thread>1</thread>
  <message>katalonVersion = 6.0.4.7</message>
  <nestedLevel>0</nestedLevel>
  <property name="katalonVersion">6.0.4.7</property>
</record>
<record>
  <date>2019-03-25T14:57:16</date>
  <millis>1553506036395</millis>
  <sequence>5</sequence>
  <level>START</level>
  <class>com.kms.katalon.core.logging.XmlKeywordLogger</class>
  <method>startTest</method>
  <thread>1</thread>
  <message>Start Test Case : Test Cases/DataDrivenDemoTest</message>
  <nestedLevel>1</nestedLevel>
  <property name="name">Test Cases/DataDrivenDemoTest</property>
  <property name="description"></property>
  <property name="id">Test Cases/DataDrivenDemoTest</property>
  <property name="source">C:\\katalonwork\\Katalon\\MarkitCoreWebService\\Test Cases\\DataDrivenDemoTest.tc</property>
  <property name="isOptional">false</property>
</record>
<record>
  <date>2019-03-25T14:57:16</date>
  <millis>1553506036444</millis>
  <sequence>7</sequence>
  <level>INFO</level>
  <class>com.kms.katalon.core.logging.XmlKeywordLogger</class>
  <method>logMessage</method>
  <thread>1</thread>
  <message>ProductCode = WSI</message>
  <nestedLevel>1</nestedLevel>
</record>
<record>
  <date>2019-03-25T14:57:16</date>
  <millis>1553506036445</millis>
  <sequence>8</sequence>
  <level>INFO</level>
  <class>com.kms.katalon.core.logging.XmlKeywordLogger</class>
  <method>logMessage</method>
  <thread>1</thread>
  <message>Sum_1 = 1200</message>
  <nestedLevel>1</nestedLevel>
</record>
<record>
  <date>2019-03-25T14:57:16</date>
  <millis>1553506036446</millis>
  <sequence>9</sequence>
  <level>INFO</level>
  <class>com.kms.katalon.core.logging.XmlKeywordLogger</class>
  <method>logMessage</method>
  <thread>1</thread>
  <message>Sum_2 = 1001</message>
  <nestedLevel>1</nestedLevel>
</record>
<record>
  <date>2019-03-25T14:57:16</date>
  <millis>1553506036446</millis>
  <sequence>10</sequence>
  <level>INFO</level>
  <class>com.kms.katalon.core.logging.XmlKeywordLogger</class>
  <method>logMessage</method>
  <thread>1</thread>
  <message>Sum_3 = 2300</message>
  <nestedLevel>1</nestedLevel>
</record>
<record>
  <date>2019-03-25T14:57:16</date>
  <millis>1553506036447</millis>
  <sequence>11</sequence>
  <level>INFO</level>
  <class>com.kms.katalon.core.logging.XmlKeywordLogger</class>
  <method>logMessage</method>
  <thread>1</thread>
  <message>Sum_4 = 3333</message>
  <nestedLevel>1</nestedLevel>
</record>
<record>
  <date>2019-03-25T14:57:17</date>
  <millis>1553506037785</millis>
  <sequence>12</sequence>
  <level>START</level>
  <class>com.kms.katalon.core.logging.XmlKeywordLogger</class>
  <method>startKeyword</method>
  <thread>1</thread>
  <message>Start action : println(\&amp;quot;..Using Product Code :\&amp;quot; + ProductCode)</message>
  <nestedLevel>1</nestedLevel>
  <property name="startLine">16</property>
  <property name="stepIndex">1</property>
</record>
<record>
  <date>2019-03-25T14:57:17</date>
  <millis>1553506037803</millis>
  <sequence>13</sequence>
  <level>END</level>
  <class>com.kms.katalon.core.logging.XmlKeywordLogger</class>
  <method>endKeyword</method>
  <thread>1</thread>
  <message>End action : println(\&amp;quot;..Using Product Code :\&amp;quot; + ProductCode)</message>
  <nestedLevel>1</nestedLevel>
</record>
<record>
  <date>2019-03-25T14:57:17</date>
  <millis>1553506037805</millis>
  <sequence>14</sequence>
  <level>START</level>
  <class>com.kms.katalon.core.logging.XmlKeywordLogger</class>
  <method>startKeyword</method>
  <thread>1</thread>
  <message>Start action : sendRequest(findTestObject(\&amp;quot;POST\&amp;quot;, [\&amp;quot;Prod_Name\&amp;quot;:ProductCode]))</message>
  <nestedLevel>1</nestedLevel>
  <property name="startLine">18</property>
  <property name="stepIndex">2</property>
</record>
<record>
  <date>2019-03-25T14:57:23</date>
  <millis>1553506043125</millis>
  <sequence>18</sequence>
  <level>INFO</level>
  <class>com.kms.katalon.core.logging.XmlKeywordLogger</class>
  <method>logMessage</method>
  <thread>1</thread>
  <message>HAR: C:\\katalonwork\\Katalon\\MarkitCoreWebService\\Reports\\DataDrivenDemo\\20190325_145711\\requests\\main\\0.har</message>
  <nestedLevel>1</nestedLevel>
  <property name="harId">132c4571-cf3a-4aa4-89b6-d34922229a18</property>
</record>
<record>
  <date>2019-03-25T14:57:23</date>
  <millis>1553506043392</millis>
  <sequence>19</sequence>
  <level>PASSED</level>
  <class>com.kms.katalon.core.logging.XmlKeywordLogger</class>
  <method>logMessage</method>
  <thread>1</thread>
  <message>Send request successfully</message>
  <nestedLevel>1</nestedLevel>
</record>
<record>
  <date>2019-03-25T14:57:23</date>
  <millis>1553506043394</millis>
  <sequence>20</sequence>
  <level>END</level>
  <class>com.kms.katalon.core.logging.XmlKeywordLogger</class>
  <method>endKeyword</method>
  <thread>1</thread>
  <message>End action : sendRequest(findTestObject(\&amp;quot;POST\&amp;quot;, [\&amp;quot;Prod_Name\&amp;quot;:ProductCode]))</message>
  <nestedLevel>1</nestedLevel>
</record>
<record>
  <date>2019-03-25T14:57:23</date>
  <millis>1553506043395</millis>
  <sequence>21</sequence>
  <level>START</level>
  <class>com.kms.katalon.core.logging.XmlKeywordLogger</class>
  <method>startKeyword</method>
  <thread>1</thread>
  <message>Start action : println(\&amp;quot;..Using Sum1 :\&amp;quot; + Sum_1)</message>
  <nestedLevel>1</nestedLevel>
  <property name="startLine">20</property>
  <property name="stepIndex">3</property>
</record>
<record>
  <date>2019-03-25T14:57:23</date>
  <millis>1553506043397</millis>
  <sequence>22</sequence>
  <level>END</level>
  <class>com.kms.katalon.core.logging.XmlKeywordLogger</class>
  <method>endKeyword</method>
  <thread>1</thread>
  <message>End action : println(\&amp;quot;..Using Sum1 :\&amp;quot; + Sum_1)</message>
  <nestedLevel>1</nestedLevel>
</record>
<record>
  <date>2019-03-25T14:57:23</date>
  <millis>1553506043397</millis>
  <sequence>23</sequence>
  <level>START</level>
  <class>com.kms.katalon.core.logging.XmlKeywordLogger</class>
  <method>startKeyword</method>
  <thread>1</thread>
  <message>Start action : sendRequest(findTestObject(\&amp;quot;POST\&amp;quot;, [\&amp;quot;Sum1\&amp;quot;:Sum_1]))</message>
  <nestedLevel>1</nestedLevel>
  <property name="startLine">22</property>
  <property name="stepIndex">4</property>
</record>
<record>
  <date>2019-03-25T14:57:23</date>
  <millis>1553506043694</millis>
  <sequence>26</sequence>
  <level>INFO</level>
  <class>com.kms.katalon.core.logging.XmlKeywordLogger</class>
  <method>logMessage</method>
  <thread>1</thread>
  <message>HAR: C:\\katalonwork\\Katalon\\MarkitCoreWebService\\Reports\\DataDrivenDemo\\20190325_145711\\requests\\main\\1.har</message>
  <nestedLevel>1</nestedLevel>
  <property name="harId">27b2cbb5-45aa-43b0-99a0-ce3867a576ec</property>
</record>
<record>
  <date>2019-03-25T14:57:23</date>
  <millis>1553506043701</millis>
  <sequence>27</sequence>
  <level>PASSED</level>
  <class>com.kms.katalon.core.logging.XmlKeywordLogger</class>
  <method>logMessage</method>
  <thread>1</thread>
  <message>Send request successfully</message>
  <nestedLevel>1</nestedLevel>
</record>
<record>
  <date>2019-03-25T14:57:23</date>
  <millis>1553506043703</millis>
  <sequence>28</sequence>
  <level>END</level>
  <class>com.kms.katalon.core.logging.XmlKeywordLogger</class>
  <method>endKeyword</method>
  <thread>1</thread>
  <message>End action : sendRequest(findTestObject(\&amp;quot;POST\&amp;quot;, [\&amp;quot;Sum1\&amp;quot;:Sum_1]))</message>
  <nestedLevel>1</nestedLevel>
</record>
<record>
  <date>2019-03-25T14:57:23</date>
  <millis>1553506043704</millis>
  <sequence>29</sequence>
  <level>START</level>
  <class>com.kms.katalon.core.logging.XmlKeywordLogger</class>
  <method>startKeyword</method>
  <thread>1</thread>
  <message>Start action : println(\&amp;quot;..Using Sum2 :\&amp;quot; + Sum_2)</message>
  <nestedLevel>1</nestedLevel>
  <property name="startLine">24</property>
  <property name="stepIndex">5</property>
</record>
<record>
  <date>2019-03-25T14:57:23</date>
  <millis>1553506043707</millis>
  <sequence>30</sequence>
  <level>END</level>
  <class>com.kms.katalon.core.logging.XmlKeywordLogger</class>
  <method>endKeyword</method>
  <thread>1</thread>
  <message>End action : println(\&amp;quot;..Using Sum2 :\&amp;quot; + Sum_2)</message>
  <nestedLevel>1</nestedLevel>
</record>
<record>
  <date>2019-03-25T14:57:23</date>
  <millis>1553506043708</millis>
  <sequence>31</sequence>
  <level>START</level>
  <class>com.kms.katalon.core.logging.XmlKeywordLogger</class>
  <method>startKeyword</method>
  <thread>1</thread>
  <message>Start action : sendRequest(findTestObject(\&amp;quot;POST\&amp;quot;, [\&amp;quot;Sum2\&amp;quot;:Sum_2]))</message>
  <nestedLevel>1</nestedLevel>
  <property name="startLine">26</property>
  <property name="stepIndex">6</property>
</record>
<record>
  <date>2019-03-25T14:57:24</date>
  <millis>1553506044234</millis>
  <sequence>34</sequence>
  <level>INFO</level>
  <class>com.kms.katalon.core.logging.XmlKeywordLogger</class>
  <method>logMessage</method>
  <thread>1</thread>
  <message>HAR: C:\\katalonwork\\Katalon\\MarkitCoreWebService\\Reports\\DataDrivenDemo\\20190325_145711\\requests\\main\\2.har</message>
  <nestedLevel>1</nestedLevel>
  <property name="harId">b12b47d4-ac46-43cb-8ea9-9a8b66b9ee0f</property>
</record>
<record>
  <date>2019-03-25T14:57:24</date>
  <millis>1553506044240</millis>
  <sequence>35</sequence>
  <level>PASSED</level>
  <class>com.kms.katalon.core.logging.XmlKeywordLogger</class>
  <method>logMessage</method>
  <thread>1</thread>
  <message>Send request successfully</message>
  <nestedLevel>1</nestedLevel>
</record>
<record>
  <date>2019-03-25T14:57:24</date>
  <millis>1553506044241</millis>
  <sequence>36</sequence>
  <level>END</level>
  <class>com.kms.katalon.core.logging.XmlKeywordLogger</class>
  <method>endKeyword</method>
  <thread>1</thread>
  <message>End action : sendRequest(findTestObject(\&amp;quot;POST\&amp;quot;, [\&amp;quot;Sum2\&amp;quot;:Sum_2]))</message>
  <nestedLevel>1</nestedLevel>
</record>
<record>
  <date>2019-03-25T14:57:24</date>
  <millis>1553506044242</millis>
  <sequence>37</sequence>
  <level>START</level>
  <class>com.kms.katalon.core.logging.XmlKeywordLogger</class>
  <method>startKeyword</method>
  <thread>1</thread>
  <message>Start action : println(\&amp;quot;..Using Sum3 :\&amp;quot; + Sum_3)</message>
  <nestedLevel>1</nestedLevel>
  <property name="startLine">28</property>
  <property name="stepIndex">7</property>
</record>
<record>
  <date>2019-03-25T14:57:24</date>
  <millis>1553506044245</millis>
  <sequence>38</sequence>
  <level>END</level>
  <class>com.kms.katalon.core.logging.XmlKeywordLogger</class>
  <method>endKeyword</method>
  <thread>1</thread>
  <message>End action : println(\&amp;quot;..Using Sum3 :\&amp;quot; + Sum_3)</message>
  <nestedLevel>1</nestedLevel>
</record>
<record>
  <date>2019-03-25T14:57:24</date>
  <millis>1553506044246</millis>
  <sequence>39</sequence>
  <level>START</level>
  <class>com.kms.katalon.core.logging.XmlKeywordLogger</class>
  <method>startKeyword</method>
  <thread>1</thread>
  <message>Start action : sendRequest(findTestObject(\&amp;quot;POST\&amp;quot;, [\&amp;quot;Sum3\&amp;quot;:Sum_3]))</message>
  <nestedLevel>1</nestedLevel>
  <property name="startLine">30</property>
  <property name="stepIndex">8</property>
</record>
<record>
  <date>2019-03-25T14:57:24</date>
  <millis>1553506044766</millis>
  <sequence>42</sequence>
  <level>INFO</level>
  <class>com.kms.katalon.core.logging.XmlKeywordLogger</class>
  <method>logMessage</method>
  <thread>1</thread>
  <message>HAR: C:\\katalonwork\\Katalon\\MarkitCoreWebService\\Reports\\DataDrivenDemo\\20190325_145711\\requests\\main\\3.har</message>
  <nestedLevel>1</nestedLevel>
  <property name="harId">4aaf17cf-d597-4c75-baaa-9f2bc5be5261</property>
</record>
<record>
  <date>2019-03-25T14:57:24</date>
  <millis>1553506044772</millis>
  <sequence>43</sequence>
  <level>PASSED</level>
  <class>com.kms.katalon.core.logging.XmlKeywordLogger</class>
  <method>logMessage</method>
  <thread>1</thread>
  <message>Send request successfully</message>
  <nestedLevel>1</nestedLevel>
</record>
<record>
  <date>2019-03-25T14:57:24</date>
  <millis>1553506044774</millis>
  <sequence>44</sequence>
  <level>END</level>
  <class>com.kms.katalon.core.logging.XmlKeywordLogger</class>
  <method>endKeyword</method>
  <thread>1</thread>
  <message>End action : sendRequest(findTestObject(\&amp;quot;POST\&amp;quot;, [\&amp;quot;Sum3\&amp;quot;:Sum_3]))</message>
  <nestedLevel>1</nestedLevel>
</record>
<record>
  <date>2019-03-25T14:57:24</date>
  <millis>1553506044774</millis>
  <sequence>45</sequence>
  <level>START</level>
  <class>com.kms.katalon.core.logging.XmlKeywordLogger</class>
  <method>startKeyword</method>
  <thread>1</thread>
  <message>Start action : println(\&amp;quot;..Using Sum4 :\&amp;quot; + Sum_4)</message>
  <nestedLevel>1</nestedLevel>
  <property name="startLine">32</property>
  <property name="stepIndex">9</property>
</record>
<record>
  <date>2019-03-25T14:57:24</date>
  <millis>1553506044777</millis>
  <sequence>46</sequence>
  <level>END</level>
  <class>com.kms.katalon.core.logging.XmlKeywordLogger</class>
  <method>endKeyword</method>
  <thread>1</thread>
  <message>End action : println(\&amp;quot;..Using Sum4 :\&amp;quot; + Sum_4)</message>
  <nestedLevel>1</nestedLevel>
</record>
<record>
  <date>2019-03-25T14:57:24</date>
  <millis>1553506044778</millis>
  <sequence>47</sequence>
  <level>START</level>
  <class>com.kms.katalon.core.logging.XmlKeywordLogger</class>
  <method>startKeyword</method>
  <thread>1</thread>
  <message>Start action : sendRequest(findTestObject(\&amp;quot;POST\&amp;quot;, [\&amp;quot;Sum4\&amp;quot;:Sum_4]))</message>
  <nestedLevel>1</nestedLevel>
  <property name="startLine">34</property>
  <property name="stepIndex">10</property>
</record>
<record>
  <date>2019-03-25T14:57:25</date>
  <millis>1553506045151</millis>
  <sequence>50</sequence>
  <level>INFO</level>
  <class>com.kms.katalon.core.logging.XmlKeywordLogger</class>
  <method>logMessage</method>
  <thread>1</thread>
  <message>HAR: C:\\katalonwork\\Katalon\\MarkitCoreWebService\\Reports\\DataDrivenDemo\\20190325_145711\\requests\\main\\4.har</message>
  <nestedLevel>1</nestedLevel>
  <property name="harId">125619f0-815c-4d5d-b787-f53993b9fc39</property>
</record>
<record>
  <date>2019-03-25T14:57:25</date>
  <millis>1553506045157</millis>
  <sequence>51</sequence>
  <level>PASSED</level>
  <class>com.kms.katalon.core.logging.XmlKeywordLogger</class>
  <method>logMessage</method>
  <thread>1</thread>
  <message>Send request successfully</message>
  <nestedLevel>1</nestedLevel>
</record>
<record>
  <date>2019-03-25T14:57:25</date>
  <millis>1553506045158</millis>
  <sequence>52</sequence>
  <level>END</level>
  <class>com.kms.katalon.core.logging.XmlKeywordLogger</class>
  <method>endKeyword</method>
  <thread>1</thread>
  <message>End action : sendRequest(findTestObject(\&amp;quot;POST\&amp;quot;, [\&amp;quot;Sum4\&amp;quot;:Sum_4]))</message>
  <nestedLevel>1</nestedLevel>
</record>
<record>
  <date>2019-03-25T14:57:25</date>
  <millis>1553506045158</millis>
  <sequence>53</sequence>
  <level>PASSED</level>
  <class>com.kms.katalon.core.logging.XmlKeywordLogger</class>
  <method>logMessage</method>
  <thread>1</thread>
  <message>Test Cases/DataDrivenDemoTest</message>
  <nestedLevel>1</nestedLevel>
</record>
<record>
  <date>2019-03-25T14:57:25</date>
  <millis>1553506045159</millis>
  <sequence>54</sequence>
  <level>END</level>
  <class>com.kms.katalon.core.logging.XmlKeywordLogger</class>
  <method>endTest</method>
  <thread>1</thread>
  <message>End Test Case : Test Cases/DataDrivenDemoTest</message>
  <nestedLevel>0</nestedLevel>
</record>
<record>
  <date>2019-03-25T14:57:25</date>
  <millis>1553506045169</millis>
  <sequence>55</sequence>
  <level>START</level>
  <class>com.kms.katalon.core.logging.XmlKeywordLogger</class>
  <method>startTest</method>
  <thread>1</thread>
  <message>Start Test Case : Test Cases/DataDrivenDemoTest</message>
  <nestedLevel>1</nestedLevel>
  <property name="name">Test Cases/DataDrivenDemoTest</property>
  <property name="description"></property>
  <property name="id">Test Cases/DataDrivenDemoTest</property>
  <property name="source">C:\\katalonwork\\Katalon\\MarkitCoreWebService\\Test Cases\\DataDrivenDemoTest.tc</property>
  <property name="isOptional">false</property>
</record>
<record>
  <date>2019-03-25T14:57:25</date>
  <millis>1553506045192</millis>
  <sequence>57</sequence>
  <level>INFO</level>
  <class>com.kms.katalon.core.logging.XmlKeywordLogger</class>
  <method>logMessage</method>
  <thread>1</thread>
  <message>ProductCode = WSI</message>
  <nestedLevel>1</nestedLevel>
</record>
<record>
  <date>2019-03-25T14:57:25</date>
  <millis>1553506045193</millis>
  <sequence>58</sequence>
  <level>INFO</level>
  <class>com.kms.katalon.core.logging.XmlKeywordLogger</class>
  <method>logMessage</method>
  <thread>1</thread>
  <message>Sum_1 = 1500</message>
  <nestedLevel>1</nestedLevel>
</record>
<record>
  <date>2019-03-25T14:57:25</date>
  <millis>1553506045194</millis>
  <sequence>59</sequence>
  <level>INFO</level>
  <class>com.kms.katalon.core.logging.XmlKeywordLogger</class>
  <method>logMessage</method>
  <thread>1</thread>
  <message>Sum_2 = 2000</message>
  <nestedLevel>1</nestedLevel>
</record>
<record>
  <date>2019-03-25T14:57:25</date>
  <millis>1553506045194</millis>
  <sequence>60</sequence>
  <level>INFO</level>
  <class>com.kms.katalon.core.logging.XmlKeywordLogger</class>
  <method>logMessage</method>
  <thread>1</thread>
  <message>Sum_3 = 3000</message>
  <nestedLevel>1</nestedLevel>
</record>
<record>
  <date>2019-03-25T14:57:25</date>
  <millis>1553506045195</millis>
  <sequence>61</sequence>
  <level>INFO</level>
  <class>com.kms.katalon.core.logging.XmlKeywordLogger</class>
  <method>logMessage</method>
  <thread>1</thread>
  <message>Sum_4 = 4000</message>
  <nestedLevel>1</nestedLevel>
</record>
<record>
  <date>2019-03-25T14:57:25</date>
  <millis>1553506045199</millis>
  <sequence>62</sequence>
  <level>START</level>
  <class>com.kms.katalon.core.logging.XmlKeywordLogger</class>
  <method>startKeyword</method>
  <thread>1</thread>
  <message>Start action : println(\&amp;quot;..Using Product Code :\&amp;quot; + ProductCode)</message>
  <nestedLevel>1</nestedLevel>
  <property name="startLine">16</property>
  <property name="stepIndex">1</property>
</record>
<record>
  <date>2019-03-25T14:57:25</date>
  <millis>1553506045201</millis>
  <sequence>63</sequence>
  <level>END</level>
  <class>com.kms.katalon.core.logging.XmlKeywordLogger</class>
  <method>endKeyword</method>
  <thread>1</thread>
  <message>End action : println(\&amp;quot;..Using Product Code :\&amp;quot; + ProductCode)</message>
  <nestedLevel>1</nestedLevel>
</record>
<record>
  <date>2019-03-25T14:57:25</date>
  <millis>1553506045201</millis>
  <sequence>64</sequence>
  <level>START</level>
  <class>com.kms.katalon.core.logging.XmlKeywordLogger</class>
  <method>startKeyword</method>
  <thread>1</thread>
  <message>Start action : sendRequest(findTestObject(\&amp;quot;POST\&amp;quot;, [\&amp;quot;Prod_Name\&amp;quot;:ProductCode]))</message>
  <nestedLevel>1</nestedLevel>
  <property name="startLine">18</property>
  <property name="stepIndex">2</property>
</record>
<record>
  <date>2019-03-25T14:57:25</date>
  <millis>1553506045583</millis>
  <sequence>68</sequence>
  <level>INFO</level>
  <class>com.kms.katalon.core.logging.XmlKeywordLogger</class>
  <method>logMessage</method>
  <thread>1</thread>
  <message>HAR: C:\\katalonwork\\Katalon\\MarkitCoreWebService\\Reports\\DataDrivenDemo\\20190325_145711\\requests\\main\\5.har</message>
  <nestedLevel>1</nestedLevel>
  <property name="harId">748ab381-c173-4c65-81cc-8fc829aa1bd6</property>
</record>
<record>
  <date>2019-03-25T14:57:25</date>
  <millis>1553506045588</millis>
  <sequence>69</sequence>
  <level>PASSED</level>
  <class>com.kms.katalon.core.logging.XmlKeywordLogger</class>
  <method>logMessage</method>
  <thread>1</thread>
  <message>Send request successfully</message>
  <nestedLevel>1</nestedLevel>
</record>
<record>
  <date>2019-03-25T14:57:25</date>
  <millis>1553506045589</millis>
  <sequence>70</sequence>
  <level>END</level>
  <class>com.kms.katalon.core.logging.XmlKeywordLogger</class>
  <method>endKeyword</method>
  <thread>1</thread>
  <message>End action : sendRequest(findTestObject(\&amp;quot;POST\&amp;quot;, [\&amp;quot;Prod_Name\&amp;quot;:ProductCode]))</message>
  <nestedLevel>1</nestedLevel>
</record>
<record>
  <date>2019-03-25T14:57:25</date>
  <millis>1553506045589</millis>
  <sequence>71</sequence>
  <level>START</level>
  <class>com.kms.katalon.core.logging.XmlKeywordLogger</class>
  <method>startKeyword</method>
  <thread>1</thread>
  <message>Start action : println(\&amp;quot;..Using Sum1 :\&amp;quot; + Sum_1)</message>
  <nestedLevel>1</nestedLevel>
  <property name="startLine">20</property>
  <property name="stepIndex">3</property>
</record>
<record>
  <date>2019-03-25T14:57:25</date>
  <millis>1553506045590</millis>
  <sequence>72</sequence>
  <level>END</level>
  <class>com.kms.katalon.core.logging.XmlKeywordLogger</class>
  <method>endKeyword</method>
  <thread>1</thread>
  <message>End action : println(\&amp;quot;..Using Sum1 :\&amp;quot; + Sum_1)</message>
  <nestedLevel>1</nestedLevel>
</record>
<record>
  <date>2019-03-25T14:57:25</date>
  <millis>1553506045591</millis>
  <sequence>73</sequence>
  <level>START</level>
  <class>com.kms.katalon.core.logging.XmlKeywordLogger</class>
  <method>startKeyword</method>
  <thread>1</thread>
  <message>Start action : sendRequest(findTestObject(\&amp;quot;POST\&amp;quot;, [\&amp;quot;Sum1\&amp;quot;:Sum_1]))</message>
  <nestedLevel>1</nestedLevel>
  <property name="startLine">22</property>
  <property name="stepIndex">4</property>
</record>
<record>
  <date>2019-03-25T14:57:25</date>
  <millis>1553506045842</millis>
  <sequence>76</sequence>
  <level>INFO</level>
  <class>com.kms.katalon.core.logging.XmlKeywordLogger</class>
  <method>logMessage</method>
  <thread>1</thread>
  <message>HAR: C:\\katalonwork\\Katalon\\MarkitCoreWebService\\Reports\\DataDrivenDemo\\20190325_145711\\requests\\main\\6.har</message>
  <nestedLevel>1</nestedLevel>
  <property name="harId">f396dbea-2e80-4714-bf53-6feb9d8e3cff</property>
</record>
<record>
  <date>2019-03-25T14:57:25</date>
  <millis>1553506045846</millis>
  <sequence>77</sequence>
  <level>PASSED</level>
  <class>com.kms.katalon.core.logging.XmlKeywordLogger</class>
  <method>logMessage</method>
  <thread>1</thread>
  <message>Send request successfully</message>
  <nestedLevel>1</nestedLevel>
</record>
<record>
  <date>2019-03-25T14:57:25</date>
  <millis>1553506045847</millis>
  <sequence>78</sequence>
  <level>END</level>
  <class>com.kms.katalon.core.logging.XmlKeywordLogger</class>
  <method>endKeyword</method>
  <thread>1</thread>
  <message>End action : sendRequest(findTestObject(\&amp;quot;POST\&amp;quot;, [\&amp;quot;Sum1\&amp;quot;:Sum_1]))</message>
  <nestedLevel>1</nestedLevel>
</record>
<record>
  <date>2019-03-25T14:57:25</date>
  <millis>1553506045848</millis>
  <sequence>79</sequence>
  <level>START</level>
  <class>com.kms.katalon.core.logging.XmlKeywordLogger</class>
  <method>startKeyword</method>
  <thread>1</thread>
  <message>Start action : println(\&amp;quot;..Using Sum2 :\&amp;quot; + Sum_2)</message>
  <nestedLevel>1</nestedLevel>
  <property name="startLine">24</property>
  <property name="stepIndex">5</property>
</record>
<record>
  <date>2019-03-25T14:57:25</date>
  <millis>1553506045849</millis>
  <sequence>80</sequence>
  <level>END</level>
  <class>com.kms.katalon.core.logging.XmlKeywordLogger</class>
  <method>endKeyword</method>
  <thread>1</thread>
  <message>End action : println(\&amp;quot;..Using Sum2 :\&amp;quot; + Sum_2)</message>
  <nestedLevel>1</nestedLevel>
</record>
<record>
  <date>2019-03-25T14:57:25</date>
  <millis>1553506045850</millis>
  <sequence>81</sequence>
  <level>START</level>
  <class>com.kms.katalon.core.logging.XmlKeywordLogger</class>
  <method>startKeyword</method>
  <thread>1</thread>
  <message>Start action : sendRequest(findTestObject(\&amp;quot;POST\&amp;quot;, [\&amp;quot;Sum2\&amp;quot;:Sum_2]))</message>
  <nestedLevel>1</nestedLevel>
  <property name="startLine">26</property>
  <property name="stepIndex">6</property>
</record>
<record>
  <date>2019-03-25T14:57:26</date>
  <millis>1553506046142</millis>
  <sequence>84</sequence>
  <level>INFO</level>
  <class>com.kms.katalon.core.logging.XmlKeywordLogger</class>
  <method>logMessage</method>
  <thread>1</thread>
  <message>HAR: C:\\katalonwork\\Katalon\\MarkitCoreWebService\\Reports\\DataDrivenDemo\\20190325_145711\\requests\\main\\7.har</message>
  <nestedLevel>1</nestedLevel>
  <property name="harId">9a1fcafc-4081-47a5-8475-f5e234612a64</property>
</record>
<record>
  <date>2019-03-25T14:57:26</date>
  <millis>1553506046145</millis>
  <sequence>85</sequence>
  <level>PASSED</level>
  <class>com.kms.katalon.core.logging.XmlKeywordLogger</class>
  <method>logMessage</method>
  <thread>1</thread>
  <message>Send request successfully</message>
  <nestedLevel>1</nestedLevel>
</record>
<record>
  <date>2019-03-25T14:57:26</date>
  <millis>1553506046147</millis>
  <sequence>86</sequence>
  <level>END</level>
  <class>com.kms.katalon.core.logging.XmlKeywordLogger</class>
  <method>endKeyword</method>
  <thread>1</thread>
  <message>End action : sendRequest(findTestObject(\&amp;quot;POST\&amp;quot;, [\&amp;quot;Sum2\&amp;quot;:Sum_2]))</message>
  <nestedLevel>1</nestedLevel>
</record>
<record>
  <date>2019-03-25T14:57:26</date>
  <millis>1553506046147</millis>
  <sequence>87</sequence>
  <level>START</level>
  <class>com.kms.katalon.core.logging.XmlKeywordLogger</class>
  <method>startKeyword</method>
  <thread>1</thread>
  <message>Start action : println(\&amp;quot;..Using Sum3 :\&amp;quot; + Sum_3)</message>
  <nestedLevel>1</nestedLevel>
  <property name="startLine">28</property>
  <property name="stepIndex">7</property>
</record>
<record>
  <date>2019-03-25T14:57:26</date>
  <millis>1553506046149</millis>
  <sequence>88</sequence>
  <level>END</level>
  <class>com.kms.katalon.core.logging.XmlKeywordLogger</class>
  <method>endKeyword</method>
  <thread>1</thread>
  <message>End action : println(\&amp;quot;..Using Sum3 :\&amp;quot; + Sum_3)</message>
  <nestedLevel>1</nestedLevel>
</record>
<record>
  <date>2019-03-25T14:57:26</date>
  <millis>1553506046149</millis>
  <sequence>89</sequence>
  <level>START</level>
  <class>com.kms.katalon.core.logging.XmlKeywordLogger</class>
  <method>startKeyword</method>
  <thread>1</thread>
  <message>Start action : sendRequest(findTestObject(\&amp;quot;POST\&amp;quot;, [\&amp;quot;Sum3\&amp;quot;:Sum_3]))</message>
  <nestedLevel>1</nestedLevel>
  <property name="startLine">30</property>
  <property name="stepIndex">8</property>
</record>
<record>
  <date>2019-03-25T14:57:26</date>
  <millis>1553506046487</millis>
  <sequence>92</sequence>
  <level>INFO</level>
  <class>com.kms.katalon.core.logging.XmlKeywordLogger</class>
  <method>logMessage</method>
  <thread>1</thread>
  <message>HAR: C:\\katalonwork\\Katalon\\MarkitCoreWebService\\Reports\\DataDrivenDemo\\20190325_145711\\requests\\main\\8.har</message>
  <nestedLevel>1</nestedLevel>
  <property name="harId">9e89bc92-5077-4c71-b305-d9e54ec3b629</property>
</record>
<record>
  <date>2019-03-25T14:57:26</date>
  <millis>1553506046611</millis>
  <sequence>93</sequence>
  <level>PASSED</level>
  <class>com.kms.katalon.core.logging.XmlKeywordLogger</class>
  <method>logMessage</method>
  <thread>1</thread>
  <message>Send request successfully</message>
  <nestedLevel>1</nestedLevel>
</record>
<record>
  <date>2019-03-25T14:57:26</date>
  <millis>1553506046613</millis>
  <sequence>94</sequence>
  <level>END</level>
  <class>com.kms.katalon.core.logging.XmlKeywordLogger</class>
  <method>endKeyword</method>
  <thread>1</thread>
  <message>End action : sendRequest(findTestObject(\&amp;quot;POST\&amp;quot;, [\&amp;quot;Sum3\&amp;quot;:Sum_3]))</message>
  <nestedLevel>1</nestedLevel>
</record>
<record>
  <date>2019-03-25T14:57:26</date>
  <millis>1553506046613</millis>
  <sequence>95</sequence>
  <level>START</level>
  <class>com.kms.katalon.core.logging.XmlKeywordLogger</class>
  <method>startKeyword</method>
  <thread>1</thread>
  <message>Start action : println(\&amp;quot;..Using Sum4 :\&amp;quot; + Sum_4)</message>
  <nestedLevel>1</nestedLevel>
  <property name="startLine">32</property>
  <property name="stepIndex">9</property>
</record>
<record>
  <date>2019-03-25T14:57:26</date>
  <millis>1553506046614</millis>
  <sequence>96</sequence>
  <level>END</level>
  <class>com.kms.katalon.core.logging.XmlKeywordLogger</class>
  <method>endKeyword</method>
  <thread>1</thread>
  <message>End action : println(\&amp;quot;..Using Sum4 :\&amp;quot; + Sum_4)</message>
  <nestedLevel>1</nestedLevel>
</record>
<record>
  <date>2019-03-25T14:57:26</date>
  <millis>1553506046615</millis>
  <sequence>97</sequence>
  <level>START</level>
  <class>com.kms.katalon.core.logging.XmlKeywordLogger</class>
  <method>startKeyword</method>
  <thread>1</thread>
  <message>Start action : sendRequest(findTestObject(\&amp;quot;POST\&amp;quot;, [\&amp;quot;Sum4\&amp;quot;:Sum_4]))</message>
  <nestedLevel>1</nestedLevel>
  <property name="startLine">34</property>
  <property name="stepIndex">10</property>
</record>
<record>
  <date>2019-03-25T14:57:26</date>
  <millis>1553506046882</millis>
  <sequence>100</sequence>
  <level>INFO</level>
  <class>com.kms.katalon.core.logging.XmlKeywordLogger</class>
  <method>logMessage</method>
  <thread>1</thread>
  <message>HAR: C:\\katalonwork\\Katalon\\MarkitCoreWebService\\Reports\\DataDrivenDemo\\20190325_145711\\requests\\main\\9.har</message>
  <nestedLevel>1</nestedLevel>
  <property name="harId">cafa594c-8008-4cc3-b9fe-2ea214e38886</property>
</record>
<record>
  <date>2019-03-25T14:57:26</date>
  <millis>1553506046887</millis>
  <sequence>101</sequence>
  <level>PASSED</level>
  <class>com.kms.katalon.core.logging.XmlKeywordLogger</class>
  <method>logMessage</method>
  <thread>1</thread>
  <message>Send request successfully</message>
  <nestedLevel>1</nestedLevel>
</record>
<record>
  <date>2019-03-25T14:57:26</date>
  <millis>1553506046888</millis>
  <sequence>102</sequence>
  <level>END</level>
  <class>com.kms.katalon.core.logging.XmlKeywordLogger</class>
  <method>endKeyword</method>
  <thread>1</thread>
  <message>End action : sendRequest(findTestObject(\&amp;quot;POST\&amp;quot;, [\&amp;quot;Sum4\&amp;quot;:Sum_4]))</message>
  <nestedLevel>1</nestedLevel>
</record>
<record>
  <date>2019-03-25T14:57:26</date>
  <millis>1553506046888</millis>
  <sequence>103</sequence>
  <level>PASSED</level>
  <class>com.kms.katalon.core.logging.XmlKeywordLogger</class>
  <method>logMessage</method>
  <thread>1</thread>
  <message>Test Cases/DataDrivenDemoTest</message>
  <nestedLevel>1</nestedLevel>
</record>
<record>
  <date>2019-03-25T14:57:26</date>
  <millis>1553506046890</millis>
  <sequence>104</sequence>
  <level>END</level>
  <class>com.kms.katalon.core.logging.XmlKeywordLogger</class>
  <method>endTest</method>
  <thread>1</thread>
  <message>End Test Case : Test Cases/DataDrivenDemoTest</message>
  <nestedLevel>0</nestedLevel>
</record>
<record>
  <date>2019-03-25T14:57:27</date>
  <millis>1553506047020</millis>
  <sequence>105</sequence>
  <level>END</level>
  <class>com.kms.katalon.core.logging.XmlKeywordLogger</class>
  <method>endSuite</method>
  <thread>1</thread>
  <message>End Test Suite : Test Suites/DataDrivenDemo</message>
  <nestedLevel>0</nestedLevel>
</record>
</log>